<?xml version="1.0" encoding="UTF-8"?>
<TestRun id="3793405e-c154-443c-b47b-bf39088a8424" name="Usuario@NTIVAN 2016-01-13 08:06:01" runUser="NTIVAN\Usuario" xmlns="http://microsoft.com/schemas/VisualStudio/TeamTest/2006">
  <TestRunConfiguration name="Ejecución de pruebas local" id="66229d8a-0786-4fe6-9883-e14c2d82a233">
    <Description>Configuración de ejecución de pruebas predeterminada para una ejecución de pruebas local.</Description>
    <Deployment runDeploymentRoot="D:\Proyectos.Net\Electrodomesticos\TestResults\Usuario_NTIVAN 2016-01-13 08_06_01">
      <DeploymentItem filename="D:\Proyectos.Net\Electrodomesticos\obj\Debug\AxInterop.AcroPDFLib.dll" />
      <DeploymentItem filename="D:\Proyectos.Net\Electrodomesticos\obj\Debug\Interop.OCXFISLib.dll" />
      <DeploymentItem filename="D:\Proyectos.Net\Electrodomesticos\bin\Debug\Super.exe" />
      <DeploymentItem filename="D:\Proyectos.Net\Electrodomesticos\FiscalNET.dll" />
      <DeploymentItem filename="D:\Proyectos.Net\Electrodomesticos\obj\Debug\Interop.AcroPDFLib.dll" />
    </Deployment>
    <TestTypeSpecific />
  </TestRunConfiguration>
  <ResultSummary outcome="Failed">
    <Counters total="55" executed="55" error="0" failed="37" timeout="0" aborted="0" inconclusive="18" passedButRunAborted="0" notRunnable="0" notExecuted="0" disconnected="0" warning="0" passed="0" completed="0" inProgress="0" pending="0" />
  </ResultSummary>
  <Times creation="2016-01-13T08:06:01.7154934-03:00" queuing="2016-01-13T08:06:04.0192733-03:00" start="2016-01-13T08:06:04.4595897-03:00" finish="2016-01-13T08:06:06.5302978-03:00" />
  <TestDefinitions>
    <UnitTest name="CachedCryReciboConstructorTest" storage="d:\proyectos.net\electrodomesticos\testproject1\bin\debug\testproject1.dll" id="0055ee27-db03-15f0-b36a-b90c6f40ca44">
      <Css projectStructure="" iteration="" />
      <Owners>
        <Owner name="" />
      </Owners>
      <Execution id="eb6d993f-c8ab-4867-8b8f-1a1f0c908f92" />
      <TestMethod codeBase="D:\Proyectos.Net\Electrodomesticos\TestProject1\bin\Debug\TestProject1.dll" adapterTypeName="Microsoft.VisualStudio.TestTools.TestTypes.Unit.UnitTestAdapter, Microsoft.VisualStudio.QualityTools.Tips.UnitTest.Adapter, Version=9.0.0.0, Culture=neutral, PublicKeyToken=b03f5f7f11d50a3a" className="TestProject1.CachedCryReciboTest, TestProject1" name="CachedCryReciboConstructorTest" />
    </UnitTest>
    <UnitTest name="CreateReportTest" storage="d:\proyectos.net\electrodomesticos\testproject1\bin\debug\testproject1.dll" id="3c43767c-9985-e5c5-7666-b7f244210708">
      <Css projectStructure="" iteration="" />
      <Owners>
        <Owner name="" />
      </Owners>
      <Execution id="9a8c2b58-815d-460d-9ba7-2559c64b934d" />
      <TestMethod codeBase="D:\Proyectos.Net\Electrodomesticos\TestProject1\bin\Debug\TestProject1.dll" adapterTypeName="Microsoft.VisualStudio.TestTools.TestTypes.Unit.UnitTestAdapter, Microsoft.VisualStudio.QualityTools.Tips.UnitTest.Adapter, Version=9.0.0.0, Culture=neutral, PublicKeyToken=b03f5f7f11d50a3a" className="TestProject1.CachedCryReciboTest, TestProject1" name="CreateReportTest" />
    </UnitTest>
    <UnitTest name="ShareDBLogonInfoTest" storage="d:\proyectos.net\electrodomesticos\testproject1\bin\debug\testproject1.dll" id="1dc52c5d-3e37-e198-b650-867f9ba58074">
      <Css projectStructure="" iteration="" />
      <Owners>
        <Owner name="" />
      </Owners>
      <Execution id="83c925fb-13db-489a-808a-5f743defbb7a" />
      <TestMethod codeBase="D:\Proyectos.Net\Electrodomesticos\TestProject1\bin\Debug\TestProject1.dll" adapterTypeName="Microsoft.VisualStudio.TestTools.TestTypes.Unit.UnitTestAdapter, Microsoft.VisualStudio.QualityTools.Tips.UnitTest.Adapter, Version=9.0.0.0, Culture=neutral, PublicKeyToken=b03f5f7f11d50a3a" className="TestProject1.CachedCryRcuenProTest, TestProject1" name="ShareDBLogonInfoTest" />
    </UnitTest>
    <UnitTest name="IsCacheableTest" storage="d:\proyectos.net\electrodomesticos\testproject1\bin\debug\testproject1.dll" id="2bc9b6b4-89c6-0eab-e860-e2886e7ed26b">
      <Css projectStructure="" iteration="" />
      <Owners>
        <Owner name="" />
      </Owners>
      <Execution id="2ca7ba7f-0345-4c38-8a19-c0380dd20b54" />
      <TestMethod codeBase="D:\Proyectos.Net\Electrodomesticos\TestProject1\bin\Debug\TestProject1.dll" adapterTypeName="Microsoft.VisualStudio.TestTools.TestTypes.Unit.UnitTestAdapter, Microsoft.VisualStudio.QualityTools.Tips.UnitTest.Adapter, Version=9.0.0.0, Culture=neutral, PublicKeyToken=b03f5f7f11d50a3a" className="TestProject1.CachedCryDetVenTest, TestProject1" name="IsCacheableTest" />
    </UnitTest>
    <UnitTest name="IsCacheableTest" storage="d:\proyectos.net\electrodomesticos\testproject1\bin\debug\testproject1.dll" id="edad2d04-4402-ff67-372a-e485f4f73632">
      <Css projectStructure="" iteration="" />
      <Owners>
        <Owner name="" />
      </Owners>
      <Execution id="95ff1561-95eb-4717-88e7-575deeabdeda" />
      <TestMethod codeBase="D:\Proyectos.Net\Electrodomesticos\TestProject1\bin\Debug\TestProject1.dll" adapterTypeName="Microsoft.VisualStudio.TestTools.TestTypes.Unit.UnitTestAdapter, Microsoft.VisualStudio.QualityTools.Tips.UnitTest.Adapter, Version=9.0.0.0, Culture=neutral, PublicKeyToken=b03f5f7f11d50a3a" className="TestProject1.CachedCryPresupuestoTest, TestProject1" name="IsCacheableTest" />
    </UnitTest>
    <UnitTest name="CachedCryDetVenConstructorTest" storage="d:\proyectos.net\electrodomesticos\testproject1\bin\debug\testproject1.dll" id="da5a6e7d-b958-3b9d-d7c1-5bb2ae2909d7">
      <Css projectStructure="" iteration="" />
      <Owners>
        <Owner name="" />
      </Owners>
      <Execution id="c58ae21c-839c-427e-93e1-9afb5abeb334" />
      <TestMethod codeBase="D:\Proyectos.Net\Electrodomesticos\TestProject1\bin\Debug\TestProject1.dll" adapterTypeName="Microsoft.VisualStudio.TestTools.TestTypes.Unit.UnitTestAdapter, Microsoft.VisualStudio.QualityTools.Tips.UnitTest.Adapter, Version=9.0.0.0, Culture=neutral, PublicKeyToken=b03f5f7f11d50a3a" className="TestProject1.CachedCryDetVenTest, TestProject1" name="CachedCryDetVenConstructorTest" />
    </UnitTest>
    <UnitTest name="CachedCryRcuenProConstructorTest" storage="d:\proyectos.net\electrodomesticos\testproject1\bin\debug\testproject1.dll" id="a883e6cb-2eb2-7d7c-5bee-8183ad325696">
      <Css projectStructure="" iteration="" />
      <Owners>
        <Owner name="" />
      </Owners>
      <Execution id="97ecd46b-ea0b-423f-a2c5-b73e1deeeed7" />
      <TestMethod codeBase="D:\Proyectos.Net\Electrodomesticos\TestProject1\bin\Debug\TestProject1.dll" adapterTypeName="Microsoft.VisualStudio.TestTools.TestTypes.Unit.UnitTestAdapter, Microsoft.VisualStudio.QualityTools.Tips.UnitTest.Adapter, Version=9.0.0.0, Culture=neutral, PublicKeyToken=b03f5f7f11d50a3a" className="TestProject1.CachedCryRcuenProTest, TestProject1" name="CachedCryRcuenProConstructorTest" />
    </UnitTest>
    <UnitTest name="GetCustomizedCacheKeyTest" storage="d:\proyectos.net\electrodomesticos\testproject1\bin\debug\testproject1.dll" id="059b06d8-72ff-d18a-8faa-030264bb8bb1">
      <Css projectStructure="" iteration="" />
      <Owners>
        <Owner name="" />
      </Owners>
      <Execution id="3e6ab2dd-ad08-4e52-a691-08db32c2ed54" />
      <TestMethod codeBase="D:\Proyectos.Net\Electrodomesticos\TestProject1\bin\Debug\TestProject1.dll" adapterTypeName="Microsoft.VisualStudio.TestTools.TestTypes.Unit.UnitTestAdapter, Microsoft.VisualStudio.QualityTools.Tips.UnitTest.Adapter, Version=9.0.0.0, Culture=neutral, PublicKeyToken=b03f5f7f11d50a3a" className="TestProject1.CachedCryRcuenProTest, TestProject1" name="GetCustomizedCacheKeyTest" />
    </UnitTest>
    <UnitTest name="ShareDBLogonInfoTest" storage="d:\proyectos.net\electrodomesticos\testproject1\bin\debug\testproject1.dll" id="045954f0-58a1-44d3-7628-f98a7662279f">
      <Css projectStructure="" iteration="" />
      <Owners>
        <Owner name="" />
      </Owners>
      <Execution id="9e638b30-4685-4c59-aec3-5d84a76bf47c" />
      <TestMethod codeBase="D:\Proyectos.Net\Electrodomesticos\TestProject1\bin\Debug\TestProject1.dll" adapterTypeName="Microsoft.VisualStudio.TestTools.TestTypes.Unit.UnitTestAdapter, Microsoft.VisualStudio.QualityTools.Tips.UnitTest.Adapter, Version=9.0.0.0, Culture=neutral, PublicKeyToken=b03f5f7f11d50a3a" className="TestProject1.CachedCrySaldosTest, TestProject1" name="ShareDBLogonInfoTest" />
    </UnitTest>
    <UnitTest name="CreateReportTest" storage="d:\proyectos.net\electrodomesticos\testproject1\bin\debug\testproject1.dll" id="8c0cc0c0-6e89-1c7f-c419-ba8f2f463213">
      <Css projectStructure="" iteration="" />
      <Owners>
        <Owner name="" />
      </Owners>
      <Execution id="6d6bf319-a714-4323-9a52-d5b729b97455" />
      <TestMethod codeBase="D:\Proyectos.Net\Electrodomesticos\TestProject1\bin\Debug\TestProject1.dll" adapterTypeName="Microsoft.VisualStudio.TestTools.TestTypes.Unit.UnitTestAdapter, Microsoft.VisualStudio.QualityTools.Tips.UnitTest.Adapter, Version=9.0.0.0, Culture=neutral, PublicKeyToken=b03f5f7f11d50a3a" className="TestProject1.CachedCryIvaComprasTest, TestProject1" name="CreateReportTest" />
    </UnitTest>
    <UnitTest name="CreateReportTest" storage="d:\proyectos.net\electrodomesticos\testproject1\bin\debug\testproject1.dll" id="a000ac3a-b3cf-7dc9-9ee2-0e04691f4271">
      <Css projectStructure="" iteration="" />
      <Owners>
        <Owner name="" />
      </Owners>
      <Execution id="67806820-5ef4-4c78-b821-47d3b437a24b" />
      <TestMethod codeBase="D:\Proyectos.Net\Electrodomesticos\TestProject1\bin\Debug\TestProject1.dll" adapterTypeName="Microsoft.VisualStudio.TestTools.TestTypes.Unit.UnitTestAdapter, Microsoft.VisualStudio.QualityTools.Tips.UnitTest.Adapter, Version=9.0.0.0, Culture=neutral, PublicKeyToken=b03f5f7f11d50a3a" className="TestProject1.CachedCryDetVenTest, TestProject1" name="CreateReportTest" />
    </UnitTest>
    <UnitTest name="CachedCryPresupuestoConstructorTest" storage="d:\proyectos.net\electrodomesticos\testproject1\bin\debug\testproject1.dll" id="5df935ca-425b-110e-7545-c5888243e40d">
      <Css projectStructure="" iteration="" />
      <Owners>
        <Owner name="" />
      </Owners>
      <Execution id="f2b21094-bca1-415b-898d-31b2935d24db" />
      <TestMethod codeBase="D:\Proyectos.Net\Electrodomesticos\TestProject1\bin\Debug\TestProject1.dll" adapterTypeName="Microsoft.VisualStudio.TestTools.TestTypes.Unit.UnitTestAdapter, Microsoft.VisualStudio.QualityTools.Tips.UnitTest.Adapter, Version=9.0.0.0, Culture=neutral, PublicKeyToken=b03f5f7f11d50a3a" className="TestProject1.CachedCryPresupuestoTest, TestProject1" name="CachedCryPresupuestoConstructorTest" />
    </UnitTest>
    <UnitTest name="ShareDBLogonInfoTest" storage="d:\proyectos.net\electrodomesticos\testproject1\bin\debug\testproject1.dll" id="872cf683-6b93-cca5-b2ea-1cfc270ce02c">
      <Css projectStructure="" iteration="" />
      <Owners>
        <Owner name="" />
      </Owners>
      <Execution id="29d0f2bd-d739-4628-8a2a-dcdb0af92769" />
      <TestMethod codeBase="D:\Proyectos.Net\Electrodomesticos\TestProject1\bin\Debug\TestProject1.dll" adapterTypeName="Microsoft.VisualStudio.TestTools.TestTypes.Unit.UnitTestAdapter, Microsoft.VisualStudio.QualityTools.Tips.UnitTest.Adapter, Version=9.0.0.0, Culture=neutral, PublicKeyToken=b03f5f7f11d50a3a" className="TestProject1.CachedCryReciboTest, TestProject1" name="ShareDBLogonInfoTest" />
    </UnitTest>
    <UnitTest name="GetCustomizedCacheKeyTest" storage="d:\proyectos.net\electrodomesticos\testproject1\bin\debug\testproject1.dll" id="f9f3809d-e0ab-887c-e1be-efe95001befe">
      <Css projectStructure="" iteration="" />
      <Owners>
        <Owner name="" />
      </Owners>
      <Execution id="0f45fb22-443c-4dfa-ba68-f5cb7efa09ec" />
      <TestMethod codeBase="D:\Proyectos.Net\Electrodomesticos\TestProject1\bin\Debug\TestProject1.dll" adapterTypeName="Microsoft.VisualStudio.TestTools.TestTypes.Unit.UnitTestAdapter, Microsoft.VisualStudio.QualityTools.Tips.UnitTest.Adapter, Version=9.0.0.0, Culture=neutral, PublicKeyToken=b03f5f7f11d50a3a" className="TestProject1.CachedCryReciboTest, TestProject1" name="GetCustomizedCacheKeyTest" />
    </UnitTest>
    <UnitTest name="IsCacheableTest" storage="d:\proyectos.net\electrodomesticos\testproject1\bin\debug\testproject1.dll" id="48356080-96ea-a088-861a-9579a93ce5eb">
      <Css projectStructure="" iteration="" />
      <Owners>
        <Owner name="" />
      </Owners>
      <Execution id="e369fa12-1b3e-4a91-9525-94483a12c192" />
      <TestMethod codeBase="D:\Proyectos.Net\Electrodomesticos\TestProject1\bin\Debug\TestProject1.dll" adapterTypeName="Microsoft.VisualStudio.TestTools.TestTypes.Unit.UnitTestAdapter, Microsoft.VisualStudio.QualityTools.Tips.UnitTest.Adapter, Version=9.0.0.0, Culture=neutral, PublicKeyToken=b03f5f7f11d50a3a" className="TestProject1.CachedCryIvaVentasTest, TestProject1" name="IsCacheableTest" />
    </UnitTest>
    <UnitTest name="IsCacheableTest" storage="d:\proyectos.net\electrodomesticos\testproject1\bin\debug\testproject1.dll" id="441c275f-c39b-d2e3-ab42-db14ee4f6dc8">
      <Css projectStructure="" iteration="" />
      <Owners>
        <Owner name="" />
      </Owners>
      <Execution id="b224a2c1-ee44-4ff1-8050-71d1b742abc0" />
      <TestMethod codeBase="D:\Proyectos.Net\Electrodomesticos\TestProject1\bin\Debug\TestProject1.dll" adapterTypeName="Microsoft.VisualStudio.TestTools.TestTypes.Unit.UnitTestAdapter, Microsoft.VisualStudio.QualityTools.Tips.UnitTest.Adapter, Version=9.0.0.0, Culture=neutral, PublicKeyToken=b03f5f7f11d50a3a" className="TestProject1.CachedCryRcuenProTest, TestProject1" name="IsCacheableTest" />
    </UnitTest>
    <UnitTest name="ShareDBLogonInfoTest" storage="d:\proyectos.net\electrodomesticos\testproject1\bin\debug\testproject1.dll" id="81171e65-13b3-dfa5-4d5c-4176bfc246b4">
      <Css projectStructure="" iteration="" />
      <Owners>
        <Owner name="" />
      </Owners>
      <Execution id="547e20b5-3c2e-4a0c-a888-dc60ced7a0c7" />
      <TestMethod codeBase="D:\Proyectos.Net\Electrodomesticos\TestProject1\bin\Debug\TestProject1.dll" adapterTypeName="Microsoft.VisualStudio.TestTools.TestTypes.Unit.UnitTestAdapter, Microsoft.VisualStudio.QualityTools.Tips.UnitTest.Adapter, Version=9.0.0.0, Culture=neutral, PublicKeyToken=b03f5f7f11d50a3a" className="TestProject1.CachedCryRcuenCliTest, TestProject1" name="ShareDBLogonInfoTest" />
    </UnitTest>
    <UnitTest name="DtcRecibo_ComprobanteDataTableConstructorTest" storage="d:\proyectos.net\electrodomesticos\testproject1\bin\debug\testproject1.dll" id="43c8ba4e-d1db-64fe-fd99-094edca978cf">
      <Css projectStructure="" iteration="" />
      <Owners>
        <Owner name="" />
      </Owners>
      <DeploymentItems>
        <DeploymentItem filename="Super.exe" />
      </DeploymentItems>
      <Execution id="e6b2f9d2-7a32-48aa-80e6-8b5cea328793" />
      <TestMethod codeBase="D:\Proyectos.Net\Electrodomesticos\TestProject1\bin\Debug\TestProject1.dll" adapterTypeName="Microsoft.VisualStudio.TestTools.TestTypes.Unit.UnitTestAdapter, Microsoft.VisualStudio.QualityTools.Tips.UnitTest.Adapter, Version=9.0.0.0, Culture=neutral, PublicKeyToken=b03f5f7f11d50a3a" className="TestProject1.DtcRecibo_ComprobanteDataTableTest, TestProject1" name="DtcRecibo_ComprobanteDataTableConstructorTest" />
    </UnitTest>
    <UnitTest name="ShareDBLogonInfoTest" storage="d:\proyectos.net\electrodomesticos\testproject1\bin\debug\testproject1.dll" id="f2fe63f0-4478-7b7b-bd25-44ea4473519d">
      <Css projectStructure="" iteration="" />
      <Owners>
        <Owner name="" />
      </Owners>
      <Execution id="dc797901-239d-4d90-8844-d06ad05b5e45" />
      <TestMethod codeBase="D:\Proyectos.Net\Electrodomesticos\TestProject1\bin\Debug\TestProject1.dll" adapterTypeName="Microsoft.VisualStudio.TestTools.TestTypes.Unit.UnitTestAdapter, Microsoft.VisualStudio.QualityTools.Tips.UnitTest.Adapter, Version=9.0.0.0, Culture=neutral, PublicKeyToken=b03f5f7f11d50a3a" className="TestProject1.CachedCryIvaVentasTest, TestProject1" name="ShareDBLogonInfoTest" />
    </UnitTest>
    <UnitTest name="CacheTimeOutTest" storage="d:\proyectos.net\electrodomesticos\testproject1\bin\debug\testproject1.dll" id="f8990b1d-c48a-3414-d201-d7435c02494f">
      <Css projectStructure="" iteration="" />
      <Owners>
        <Owner name="" />
      </Owners>
      <Execution id="8dca7422-134e-47f5-9004-f36d506c8817" />
      <TestMethod codeBase="D:\Proyectos.Net\Electrodomesticos\TestProject1\bin\Debug\TestProject1.dll" adapterTypeName="Microsoft.VisualStudio.TestTools.TestTypes.Unit.UnitTestAdapter, Microsoft.VisualStudio.QualityTools.Tips.UnitTest.Adapter, Version=9.0.0.0, Culture=neutral, PublicKeyToken=b03f5f7f11d50a3a" className="TestProject1.CachedCryIvaVentasTest, TestProject1" name="CacheTimeOutTest" />
    </UnitTest>
    <UnitTest name="GetCustomizedCacheKeyTest" storage="d:\proyectos.net\electrodomesticos\testproject1\bin\debug\testproject1.dll" id="ee6191bd-2685-9940-ab51-815288298a19">
      <Css projectStructure="" iteration="" />
      <Owners>
        <Owner name="" />
      </Owners>
      <Execution id="7563b09a-731e-4e2e-98b0-3b0549da11d3" />
      <TestMethod codeBase="D:\Proyectos.Net\Electrodomesticos\TestProject1\bin\Debug\TestProject1.dll" adapterTypeName="Microsoft.VisualStudio.TestTools.TestTypes.Unit.UnitTestAdapter, Microsoft.VisualStudio.QualityTools.Tips.UnitTest.Adapter, Version=9.0.0.0, Culture=neutral, PublicKeyToken=b03f5f7f11d50a3a" className="TestProject1.CachedCryRemitoTest, TestProject1" name="GetCustomizedCacheKeyTest" />
    </UnitTest>
    <UnitTest name="CachedCryIvaVentasConstructorTest" storage="d:\proyectos.net\electrodomesticos\testproject1\bin\debug\testproject1.dll" id="09e0f863-09d6-b76d-b04a-0e37d04800a7">
      <Css projectStructure="" iteration="" />
      <Owners>
        <Owner name="" />
      </Owners>
      <Execution id="0de7bd8e-645e-416a-b707-230328cd8d5c" />
      <TestMethod codeBase="D:\Proyectos.Net\Electrodomesticos\TestProject1\bin\Debug\TestProject1.dll" adapterTypeName="Microsoft.VisualStudio.TestTools.TestTypes.Unit.UnitTestAdapter, Microsoft.VisualStudio.QualityTools.Tips.UnitTest.Adapter, Version=9.0.0.0, Culture=neutral, PublicKeyToken=b03f5f7f11d50a3a" className="TestProject1.CachedCryIvaVentasTest, TestProject1" name="CachedCryIvaVentasConstructorTest" />
    </UnitTest>
    <UnitTest name="GetCustomizedCacheKeyTest" storage="d:\proyectos.net\electrodomesticos\testproject1\bin\debug\testproject1.dll" id="b957b282-66cf-9d5d-b1c9-00e219d95f5f">
      <Css projectStructure="" iteration="" />
      <Owners>
        <Owner name="" />
      </Owners>
      <Execution id="d54d8916-9e1b-4b3c-811b-1e41c6dd7897" />
      <TestMethod codeBase="D:\Proyectos.Net\Electrodomesticos\TestProject1\bin\Debug\TestProject1.dll" adapterTypeName="Microsoft.VisualStudio.TestTools.TestTypes.Unit.UnitTestAdapter, Microsoft.VisualStudio.QualityTools.Tips.UnitTest.Adapter, Version=9.0.0.0, Culture=neutral, PublicKeyToken=b03f5f7f11d50a3a" className="TestProject1.CachedCryDetVenTest, TestProject1" name="GetCustomizedCacheKeyTest" />
    </UnitTest>
    <UnitTest name="CreateReportTest" storage="d:\proyectos.net\electrodomesticos\testproject1\bin\debug\testproject1.dll" id="4d40c7a3-99b0-4930-5cca-b071aee9869b">
      <Css projectStructure="" iteration="" />
      <Owners>
        <Owner name="" />
      </Owners>
      <Execution id="56f3e81e-a21e-4f8e-bf04-d7db5b8baacc" />
      <TestMethod codeBase="D:\Proyectos.Net\Electrodomesticos\TestProject1\bin\Debug\TestProject1.dll" adapterTypeName="Microsoft.VisualStudio.TestTools.TestTypes.Unit.UnitTestAdapter, Microsoft.VisualStudio.QualityTools.Tips.UnitTest.Adapter, Version=9.0.0.0, Culture=neutral, PublicKeyToken=b03f5f7f11d50a3a" className="TestProject1.CachedCryRcuenCliTest, TestProject1" name="CreateReportTest" />
    </UnitTest>
    <UnitTest name="CacheTimeOutTest" storage="d:\proyectos.net\electrodomesticos\testproject1\bin\debug\testproject1.dll" id="a4bd3537-8def-4f80-1731-34924e9f5cd7">
      <Css projectStructure="" iteration="" />
      <Owners>
        <Owner name="" />
      </Owners>
      <Execution id="9d911d2d-37c6-497b-a680-ed8a17777dfd" />
      <TestMethod codeBase="D:\Proyectos.Net\Electrodomesticos\TestProject1\bin\Debug\TestProject1.dll" adapterTypeName="Microsoft.VisualStudio.TestTools.TestTypes.Unit.UnitTestAdapter, Microsoft.VisualStudio.QualityTools.Tips.UnitTest.Adapter, Version=9.0.0.0, Culture=neutral, PublicKeyToken=b03f5f7f11d50a3a" className="TestProject1.CachedCryRcuenCliTest, TestProject1" name="CacheTimeOutTest" />
    </UnitTest>
    <UnitTest name="IsCacheableTest" storage="d:\proyectos.net\electrodomesticos\testproject1\bin\debug\testproject1.dll" id="ba4abc08-a1b7-fe98-b626-723fcacbd3a7">
      <Css projectStructure="" iteration="" />
      <Owners>
        <Owner name="" />
      </Owners>
      <Execution id="7dfad710-c33a-4c2e-a574-95c8b00e34ef" />
      <TestMethod codeBase="D:\Proyectos.Net\Electrodomesticos\TestProject1\bin\Debug\TestProject1.dll" adapterTypeName="Microsoft.VisualStudio.TestTools.TestTypes.Unit.UnitTestAdapter, Microsoft.VisualStudio.QualityTools.Tips.UnitTest.Adapter, Version=9.0.0.0, Culture=neutral, PublicKeyToken=b03f5f7f11d50a3a" className="TestProject1.CachedCryRcuenCliTest, TestProject1" name="IsCacheableTest" />
    </UnitTest>
    <UnitTest name="CachedCrySaldosConstructorTest" storage="d:\proyectos.net\electrodomesticos\testproject1\bin\debug\testproject1.dll" id="a436d66d-8ea9-e3be-7bdd-223c4e68e53a">
      <Css projectStructure="" iteration="" />
      <Owners>
        <Owner name="" />
      </Owners>
      <Execution id="a6e3bbf7-1884-4ddf-bccb-600acd233ef8" />
      <TestMethod codeBase="D:\Proyectos.Net\Electrodomesticos\TestProject1\bin\Debug\TestProject1.dll" adapterTypeName="Microsoft.VisualStudio.TestTools.TestTypes.Unit.UnitTestAdapter, Microsoft.VisualStudio.QualityTools.Tips.UnitTest.Adapter, Version=9.0.0.0, Culture=neutral, PublicKeyToken=b03f5f7f11d50a3a" className="TestProject1.CachedCrySaldosTest, TestProject1" name="CachedCrySaldosConstructorTest" />
    </UnitTest>
    <UnitTest name="IsCacheableTest" storage="d:\proyectos.net\electrodomesticos\testproject1\bin\debug\testproject1.dll" id="2e7637f6-522d-7840-755d-30282e72a76f">
      <Css projectStructure="" iteration="" />
      <Owners>
        <Owner name="" />
      </Owners>
      <Execution id="09f3a8b8-80fa-4b7a-82d7-bfadb4d1733c" />
      <TestMethod codeBase="D:\Proyectos.Net\Electrodomesticos\TestProject1\bin\Debug\TestProject1.dll" adapterTypeName="Microsoft.VisualStudio.TestTools.TestTypes.Unit.UnitTestAdapter, Microsoft.VisualStudio.QualityTools.Tips.UnitTest.Adapter, Version=9.0.0.0, Culture=neutral, PublicKeyToken=b03f5f7f11d50a3a" className="TestProject1.CachedCryReciboTest, TestProject1" name="IsCacheableTest" />
    </UnitTest>
    <UnitTest name="CreateReportTest" storage="d:\proyectos.net\electrodomesticos\testproject1\bin\debug\testproject1.dll" id="76810870-2418-1636-bbe8-930c32d5ff8f">
      <Css projectStructure="" iteration="" />
      <Owners>
        <Owner name="" />
      </Owners>
      <Execution id="48589167-946b-4325-8e9b-1dd07bff5442" />
      <TestMethod codeBase="D:\Proyectos.Net\Electrodomesticos\TestProject1\bin\Debug\TestProject1.dll" adapterTypeName="Microsoft.VisualStudio.TestTools.TestTypes.Unit.UnitTestAdapter, Microsoft.VisualStudio.QualityTools.Tips.UnitTest.Adapter, Version=9.0.0.0, Culture=neutral, PublicKeyToken=b03f5f7f11d50a3a" className="TestProject1.CachedCrySaldosTest, TestProject1" name="CreateReportTest" />
    </UnitTest>
    <UnitTest name="CreateReportTest" storage="d:\proyectos.net\electrodomesticos\testproject1\bin\debug\testproject1.dll" id="1847a43c-1537-d8c4-724e-1b749234b0c3">
      <Css projectStructure="" iteration="" />
      <Owners>
        <Owner name="" />
      </Owners>
      <Execution id="c2c1c7e3-4079-4579-8f38-1009d710a292" />
      <TestMethod codeBase="D:\Proyectos.Net\Electrodomesticos\TestProject1\bin\Debug\TestProject1.dll" adapterTypeName="Microsoft.VisualStudio.TestTools.TestTypes.Unit.UnitTestAdapter, Microsoft.VisualStudio.QualityTools.Tips.UnitTest.Adapter, Version=9.0.0.0, Culture=neutral, PublicKeyToken=b03f5f7f11d50a3a" className="TestProject1.CachedCryRemitoTest, TestProject1" name="CreateReportTest" />
    </UnitTest>
    <UnitTest name="CacheTimeOutTest" storage="d:\proyectos.net\electrodomesticos\testproject1\bin\debug\testproject1.dll" id="fef00f9b-0352-e80f-0b91-72a3cc1f81c0">
      <Css projectStructure="" iteration="" />
      <Owners>
        <Owner name="" />
      </Owners>
      <Execution id="650d5f48-262d-4f5c-982e-2580ceb7af02" />
      <TestMethod codeBase="D:\Proyectos.Net\Electrodomesticos\TestProject1\bin\Debug\TestProject1.dll" adapterTypeName="Microsoft.VisualStudio.TestTools.TestTypes.Unit.UnitTestAdapter, Microsoft.VisualStudio.QualityTools.Tips.UnitTest.Adapter, Version=9.0.0.0, Culture=neutral, PublicKeyToken=b03f5f7f11d50a3a" className="TestProject1.CachedCryRcuenProTest, TestProject1" name="CacheTimeOutTest" />
    </UnitTest>
    <UnitTest name="CachedCryRcuenCliConstructorTest" storage="d:\proyectos.net\electrodomesticos\testproject1\bin\debug\testproject1.dll" id="1b6c8988-4189-eb6b-b27e-e38d9bffe0f8">
      <Css projectStructure="" iteration="" />
      <Owners>
        <Owner name="" />
      </Owners>
      <Execution id="c7a55add-cd4b-41d1-90da-c8ac6cd2eb24" />
      <TestMethod codeBase="D:\Proyectos.Net\Electrodomesticos\TestProject1\bin\Debug\TestProject1.dll" adapterTypeName="Microsoft.VisualStudio.TestTools.TestTypes.Unit.UnitTestAdapter, Microsoft.VisualStudio.QualityTools.Tips.UnitTest.Adapter, Version=9.0.0.0, Culture=neutral, PublicKeyToken=b03f5f7f11d50a3a" className="TestProject1.CachedCryRcuenCliTest, TestProject1" name="CachedCryRcuenCliConstructorTest" />
    </UnitTest>
    <UnitTest name="ShareDBLogonInfoTest" storage="d:\proyectos.net\electrodomesticos\testproject1\bin\debug\testproject1.dll" id="0308a57f-dab5-0109-ff7c-779e3e578ffc">
      <Css projectStructure="" iteration="" />
      <Owners>
        <Owner name="" />
      </Owners>
      <Execution id="e7febfc9-1e51-4cac-9d0f-49a1c2100ac2" />
      <TestMethod codeBase="D:\Proyectos.Net\Electrodomesticos\TestProject1\bin\Debug\TestProject1.dll" adapterTypeName="Microsoft.VisualStudio.TestTools.TestTypes.Unit.UnitTestAdapter, Microsoft.VisualStudio.QualityTools.Tips.UnitTest.Adapter, Version=9.0.0.0, Culture=neutral, PublicKeyToken=b03f5f7f11d50a3a" className="TestProject1.CachedCryRemitoTest, TestProject1" name="ShareDBLogonInfoTest" />
    </UnitTest>
    <UnitTest name="GetCustomizedCacheKeyTest" storage="d:\proyectos.net\electrodomesticos\testproject1\bin\debug\testproject1.dll" id="aed3dc00-ed5a-cfea-bcf3-4aca543a63ee">
      <Css projectStructure="" iteration="" />
      <Owners>
        <Owner name="" />
      </Owners>
      <Execution id="84d0de6e-c721-478b-a6f3-6846a1da329b" />
      <TestMethod codeBase="D:\Proyectos.Net\Electrodomesticos\TestProject1\bin\Debug\TestProject1.dll" adapterTypeName="Microsoft.VisualStudio.TestTools.TestTypes.Unit.UnitTestAdapter, Microsoft.VisualStudio.QualityTools.Tips.UnitTest.Adapter, Version=9.0.0.0, Culture=neutral, PublicKeyToken=b03f5f7f11d50a3a" className="TestProject1.CachedCrySaldosTest, TestProject1" name="GetCustomizedCacheKeyTest" />
    </UnitTest>
    <UnitTest name="IsCacheableTest" storage="d:\proyectos.net\electrodomesticos\testproject1\bin\debug\testproject1.dll" id="d222b6da-dd5f-6429-69cb-14ed4233f081">
      <Css projectStructure="" iteration="" />
      <Owners>
        <Owner name="" />
      </Owners>
      <Execution id="26532c77-223f-4e2d-9940-1a464ccc8ef5" />
      <TestMethod codeBase="D:\Proyectos.Net\Electrodomesticos\TestProject1\bin\Debug\TestProject1.dll" adapterTypeName="Microsoft.VisualStudio.TestTools.TestTypes.Unit.UnitTestAdapter, Microsoft.VisualStudio.QualityTools.Tips.UnitTest.Adapter, Version=9.0.0.0, Culture=neutral, PublicKeyToken=b03f5f7f11d50a3a" className="TestProject1.CachedCrySaldosTest, TestProject1" name="IsCacheableTest" />
    </UnitTest>
    <UnitTest name="ShareDBLogonInfoTest" storage="d:\proyectos.net\electrodomesticos\testproject1\bin\debug\testproject1.dll" id="1e573e7d-d702-0bf9-a045-f531105d421b">
      <Css projectStructure="" iteration="" />
      <Owners>
        <Owner name="" />
      </Owners>
      <Execution id="8688b44d-c0ea-412c-9e04-cd10b36fa52f" />
      <TestMethod codeBase="D:\Proyectos.Net\Electrodomesticos\TestProject1\bin\Debug\TestProject1.dll" adapterTypeName="Microsoft.VisualStudio.TestTools.TestTypes.Unit.UnitTestAdapter, Microsoft.VisualStudio.QualityTools.Tips.UnitTest.Adapter, Version=9.0.0.0, Culture=neutral, PublicKeyToken=b03f5f7f11d50a3a" className="TestProject1.CachedCryDetVenTest, TestProject1" name="ShareDBLogonInfoTest" />
    </UnitTest>
    <UnitTest name="CachedCryIvaComprasConstructorTest" storage="d:\proyectos.net\electrodomesticos\testproject1\bin\debug\testproject1.dll" id="e44bc15c-34de-fcd7-bcef-ca3cfa4f02a9">
      <Css projectStructure="" iteration="" />
      <Owners>
        <Owner name="" />
      </Owners>
      <Execution id="706fa66d-1642-4d1c-aea9-9b8bc65428f4" />
      <TestMethod codeBase="D:\Proyectos.Net\Electrodomesticos\TestProject1\bin\Debug\TestProject1.dll" adapterTypeName="Microsoft.VisualStudio.TestTools.TestTypes.Unit.UnitTestAdapter, Microsoft.VisualStudio.QualityTools.Tips.UnitTest.Adapter, Version=9.0.0.0, Culture=neutral, PublicKeyToken=b03f5f7f11d50a3a" className="TestProject1.CachedCryIvaComprasTest, TestProject1" name="CachedCryIvaComprasConstructorTest" />
    </UnitTest>
    <UnitTest name="GetCustomizedCacheKeyTest" storage="d:\proyectos.net\electrodomesticos\testproject1\bin\debug\testproject1.dll" id="e3b602d7-0a5b-89bd-b20e-89bc0df2b765">
      <Css projectStructure="" iteration="" />
      <Owners>
        <Owner name="" />
      </Owners>
      <Execution id="67081dec-f383-4720-856a-9c544cefd9ed" />
      <TestMethod codeBase="D:\Proyectos.Net\Electrodomesticos\TestProject1\bin\Debug\TestProject1.dll" adapterTypeName="Microsoft.VisualStudio.TestTools.TestTypes.Unit.UnitTestAdapter, Microsoft.VisualStudio.QualityTools.Tips.UnitTest.Adapter, Version=9.0.0.0, Culture=neutral, PublicKeyToken=b03f5f7f11d50a3a" className="TestProject1.CachedCryIvaComprasTest, TestProject1" name="GetCustomizedCacheKeyTest" />
    </UnitTest>
    <UnitTest name="ShareDBLogonInfoTest" storage="d:\proyectos.net\electrodomesticos\testproject1\bin\debug\testproject1.dll" id="6548b7ea-38e7-1e46-b186-cf6936768b0b">
      <Css projectStructure="" iteration="" />
      <Owners>
        <Owner name="" />
      </Owners>
      <Execution id="0f08e153-6998-4035-85ee-dc9f6f17623e" />
      <TestMethod codeBase="D:\Proyectos.Net\Electrodomesticos\TestProject1\bin\Debug\TestProject1.dll" adapterTypeName="Microsoft.VisualStudio.TestTools.TestTypes.Unit.UnitTestAdapter, Microsoft.VisualStudio.QualityTools.Tips.UnitTest.Adapter, Version=9.0.0.0, Culture=neutral, PublicKeyToken=b03f5f7f11d50a3a" className="TestProject1.CachedCryIvaComprasTest, TestProject1" name="ShareDBLogonInfoTest" />
    </UnitTest>
    <UnitTest name="ShareDBLogonInfoTest" storage="d:\proyectos.net\electrodomesticos\testproject1\bin\debug\testproject1.dll" id="a7639f66-6db0-2c01-eff9-73967bbc6887">
      <Css projectStructure="" iteration="" />
      <Owners>
        <Owner name="" />
      </Owners>
      <Execution id="b32b15e2-2a74-46ba-b52a-3061d9e71a74" />
      <TestMethod codeBase="D:\Proyectos.Net\Electrodomesticos\TestProject1\bin\Debug\TestProject1.dll" adapterTypeName="Microsoft.VisualStudio.TestTools.TestTypes.Unit.UnitTestAdapter, Microsoft.VisualStudio.QualityTools.Tips.UnitTest.Adapter, Version=9.0.0.0, Culture=neutral, PublicKeyToken=b03f5f7f11d50a3a" className="TestProject1.CachedCryPresupuestoTest, TestProject1" name="ShareDBLogonInfoTest" />
    </UnitTest>
    <UnitTest name="CreateReportTest" storage="d:\proyectos.net\electrodomesticos\testproject1\bin\debug\testproject1.dll" id="a40cc0a0-5808-914d-8ca2-11dce0350950">
      <Css projectStructure="" iteration="" />
      <Owners>
        <Owner name="" />
      </Owners>
      <Execution id="1788a124-def0-420d-bbcf-704da9f7b856" />
      <TestMethod codeBase="D:\Proyectos.Net\Electrodomesticos\TestProject1\bin\Debug\TestProject1.dll" adapterTypeName="Microsoft.VisualStudio.TestTools.TestTypes.Unit.UnitTestAdapter, Microsoft.VisualStudio.QualityTools.Tips.UnitTest.Adapter, Version=9.0.0.0, Culture=neutral, PublicKeyToken=b03f5f7f11d50a3a" className="TestProject1.CachedCryIvaVentasTest, TestProject1" name="CreateReportTest" />
    </UnitTest>
    <UnitTest name="CacheTimeOutTest" storage="d:\proyectos.net\electrodomesticos\testproject1\bin\debug\testproject1.dll" id="525954ae-6196-8150-bd45-f4500d77c2d7">
      <Css projectStructure="" iteration="" />
      <Owners>
        <Owner name="" />
      </Owners>
      <Execution id="3a43517d-cdd9-4aa2-97d2-db5a8c3924c0" />
      <TestMethod codeBase="D:\Proyectos.Net\Electrodomesticos\TestProject1\bin\Debug\TestProject1.dll" adapterTypeName="Microsoft.VisualStudio.TestTools.TestTypes.Unit.UnitTestAdapter, Microsoft.VisualStudio.QualityTools.Tips.UnitTest.Adapter, Version=9.0.0.0, Culture=neutral, PublicKeyToken=b03f5f7f11d50a3a" className="TestProject1.CachedCrySaldosTest, TestProject1" name="CacheTimeOutTest" />
    </UnitTest>
    <UnitTest name="GetCustomizedCacheKeyTest" storage="d:\proyectos.net\electrodomesticos\testproject1\bin\debug\testproject1.dll" id="f3c2043f-6c72-7d43-c619-320679b70611">
      <Css projectStructure="" iteration="" />
      <Owners>
        <Owner name="" />
      </Owners>
      <Execution id="58dfe303-f63a-427e-974c-96c200be91c6" />
      <TestMethod codeBase="D:\Proyectos.Net\Electrodomesticos\TestProject1\bin\Debug\TestProject1.dll" adapterTypeName="Microsoft.VisualStudio.TestTools.TestTypes.Unit.UnitTestAdapter, Microsoft.VisualStudio.QualityTools.Tips.UnitTest.Adapter, Version=9.0.0.0, Culture=neutral, PublicKeyToken=b03f5f7f11d50a3a" className="TestProject1.CachedCryPresupuestoTest, TestProject1" name="GetCustomizedCacheKeyTest" />
    </UnitTest>
    <UnitTest name="IsCacheableTest" storage="d:\proyectos.net\electrodomesticos\testproject1\bin\debug\testproject1.dll" id="f151f9c6-33e6-1ba4-c913-985f6e42a4ce">
      <Css projectStructure="" iteration="" />
      <Owners>
        <Owner name="" />
      </Owners>
      <Execution id="69b105b3-7fc2-442b-9e19-e9f7c2cf2c0a" />
      <TestMethod codeBase="D:\Proyectos.Net\Electrodomesticos\TestProject1\bin\Debug\TestProject1.dll" adapterTypeName="Microsoft.VisualStudio.TestTools.TestTypes.Unit.UnitTestAdapter, Microsoft.VisualStudio.QualityTools.Tips.UnitTest.Adapter, Version=9.0.0.0, Culture=neutral, PublicKeyToken=b03f5f7f11d50a3a" className="TestProject1.CachedCryRemitoTest, TestProject1" name="IsCacheableTest" />
    </UnitTest>
    <UnitTest name="CacheTimeOutTest" storage="d:\proyectos.net\electrodomesticos\testproject1\bin\debug\testproject1.dll" id="c5b6637b-56d1-30f5-25e3-394a1f2c3701">
      <Css projectStructure="" iteration="" />
      <Owners>
        <Owner name="" />
      </Owners>
      <Execution id="509ba55f-498b-4fe1-b115-b384f120da1a" />
      <TestMethod codeBase="D:\Proyectos.Net\Electrodomesticos\TestProject1\bin\Debug\TestProject1.dll" adapterTypeName="Microsoft.VisualStudio.TestTools.TestTypes.Unit.UnitTestAdapter, Microsoft.VisualStudio.QualityTools.Tips.UnitTest.Adapter, Version=9.0.0.0, Culture=neutral, PublicKeyToken=b03f5f7f11d50a3a" className="TestProject1.CachedCryPresupuestoTest, TestProject1" name="CacheTimeOutTest" />
    </UnitTest>
    <UnitTest name="CreateReportTest" storage="d:\proyectos.net\electrodomesticos\testproject1\bin\debug\testproject1.dll" id="9acbbf7d-c0e8-0755-ab01-98cc5d8a05c2">
      <Css projectStructure="" iteration="" />
      <Owners>
        <Owner name="" />
      </Owners>
      <Execution id="12447313-a6ad-47d5-a44f-a8d8a3100168" />
      <TestMethod codeBase="D:\Proyectos.Net\Electrodomesticos\TestProject1\bin\Debug\TestProject1.dll" adapterTypeName="Microsoft.VisualStudio.TestTools.TestTypes.Unit.UnitTestAdapter, Microsoft.VisualStudio.QualityTools.Tips.UnitTest.Adapter, Version=9.0.0.0, Culture=neutral, PublicKeyToken=b03f5f7f11d50a3a" className="TestProject1.CachedCryPresupuestoTest, TestProject1" name="CreateReportTest" />
    </UnitTest>
    <UnitTest name="CacheTimeOutTest" storage="d:\proyectos.net\electrodomesticos\testproject1\bin\debug\testproject1.dll" id="f0c2a327-90b5-96fa-e792-d6b2243b094d">
      <Css projectStructure="" iteration="" />
      <Owners>
        <Owner name="" />
      </Owners>
      <Execution id="bb403d0c-5f74-488c-a9ab-5d748f59aa01" />
      <TestMethod codeBase="D:\Proyectos.Net\Electrodomesticos\TestProject1\bin\Debug\TestProject1.dll" adapterTypeName="Microsoft.VisualStudio.TestTools.TestTypes.Unit.UnitTestAdapter, Microsoft.VisualStudio.QualityTools.Tips.UnitTest.Adapter, Version=9.0.0.0, Culture=neutral, PublicKeyToken=b03f5f7f11d50a3a" className="TestProject1.CachedCryReciboTest, TestProject1" name="CacheTimeOutTest" />
    </UnitTest>
    <UnitTest name="CacheTimeOutTest" storage="d:\proyectos.net\electrodomesticos\testproject1\bin\debug\testproject1.dll" id="ea4f98cc-3822-c85a-b245-b2e6ef508118">
      <Css projectStructure="" iteration="" />
      <Owners>
        <Owner name="" />
      </Owners>
      <Execution id="7f5e906a-81f3-49b6-9308-aca2a2938705" />
      <TestMethod codeBase="D:\Proyectos.Net\Electrodomesticos\TestProject1\bin\Debug\TestProject1.dll" adapterTypeName="Microsoft.VisualStudio.TestTools.TestTypes.Unit.UnitTestAdapter, Microsoft.VisualStudio.QualityTools.Tips.UnitTest.Adapter, Version=9.0.0.0, Culture=neutral, PublicKeyToken=b03f5f7f11d50a3a" className="TestProject1.CachedCryIvaComprasTest, TestProject1" name="CacheTimeOutTest" />
    </UnitTest>
    <UnitTest name="GetCustomizedCacheKeyTest" storage="d:\proyectos.net\electrodomesticos\testproject1\bin\debug\testproject1.dll" id="6374bdbb-44fc-ca9d-4ed3-b776eb1d0599">
      <Css projectStructure="" iteration="" />
      <Owners>
        <Owner name="" />
      </Owners>
      <Execution id="3cbfad6a-1f66-4204-8580-f8fffb007d7e" />
      <TestMethod codeBase="D:\Proyectos.Net\Electrodomesticos\TestProject1\bin\Debug\TestProject1.dll" adapterTypeName="Microsoft.VisualStudio.TestTools.TestTypes.Unit.UnitTestAdapter, Microsoft.VisualStudio.QualityTools.Tips.UnitTest.Adapter, Version=9.0.0.0, Culture=neutral, PublicKeyToken=b03f5f7f11d50a3a" className="TestProject1.CachedCryRcuenCliTest, TestProject1" name="GetCustomizedCacheKeyTest" />
    </UnitTest>
    <UnitTest name="GetCustomizedCacheKeyTest" storage="d:\proyectos.net\electrodomesticos\testproject1\bin\debug\testproject1.dll" id="37c7cf52-178a-8445-5b0b-fe81b3e9ba53">
      <Css projectStructure="" iteration="" />
      <Owners>
        <Owner name="" />
      </Owners>
      <Execution id="34d52eba-6d8f-432f-abdc-1c88726d82a8" />
      <TestMethod codeBase="D:\Proyectos.Net\Electrodomesticos\TestProject1\bin\Debug\TestProject1.dll" adapterTypeName="Microsoft.VisualStudio.TestTools.TestTypes.Unit.UnitTestAdapter, Microsoft.VisualStudio.QualityTools.Tips.UnitTest.Adapter, Version=9.0.0.0, Culture=neutral, PublicKeyToken=b03f5f7f11d50a3a" className="TestProject1.CachedCryIvaVentasTest, TestProject1" name="GetCustomizedCacheKeyTest" />
    </UnitTest>
    <UnitTest name="CacheTimeOutTest" storage="d:\proyectos.net\electrodomesticos\testproject1\bin\debug\testproject1.dll" id="51db091b-5191-8ac9-7372-05ee0ce54499">
      <Css projectStructure="" iteration="" />
      <Owners>
        <Owner name="" />
      </Owners>
      <Execution id="d6106d2c-7a33-4cfb-89d6-e93c349af4b9" />
      <TestMethod codeBase="D:\Proyectos.Net\Electrodomesticos\TestProject1\bin\Debug\TestProject1.dll" adapterTypeName="Microsoft.VisualStudio.TestTools.TestTypes.Unit.UnitTestAdapter, Microsoft.VisualStudio.QualityTools.Tips.UnitTest.Adapter, Version=9.0.0.0, Culture=neutral, PublicKeyToken=b03f5f7f11d50a3a" className="TestProject1.CachedCryDetVenTest, TestProject1" name="CacheTimeOutTest" />
    </UnitTest>
    <UnitTest name="IsCacheableTest" storage="d:\proyectos.net\electrodomesticos\testproject1\bin\debug\testproject1.dll" id="08caad3f-b459-d803-d4cb-3ab18a853220">
      <Css projectStructure="" iteration="" />
      <Owners>
        <Owner name="" />
      </Owners>
      <Execution id="006aba4c-e100-489a-a2ae-1e73ce05d924" />
      <TestMethod codeBase="D:\Proyectos.Net\Electrodomesticos\TestProject1\bin\Debug\TestProject1.dll" adapterTypeName="Microsoft.VisualStudio.TestTools.TestTypes.Unit.UnitTestAdapter, Microsoft.VisualStudio.QualityTools.Tips.UnitTest.Adapter, Version=9.0.0.0, Culture=neutral, PublicKeyToken=b03f5f7f11d50a3a" className="TestProject1.CachedCryIvaComprasTest, TestProject1" name="IsCacheableTest" />
    </UnitTest>
    <UnitTest name="CacheTimeOutTest" storage="d:\proyectos.net\electrodomesticos\testproject1\bin\debug\testproject1.dll" id="ae1df9b5-0bc2-98c9-8dce-3811aeb16f39">
      <Css projectStructure="" iteration="" />
      <Owners>
        <Owner name="" />
      </Owners>
      <Execution id="d5be0daa-613f-4486-ac33-dfa7e94cb327" />
      <TestMethod codeBase="D:\Proyectos.Net\Electrodomesticos\TestProject1\bin\Debug\TestProject1.dll" adapterTypeName="Microsoft.VisualStudio.TestTools.TestTypes.Unit.UnitTestAdapter, Microsoft.VisualStudio.QualityTools.Tips.UnitTest.Adapter, Version=9.0.0.0, Culture=neutral, PublicKeyToken=b03f5f7f11d50a3a" className="TestProject1.CachedCryRemitoTest, TestProject1" name="CacheTimeOutTest" />
    </UnitTest>
    <UnitTest name="CreateReportTest" storage="d:\proyectos.net\electrodomesticos\testproject1\bin\debug\testproject1.dll" id="48ca33b3-10a1-0e5e-7c11-db830395c0b4">
      <Css projectStructure="" iteration="" />
      <Owners>
        <Owner name="" />
      </Owners>
      <Execution id="7982b9e4-543f-46a3-a913-693f15ef3ba4" />
      <TestMethod codeBase="D:\Proyectos.Net\Electrodomesticos\TestProject1\bin\Debug\TestProject1.dll" adapterTypeName="Microsoft.VisualStudio.TestTools.TestTypes.Unit.UnitTestAdapter, Microsoft.VisualStudio.QualityTools.Tips.UnitTest.Adapter, Version=9.0.0.0, Culture=neutral, PublicKeyToken=b03f5f7f11d50a3a" className="TestProject1.CachedCryRcuenProTest, TestProject1" name="CreateReportTest" />
    </UnitTest>
    <UnitTest name="CachedCryRemitoConstructorTest" storage="d:\proyectos.net\electrodomesticos\testproject1\bin\debug\testproject1.dll" id="9f32a4c5-7476-733b-93d9-a2bdd97616c4">
      <Css projectStructure="" iteration="" />
      <Owners>
        <Owner name="" />
      </Owners>
      <Execution id="e0c8fe3b-8bff-4f27-beb8-6483352c48df" />
      <TestMethod codeBase="D:\Proyectos.Net\Electrodomesticos\TestProject1\bin\Debug\TestProject1.dll" adapterTypeName="Microsoft.VisualStudio.TestTools.TestTypes.Unit.UnitTestAdapter, Microsoft.VisualStudio.QualityTools.Tips.UnitTest.Adapter, Version=9.0.0.0, Culture=neutral, PublicKeyToken=b03f5f7f11d50a3a" className="TestProject1.CachedCryRemitoTest, TestProject1" name="CachedCryRemitoConstructorTest" />
    </UnitTest>
  </TestDefinitions>
  <TestLists>
    <TestList name="Resultados que no están en la lista" id="8c84fa94-04c1-424b-9868-57a2d4851a1d" />
    <TestList name="Todos los resultados cargados" id="19431567-8539-422a-85d7-44ee4e166bda" />
  </TestLists>
  <TestEntries>
    <TestEntry testId="1e573e7d-d702-0bf9-a045-f531105d421b" executionId="8688b44d-c0ea-412c-9e04-cd10b36fa52f" testListId="8c84fa94-04c1-424b-9868-57a2d4851a1d" />
    <TestEntry testId="2bc9b6b4-89c6-0eab-e860-e2886e7ed26b" executionId="2ca7ba7f-0345-4c38-8a19-c0380dd20b54" testListId="8c84fa94-04c1-424b-9868-57a2d4851a1d" />
    <TestEntry testId="51db091b-5191-8ac9-7372-05ee0ce54499" executionId="d6106d2c-7a33-4cfb-89d6-e93c349af4b9" testListId="8c84fa94-04c1-424b-9868-57a2d4851a1d" />
    <TestEntry testId="b957b282-66cf-9d5d-b1c9-00e219d95f5f" executionId="d54d8916-9e1b-4b3c-811b-1e41c6dd7897" testListId="8c84fa94-04c1-424b-9868-57a2d4851a1d" />
    <TestEntry testId="a000ac3a-b3cf-7dc9-9ee2-0e04691f4271" executionId="67806820-5ef4-4c78-b821-47d3b437a24b" testListId="8c84fa94-04c1-424b-9868-57a2d4851a1d" />
    <TestEntry testId="da5a6e7d-b958-3b9d-d7c1-5bb2ae2909d7" executionId="c58ae21c-839c-427e-93e1-9afb5abeb334" testListId="8c84fa94-04c1-424b-9868-57a2d4851a1d" />
    <TestEntry testId="6548b7ea-38e7-1e46-b186-cf6936768b0b" executionId="0f08e153-6998-4035-85ee-dc9f6f17623e" testListId="8c84fa94-04c1-424b-9868-57a2d4851a1d" />
    <TestEntry testId="08caad3f-b459-d803-d4cb-3ab18a853220" executionId="006aba4c-e100-489a-a2ae-1e73ce05d924" testListId="8c84fa94-04c1-424b-9868-57a2d4851a1d" />
    <TestEntry testId="ea4f98cc-3822-c85a-b245-b2e6ef508118" executionId="7f5e906a-81f3-49b6-9308-aca2a2938705" testListId="8c84fa94-04c1-424b-9868-57a2d4851a1d" />
    <TestEntry testId="e3b602d7-0a5b-89bd-b20e-89bc0df2b765" executionId="67081dec-f383-4720-856a-9c544cefd9ed" testListId="8c84fa94-04c1-424b-9868-57a2d4851a1d" />
    <TestEntry testId="8c0cc0c0-6e89-1c7f-c419-ba8f2f463213" executionId="6d6bf319-a714-4323-9a52-d5b729b97455" testListId="8c84fa94-04c1-424b-9868-57a2d4851a1d" />
    <TestEntry testId="e44bc15c-34de-fcd7-bcef-ca3cfa4f02a9" executionId="706fa66d-1642-4d1c-aea9-9b8bc65428f4" testListId="8c84fa94-04c1-424b-9868-57a2d4851a1d" />
    <TestEntry testId="f2fe63f0-4478-7b7b-bd25-44ea4473519d" executionId="dc797901-239d-4d90-8844-d06ad05b5e45" testListId="8c84fa94-04c1-424b-9868-57a2d4851a1d" />
    <TestEntry testId="48356080-96ea-a088-861a-9579a93ce5eb" executionId="e369fa12-1b3e-4a91-9525-94483a12c192" testListId="8c84fa94-04c1-424b-9868-57a2d4851a1d" />
    <TestEntry testId="f8990b1d-c48a-3414-d201-d7435c02494f" executionId="8dca7422-134e-47f5-9004-f36d506c8817" testListId="8c84fa94-04c1-424b-9868-57a2d4851a1d" />
    <TestEntry testId="37c7cf52-178a-8445-5b0b-fe81b3e9ba53" executionId="34d52eba-6d8f-432f-abdc-1c88726d82a8" testListId="8c84fa94-04c1-424b-9868-57a2d4851a1d" />
    <TestEntry testId="a40cc0a0-5808-914d-8ca2-11dce0350950" executionId="1788a124-def0-420d-bbcf-704da9f7b856" testListId="8c84fa94-04c1-424b-9868-57a2d4851a1d" />
    <TestEntry testId="09e0f863-09d6-b76d-b04a-0e37d04800a7" executionId="0de7bd8e-645e-416a-b707-230328cd8d5c" testListId="8c84fa94-04c1-424b-9868-57a2d4851a1d" />
    <TestEntry testId="a7639f66-6db0-2c01-eff9-73967bbc6887" executionId="b32b15e2-2a74-46ba-b52a-3061d9e71a74" testListId="8c84fa94-04c1-424b-9868-57a2d4851a1d" />
    <TestEntry testId="edad2d04-4402-ff67-372a-e485f4f73632" executionId="95ff1561-95eb-4717-88e7-575deeabdeda" testListId="8c84fa94-04c1-424b-9868-57a2d4851a1d" />
    <TestEntry testId="c5b6637b-56d1-30f5-25e3-394a1f2c3701" executionId="509ba55f-498b-4fe1-b115-b384f120da1a" testListId="8c84fa94-04c1-424b-9868-57a2d4851a1d" />
    <TestEntry testId="f3c2043f-6c72-7d43-c619-320679b70611" executionId="58dfe303-f63a-427e-974c-96c200be91c6" testListId="8c84fa94-04c1-424b-9868-57a2d4851a1d" />
    <TestEntry testId="9acbbf7d-c0e8-0755-ab01-98cc5d8a05c2" executionId="12447313-a6ad-47d5-a44f-a8d8a3100168" testListId="8c84fa94-04c1-424b-9868-57a2d4851a1d" />
    <TestEntry testId="5df935ca-425b-110e-7545-c5888243e40d" executionId="f2b21094-bca1-415b-898d-31b2935d24db" testListId="8c84fa94-04c1-424b-9868-57a2d4851a1d" />
    <TestEntry testId="81171e65-13b3-dfa5-4d5c-4176bfc246b4" executionId="547e20b5-3c2e-4a0c-a888-dc60ced7a0c7" testListId="8c84fa94-04c1-424b-9868-57a2d4851a1d" />
    <TestEntry testId="ba4abc08-a1b7-fe98-b626-723fcacbd3a7" executionId="7dfad710-c33a-4c2e-a574-95c8b00e34ef" testListId="8c84fa94-04c1-424b-9868-57a2d4851a1d" />
    <TestEntry testId="a4bd3537-8def-4f80-1731-34924e9f5cd7" executionId="9d911d2d-37c6-497b-a680-ed8a17777dfd" testListId="8c84fa94-04c1-424b-9868-57a2d4851a1d" />
    <TestEntry testId="6374bdbb-44fc-ca9d-4ed3-b776eb1d0599" executionId="3cbfad6a-1f66-4204-8580-f8fffb007d7e" testListId="8c84fa94-04c1-424b-9868-57a2d4851a1d" />
    <TestEntry testId="4d40c7a3-99b0-4930-5cca-b071aee9869b" executionId="56f3e81e-a21e-4f8e-bf04-d7db5b8baacc" testListId="8c84fa94-04c1-424b-9868-57a2d4851a1d" />
    <TestEntry testId="1b6c8988-4189-eb6b-b27e-e38d9bffe0f8" executionId="c7a55add-cd4b-41d1-90da-c8ac6cd2eb24" testListId="8c84fa94-04c1-424b-9868-57a2d4851a1d" />
    <TestEntry testId="1dc52c5d-3e37-e198-b650-867f9ba58074" executionId="83c925fb-13db-489a-808a-5f743defbb7a" testListId="8c84fa94-04c1-424b-9868-57a2d4851a1d" />
    <TestEntry testId="441c275f-c39b-d2e3-ab42-db14ee4f6dc8" executionId="b224a2c1-ee44-4ff1-8050-71d1b742abc0" testListId="8c84fa94-04c1-424b-9868-57a2d4851a1d" />
    <TestEntry testId="fef00f9b-0352-e80f-0b91-72a3cc1f81c0" executionId="650d5f48-262d-4f5c-982e-2580ceb7af02" testListId="8c84fa94-04c1-424b-9868-57a2d4851a1d" />
    <TestEntry testId="059b06d8-72ff-d18a-8faa-030264bb8bb1" executionId="3e6ab2dd-ad08-4e52-a691-08db32c2ed54" testListId="8c84fa94-04c1-424b-9868-57a2d4851a1d" />
    <TestEntry testId="48ca33b3-10a1-0e5e-7c11-db830395c0b4" executionId="7982b9e4-543f-46a3-a913-693f15ef3ba4" testListId="8c84fa94-04c1-424b-9868-57a2d4851a1d" />
    <TestEntry testId="a883e6cb-2eb2-7d7c-5bee-8183ad325696" executionId="97ecd46b-ea0b-423f-a2c5-b73e1deeeed7" testListId="8c84fa94-04c1-424b-9868-57a2d4851a1d" />
    <TestEntry testId="872cf683-6b93-cca5-b2ea-1cfc270ce02c" executionId="29d0f2bd-d739-4628-8a2a-dcdb0af92769" testListId="8c84fa94-04c1-424b-9868-57a2d4851a1d" />
    <TestEntry testId="2e7637f6-522d-7840-755d-30282e72a76f" executionId="09f3a8b8-80fa-4b7a-82d7-bfadb4d1733c" testListId="8c84fa94-04c1-424b-9868-57a2d4851a1d" />
    <TestEntry testId="f0c2a327-90b5-96fa-e792-d6b2243b094d" executionId="bb403d0c-5f74-488c-a9ab-5d748f59aa01" testListId="8c84fa94-04c1-424b-9868-57a2d4851a1d" />
    <TestEntry testId="f9f3809d-e0ab-887c-e1be-efe95001befe" executionId="0f45fb22-443c-4dfa-ba68-f5cb7efa09ec" testListId="8c84fa94-04c1-424b-9868-57a2d4851a1d" />
    <TestEntry testId="3c43767c-9985-e5c5-7666-b7f244210708" executionId="9a8c2b58-815d-460d-9ba7-2559c64b934d" testListId="8c84fa94-04c1-424b-9868-57a2d4851a1d" />
    <TestEntry testId="0055ee27-db03-15f0-b36a-b90c6f40ca44" executionId="eb6d993f-c8ab-4867-8b8f-1a1f0c908f92" testListId="8c84fa94-04c1-424b-9868-57a2d4851a1d" />
    <TestEntry testId="0308a57f-dab5-0109-ff7c-779e3e578ffc" executionId="e7febfc9-1e51-4cac-9d0f-49a1c2100ac2" testListId="8c84fa94-04c1-424b-9868-57a2d4851a1d" />
    <TestEntry testId="f151f9c6-33e6-1ba4-c913-985f6e42a4ce" executionId="69b105b3-7fc2-442b-9e19-e9f7c2cf2c0a" testListId="8c84fa94-04c1-424b-9868-57a2d4851a1d" />
    <TestEntry testId="ae1df9b5-0bc2-98c9-8dce-3811aeb16f39" executionId="d5be0daa-613f-4486-ac33-dfa7e94cb327" testListId="8c84fa94-04c1-424b-9868-57a2d4851a1d" />
    <TestEntry testId="ee6191bd-2685-9940-ab51-815288298a19" executionId="7563b09a-731e-4e2e-98b0-3b0549da11d3" testListId="8c84fa94-04c1-424b-9868-57a2d4851a1d" />
    <TestEntry testId="1847a43c-1537-d8c4-724e-1b749234b0c3" executionId="c2c1c7e3-4079-4579-8f38-1009d710a292" testListId="8c84fa94-04c1-424b-9868-57a2d4851a1d" />
    <TestEntry testId="9f32a4c5-7476-733b-93d9-a2bdd97616c4" executionId="e0c8fe3b-8bff-4f27-beb8-6483352c48df" testListId="8c84fa94-04c1-424b-9868-57a2d4851a1d" />
    <TestEntry testId="045954f0-58a1-44d3-7628-f98a7662279f" executionId="9e638b30-4685-4c59-aec3-5d84a76bf47c" testListId="8c84fa94-04c1-424b-9868-57a2d4851a1d" />
    <TestEntry testId="d222b6da-dd5f-6429-69cb-14ed4233f081" executionId="26532c77-223f-4e2d-9940-1a464ccc8ef5" testListId="8c84fa94-04c1-424b-9868-57a2d4851a1d" />
    <TestEntry testId="525954ae-6196-8150-bd45-f4500d77c2d7" executionId="3a43517d-cdd9-4aa2-97d2-db5a8c3924c0" testListId="8c84fa94-04c1-424b-9868-57a2d4851a1d" />
    <TestEntry testId="aed3dc00-ed5a-cfea-bcf3-4aca543a63ee" executionId="84d0de6e-c721-478b-a6f3-6846a1da329b" testListId="8c84fa94-04c1-424b-9868-57a2d4851a1d" />
    <TestEntry testId="76810870-2418-1636-bbe8-930c32d5ff8f" executionId="48589167-946b-4325-8e9b-1dd07bff5442" testListId="8c84fa94-04c1-424b-9868-57a2d4851a1d" />
    <TestEntry testId="a436d66d-8ea9-e3be-7bdd-223c4e68e53a" executionId="a6e3bbf7-1884-4ddf-bccb-600acd233ef8" testListId="8c84fa94-04c1-424b-9868-57a2d4851a1d" />
    <TestEntry testId="43c8ba4e-d1db-64fe-fd99-094edca978cf" executionId="e6b2f9d2-7a32-48aa-80e6-8b5cea328793" testListId="8c84fa94-04c1-424b-9868-57a2d4851a1d" />
  </TestEntries>
  <Results>
    <UnitTestResult executionId="8688b44d-c0ea-412c-9e04-cd10b36fa52f" testId="1e573e7d-d702-0bf9-a045-f531105d421b" testName="ShareDBLogonInfoTest" computerName="NTIVAN" duration="00:00:00.2172990" startTime="2016-01-13T08:06:04.5476478-03:00" endTime="2016-01-13T08:06:05.0410468-03:00" testType="13cdc9d9-ddb5-4fa4-a97d-d965ccfc6d4b" outcome="Inconclusive" testListId="8c84fa94-04c1-424b-9868-57a2d4851a1d">
      <Output>
        <ErrorInfo>
          <Message>Error de Assert.Inconclusive. Compruebe la exactitud de este método de prueba.</Message>
          <StackTrace>   en TestProject1.CachedCryDetVenTest.ShareDBLogonInfoTest() en D:\Proyectos.Net\Electrodomesticos\TestProject1\CachedCryDetVenTest.vb:línea 76
</StackTrace>
        </ErrorInfo>
      </Output>
    </UnitTestResult>
    <UnitTestResult executionId="2ca7ba7f-0345-4c38-8a19-c0380dd20b54" testId="2bc9b6b4-89c6-0eab-e860-e2886e7ed26b" testName="IsCacheableTest" computerName="NTIVAN" duration="00:00:00.0130594" startTime="2016-01-13T08:06:05.0450489-03:00" endTime="2016-01-13T08:06:05.0640615-03:00" testType="13cdc9d9-ddb5-4fa4-a97d-d965ccfc6d4b" outcome="Failed" testListId="8c84fa94-04c1-424b-9868-57a2d4851a1d">
      <Output>
        <ErrorInfo>
          <Message>Error de Assert.AreEqual. Se esperaba &lt;False&gt;, pero es &lt;True&gt;. </Message>
          <StackTrace>   en TestProject1.CachedCryDetVenTest.IsCacheableTest() en D:\Proyectos.Net\Electrodomesticos\TestProject1\CachedCryDetVenTest.vb:línea 89
</StackTrace>
        </ErrorInfo>
      </Output>
    </UnitTestResult>
    <UnitTestResult executionId="d6106d2c-7a33-4cfb-89d6-e93c349af4b9" testId="51db091b-5191-8ac9-7372-05ee0ce54499" testName="CacheTimeOutTest" computerName="NTIVAN" duration="00:00:00.0127087" startTime="2016-01-13T08:06:05.0670635-03:00" endTime="2016-01-13T08:06:05.0840754-03:00" testType="13cdc9d9-ddb5-4fa4-a97d-d965ccfc6d4b" outcome="Failed" testListId="8c84fa94-04c1-424b-9868-57a2d4851a1d">
      <Output>
        <ErrorInfo>
          <Message>Error de Assert.AreEqual. Se esperaba &lt;00:00:00&gt;, pero es &lt;02:10:00&gt;. </Message>
          <StackTrace>   en TestProject1.CachedCryDetVenTest.CacheTimeOutTest() en D:\Proyectos.Net\Electrodomesticos\TestProject1\CachedCryDetVenTest.vb:línea 103
</StackTrace>
        </ErrorInfo>
      </Output>
    </UnitTestResult>
    <UnitTestResult executionId="d54d8916-9e1b-4b3c-811b-1e41c6dd7897" testId="b957b282-66cf-9d5d-b1c9-00e219d95f5f" testName="GetCustomizedCacheKeyTest" computerName="NTIVAN" duration="00:00:00.0116778" startTime="2016-01-13T08:06:05.0880781-03:00" endTime="2016-01-13T08:06:05.1030892-03:00" testType="13cdc9d9-ddb5-4fa4-a97d-d965ccfc6d4b" outcome="Failed" testListId="8c84fa94-04c1-424b-9868-57a2d4851a1d">
      <Output>
        <ErrorInfo>
          <Message>Error de Assert.AreEqual. Se esperaba &lt;&gt;, pero es &lt;(null)&gt;. </Message>
          <StackTrace>   en TestProject1.CachedCryDetVenTest.GetCustomizedCacheKeyTest() en D:\Proyectos.Net\Electrodomesticos\TestProject1\CachedCryDetVenTest.vb:línea 117
</StackTrace>
        </ErrorInfo>
      </Output>
    </UnitTestResult>
    <UnitTestResult executionId="67806820-5ef4-4c78-b821-47d3b437a24b" testId="a000ac3a-b3cf-7dc9-9ee2-0e04691f4271" testName="CreateReportTest" computerName="NTIVAN" duration="00:00:00.1739767" startTime="2016-01-13T08:06:05.1080908-03:00" endTime="2016-01-13T08:06:05.2852081-03:00" testType="13cdc9d9-ddb5-4fa4-a97d-d965ccfc6d4b" outcome="Failed" testListId="8c84fa94-04c1-424b-9868-57a2d4851a1d">
      <Output>
        <ErrorInfo>
          <Message>Error de Assert.AreEqual. Se esperaba &lt;(null)&gt;, pero es &lt;Super.CryDetVen&gt;. </Message>
          <StackTrace>   en TestProject1.CachedCryDetVenTest.CreateReportTest() en D:\Proyectos.Net\Electrodomesticos\TestProject1\CachedCryDetVenTest.vb:línea 130
</StackTrace>
        </ErrorInfo>
      </Output>
    </UnitTestResult>
    <UnitTestResult executionId="c58ae21c-839c-427e-93e1-9afb5abeb334" testId="da5a6e7d-b958-3b9d-d7c1-5bb2ae2909d7" testName="CachedCryDetVenConstructorTest" computerName="NTIVAN" duration="00:00:00.0116613" startTime="2016-01-13T08:06:05.2892119-03:00" endTime="2016-01-13T08:06:05.3052226-03:00" testType="13cdc9d9-ddb5-4fa4-a97d-d965ccfc6d4b" outcome="Inconclusive" testListId="8c84fa94-04c1-424b-9868-57a2d4851a1d">
      <Output>
        <ErrorInfo>
          <Message>Error de Assert.Inconclusive. TODO: Implementar código para comprobar el destino</Message>
          <StackTrace>   en TestProject1.CachedCryDetVenTest.CachedCryDetVenConstructorTest() en D:\Proyectos.Net\Electrodomesticos\TestProject1\CachedCryDetVenTest.vb:línea 140
</StackTrace>
        </ErrorInfo>
      </Output>
    </UnitTestResult>
    <UnitTestResult executionId="0f08e153-6998-4035-85ee-dc9f6f17623e" testId="6548b7ea-38e7-1e46-b186-cf6936768b0b" testName="ShareDBLogonInfoTest" computerName="NTIVAN" duration="00:00:00.0128182" startTime="2016-01-13T08:06:05.3082246-03:00" endTime="2016-01-13T08:06:05.3262360-03:00" testType="13cdc9d9-ddb5-4fa4-a97d-d965ccfc6d4b" outcome="Inconclusive" testListId="8c84fa94-04c1-424b-9868-57a2d4851a1d">
      <Output>
        <ErrorInfo>
          <Message>Error de Assert.Inconclusive. Compruebe la exactitud de este método de prueba.</Message>
          <StackTrace>   en TestProject1.CachedCryIvaComprasTest.ShareDBLogonInfoTest() en D:\Proyectos.Net\Electrodomesticos\TestProject1\CachedCryIvaComprasTest.vb:línea 76
</StackTrace>
        </ErrorInfo>
      </Output>
    </UnitTestResult>
    <UnitTestResult executionId="006aba4c-e100-489a-a2ae-1e73ce05d924" testId="08caad3f-b459-d803-d4cb-3ab18a853220" testName="IsCacheableTest" computerName="NTIVAN" duration="00:00:00.0105956" startTime="2016-01-13T08:06:05.3292380-03:00" endTime="2016-01-13T08:06:05.3452498-03:00" testType="13cdc9d9-ddb5-4fa4-a97d-d965ccfc6d4b" outcome="Failed" testListId="8c84fa94-04c1-424b-9868-57a2d4851a1d">
      <Output>
        <ErrorInfo>
          <Message>Error de Assert.AreEqual. Se esperaba &lt;False&gt;, pero es &lt;True&gt;. </Message>
          <StackTrace>   en TestProject1.CachedCryIvaComprasTest.IsCacheableTest() en D:\Proyectos.Net\Electrodomesticos\TestProject1\CachedCryIvaComprasTest.vb:línea 89
</StackTrace>
        </ErrorInfo>
      </Output>
    </UnitTestResult>
    <UnitTestResult executionId="7f5e906a-81f3-49b6-9308-aca2a2938705" testId="ea4f98cc-3822-c85a-b245-b2e6ef508118" testName="CacheTimeOutTest" computerName="NTIVAN" duration="00:00:00.0102296" startTime="2016-01-13T08:06:05.3482512-03:00" endTime="2016-01-13T08:06:05.3632607-03:00" testType="13cdc9d9-ddb5-4fa4-a97d-d965ccfc6d4b" outcome="Failed" testListId="8c84fa94-04c1-424b-9868-57a2d4851a1d">
      <Output>
        <ErrorInfo>
          <Message>Error de Assert.AreEqual. Se esperaba &lt;00:00:00&gt;, pero es &lt;02:10:00&gt;. </Message>
          <StackTrace>   en TestProject1.CachedCryIvaComprasTest.CacheTimeOutTest() en D:\Proyectos.Net\Electrodomesticos\TestProject1\CachedCryIvaComprasTest.vb:línea 103
</StackTrace>
        </ErrorInfo>
      </Output>
    </UnitTestResult>
    <UnitTestResult executionId="67081dec-f383-4720-856a-9c544cefd9ed" testId="e3b602d7-0a5b-89bd-b20e-89bc0df2b765" testName="GetCustomizedCacheKeyTest" computerName="NTIVAN" duration="00:00:00.0106486" startTime="2016-01-13T08:06:05.3682657-03:00" endTime="2016-01-13T08:06:05.3822739-03:00" testType="13cdc9d9-ddb5-4fa4-a97d-d965ccfc6d4b" outcome="Failed" testListId="8c84fa94-04c1-424b-9868-57a2d4851a1d">
      <Output>
        <ErrorInfo>
          <Message>Error de Assert.AreEqual. Se esperaba &lt;&gt;, pero es &lt;(null)&gt;. </Message>
          <StackTrace>   en TestProject1.CachedCryIvaComprasTest.GetCustomizedCacheKeyTest() en D:\Proyectos.Net\Electrodomesticos\TestProject1\CachedCryIvaComprasTest.vb:línea 117
</StackTrace>
        </ErrorInfo>
      </Output>
    </UnitTestResult>
    <UnitTestResult executionId="6d6bf319-a714-4323-9a52-d5b729b97455" testId="8c0cc0c0-6e89-1c7f-c419-ba8f2f463213" testName="CreateReportTest" computerName="NTIVAN" duration="00:00:00.0124424" startTime="2016-01-13T08:06:05.3872772-03:00" endTime="2016-01-13T08:06:05.4032867-03:00" testType="13cdc9d9-ddb5-4fa4-a97d-d965ccfc6d4b" outcome="Failed" testListId="8c84fa94-04c1-424b-9868-57a2d4851a1d">
      <Output>
        <ErrorInfo>
          <Message>Error de Assert.AreEqual. Se esperaba &lt;(null)&gt;, pero es &lt;Super.CryIvaCompras&gt;. </Message>
          <StackTrace>   en TestProject1.CachedCryIvaComprasTest.CreateReportTest() en D:\Proyectos.Net\Electrodomesticos\TestProject1\CachedCryIvaComprasTest.vb:línea 130
</StackTrace>
        </ErrorInfo>
      </Output>
    </UnitTestResult>
    <UnitTestResult executionId="706fa66d-1642-4d1c-aea9-9b8bc65428f4" testId="e44bc15c-34de-fcd7-bcef-ca3cfa4f02a9" testName="CachedCryIvaComprasConstructorTest" computerName="NTIVAN" duration="00:00:00.0105928" startTime="2016-01-13T08:06:05.4072905-03:00" endTime="2016-01-13T08:06:05.4433761-03:00" testType="13cdc9d9-ddb5-4fa4-a97d-d965ccfc6d4b" outcome="Inconclusive" testListId="8c84fa94-04c1-424b-9868-57a2d4851a1d">
      <Output>
        <ErrorInfo>
          <Message>Error de Assert.Inconclusive. TODO: Implementar código para comprobar el destino</Message>
          <StackTrace>   en TestProject1.CachedCryIvaComprasTest.CachedCryIvaComprasConstructorTest() en D:\Proyectos.Net\Electrodomesticos\TestProject1\CachedCryIvaComprasTest.vb:línea 140
</StackTrace>
        </ErrorInfo>
      </Output>
    </UnitTestResult>
    <UnitTestResult executionId="dc797901-239d-4d90-8844-d06ad05b5e45" testId="f2fe63f0-4478-7b7b-bd25-44ea4473519d" testName="ShareDBLogonInfoTest" computerName="NTIVAN" duration="00:00:00.0110603" startTime="2016-01-13T08:06:05.4503802-03:00" endTime="2016-01-13T08:06:05.4653896-03:00" testType="13cdc9d9-ddb5-4fa4-a97d-d965ccfc6d4b" outcome="Inconclusive" testListId="8c84fa94-04c1-424b-9868-57a2d4851a1d">
      <Output>
        <ErrorInfo>
          <Message>Error de Assert.Inconclusive. Compruebe la exactitud de este método de prueba.</Message>
          <StackTrace>   en TestProject1.CachedCryIvaVentasTest.ShareDBLogonInfoTest() en D:\Proyectos.Net\Electrodomesticos\TestProject1\CachedCryIvaVentasTest.vb:línea 76
</StackTrace>
        </ErrorInfo>
      </Output>
    </UnitTestResult>
    <UnitTestResult executionId="e369fa12-1b3e-4a91-9525-94483a12c192" testId="48356080-96ea-a088-861a-9579a93ce5eb" testName="IsCacheableTest" computerName="NTIVAN" duration="00:00:00.0097101" startTime="2016-01-13T08:06:05.4693934-03:00" endTime="2016-01-13T08:06:05.4824009-03:00" testType="13cdc9d9-ddb5-4fa4-a97d-d965ccfc6d4b" outcome="Failed" testListId="8c84fa94-04c1-424b-9868-57a2d4851a1d">
      <Output>
        <ErrorInfo>
          <Message>Error de Assert.AreEqual. Se esperaba &lt;False&gt;, pero es &lt;True&gt;. </Message>
          <StackTrace>   en TestProject1.CachedCryIvaVentasTest.IsCacheableTest() en D:\Proyectos.Net\Electrodomesticos\TestProject1\CachedCryIvaVentasTest.vb:línea 89
</StackTrace>
        </ErrorInfo>
      </Output>
    </UnitTestResult>
    <UnitTestResult executionId="8dca7422-134e-47f5-9004-f36d506c8817" testId="f8990b1d-c48a-3414-d201-d7435c02494f" testName="CacheTimeOutTest" computerName="NTIVAN" duration="00:00:00.0096406" startTime="2016-01-13T08:06:05.4854035-03:00" endTime="2016-01-13T08:06:05.4994140-03:00" testType="13cdc9d9-ddb5-4fa4-a97d-d965ccfc6d4b" outcome="Failed" testListId="8c84fa94-04c1-424b-9868-57a2d4851a1d">
      <Output>
        <ErrorInfo>
          <Message>Error de Assert.AreEqual. Se esperaba &lt;00:00:00&gt;, pero es &lt;02:10:00&gt;. </Message>
          <StackTrace>   en TestProject1.CachedCryIvaVentasTest.CacheTimeOutTest() en D:\Proyectos.Net\Electrodomesticos\TestProject1\CachedCryIvaVentasTest.vb:línea 103
</StackTrace>
        </ErrorInfo>
      </Output>
    </UnitTestResult>
    <UnitTestResult executionId="34d52eba-6d8f-432f-abdc-1c88726d82a8" testId="37c7cf52-178a-8445-5b0b-fe81b3e9ba53" testName="GetCustomizedCacheKeyTest" computerName="NTIVAN" duration="00:00:00.0098036" startTime="2016-01-13T08:06:05.5034155-03:00" endTime="2016-01-13T08:06:05.5174248-03:00" testType="13cdc9d9-ddb5-4fa4-a97d-d965ccfc6d4b" outcome="Failed" testListId="8c84fa94-04c1-424b-9868-57a2d4851a1d">
      <Output>
        <ErrorInfo>
          <Message>Error de Assert.AreEqual. Se esperaba &lt;&gt;, pero es &lt;(null)&gt;. </Message>
          <StackTrace>   en TestProject1.CachedCryIvaVentasTest.GetCustomizedCacheKeyTest() en D:\Proyectos.Net\Electrodomesticos\TestProject1\CachedCryIvaVentasTest.vb:línea 117
</StackTrace>
        </ErrorInfo>
      </Output>
    </UnitTestResult>
    <UnitTestResult executionId="1788a124-def0-420d-bbcf-704da9f7b856" testId="a40cc0a0-5808-914d-8ca2-11dce0350950" testName="CreateReportTest" computerName="NTIVAN" duration="00:00:00.0118614" startTime="2016-01-13T08:06:05.5214275-03:00" endTime="2016-01-13T08:06:05.5564952-03:00" testType="13cdc9d9-ddb5-4fa4-a97d-d965ccfc6d4b" outcome="Failed" testListId="8c84fa94-04c1-424b-9868-57a2d4851a1d">
      <Output>
        <ErrorInfo>
          <Message>Error de Assert.AreEqual. Se esperaba &lt;(null)&gt;, pero es &lt;Super.CryIvaVentas&gt;. </Message>
          <StackTrace>   en TestProject1.CachedCryIvaVentasTest.CreateReportTest() en D:\Proyectos.Net\Electrodomesticos\TestProject1\CachedCryIvaVentasTest.vb:línea 130
</StackTrace>
        </ErrorInfo>
      </Output>
    </UnitTestResult>
    <UnitTestResult executionId="0de7bd8e-645e-416a-b707-230328cd8d5c" testId="09e0f863-09d6-b76d-b04a-0e37d04800a7" testName="CachedCryIvaVentasConstructorTest" computerName="NTIVAN" duration="00:00:00.0094250" startTime="2016-01-13T08:06:05.5594972-03:00" endTime="2016-01-13T08:06:05.5725059-03:00" testType="13cdc9d9-ddb5-4fa4-a97d-d965ccfc6d4b" outcome="Inconclusive" testListId="8c84fa94-04c1-424b-9868-57a2d4851a1d">
      <Output>
        <ErrorInfo>
          <Message>Error de Assert.Inconclusive. TODO: Implementar código para comprobar el destino</Message>
          <StackTrace>   en TestProject1.CachedCryIvaVentasTest.CachedCryIvaVentasConstructorTest() en D:\Proyectos.Net\Electrodomesticos\TestProject1\CachedCryIvaVentasTest.vb:línea 140
</StackTrace>
        </ErrorInfo>
      </Output>
    </UnitTestResult>
    <UnitTestResult executionId="b32b15e2-2a74-46ba-b52a-3061d9e71a74" testId="a7639f66-6db0-2c01-eff9-73967bbc6887" testName="ShareDBLogonInfoTest" computerName="NTIVAN" duration="00:00:00.0109503" startTime="2016-01-13T08:06:05.5755090-03:00" endTime="2016-01-13T08:06:05.5905179-03:00" testType="13cdc9d9-ddb5-4fa4-a97d-d965ccfc6d4b" outcome="Inconclusive" testListId="8c84fa94-04c1-424b-9868-57a2d4851a1d">
      <Output>
        <ErrorInfo>
          <Message>Error de Assert.Inconclusive. Compruebe la exactitud de este método de prueba.</Message>
          <StackTrace>   en TestProject1.CachedCryPresupuestoTest.ShareDBLogonInfoTest() en D:\Proyectos.Net\Electrodomesticos\TestProject1\CachedCryPresupuestoTest.vb:línea 76
</StackTrace>
        </ErrorInfo>
      </Output>
    </UnitTestResult>
    <UnitTestResult executionId="95ff1561-95eb-4717-88e7-575deeabdeda" testId="edad2d04-4402-ff67-372a-e485f4f73632" testName="IsCacheableTest" computerName="NTIVAN" duration="00:00:00.0096571" startTime="2016-01-13T08:06:05.5935199-03:00" endTime="2016-01-13T08:06:05.6075292-03:00" testType="13cdc9d9-ddb5-4fa4-a97d-d965ccfc6d4b" outcome="Failed" testListId="8c84fa94-04c1-424b-9868-57a2d4851a1d">
      <Output>
        <ErrorInfo>
          <Message>Error de Assert.AreEqual. Se esperaba &lt;False&gt;, pero es &lt;True&gt;. </Message>
          <StackTrace>   en TestProject1.CachedCryPresupuestoTest.IsCacheableTest() en D:\Proyectos.Net\Electrodomesticos\TestProject1\CachedCryPresupuestoTest.vb:línea 89
</StackTrace>
        </ErrorInfo>
      </Output>
    </UnitTestResult>
    <UnitTestResult executionId="509ba55f-498b-4fe1-b115-b384f120da1a" testId="c5b6637b-56d1-30f5-25e3-394a1f2c3701" testName="CacheTimeOutTest" computerName="NTIVAN" duration="00:00:00.0098567" startTime="2016-01-13T08:06:05.6105318-03:00" endTime="2016-01-13T08:06:05.6245400-03:00" testType="13cdc9d9-ddb5-4fa4-a97d-d965ccfc6d4b" outcome="Failed" testListId="8c84fa94-04c1-424b-9868-57a2d4851a1d">
      <Output>
        <ErrorInfo>
          <Message>Error de Assert.AreEqual. Se esperaba &lt;00:00:00&gt;, pero es &lt;02:10:00&gt;. </Message>
          <StackTrace>   en TestProject1.CachedCryPresupuestoTest.CacheTimeOutTest() en D:\Proyectos.Net\Electrodomesticos\TestProject1\CachedCryPresupuestoTest.vb:línea 103
</StackTrace>
        </ErrorInfo>
      </Output>
    </UnitTestResult>
    <UnitTestResult executionId="58dfe303-f63a-427e-974c-96c200be91c6" testId="f3c2043f-6c72-7d43-c619-320679b70611" testName="GetCustomizedCacheKeyTest" computerName="NTIVAN" duration="00:00:00.0097198" startTime="2016-01-13T08:06:05.6285443-03:00" endTime="2016-01-13T08:06:05.6415519-03:00" testType="13cdc9d9-ddb5-4fa4-a97d-d965ccfc6d4b" outcome="Failed" testListId="8c84fa94-04c1-424b-9868-57a2d4851a1d">
      <Output>
        <ErrorInfo>
          <Message>Error de Assert.AreEqual. Se esperaba &lt;&gt;, pero es &lt;(null)&gt;. </Message>
          <StackTrace>   en TestProject1.CachedCryPresupuestoTest.GetCustomizedCacheKeyTest() en D:\Proyectos.Net\Electrodomesticos\TestProject1\CachedCryPresupuestoTest.vb:línea 117
</StackTrace>
        </ErrorInfo>
      </Output>
    </UnitTestResult>
    <UnitTestResult executionId="12447313-a6ad-47d5-a44f-a8d8a3100168" testId="9acbbf7d-c0e8-0755-ab01-98cc5d8a05c2" testName="CreateReportTest" computerName="NTIVAN" duration="00:00:00.0121282" startTime="2016-01-13T08:06:05.6455562-03:00" endTime="2016-01-13T08:06:05.6615657-03:00" testType="13cdc9d9-ddb5-4fa4-a97d-d965ccfc6d4b" outcome="Failed" testListId="8c84fa94-04c1-424b-9868-57a2d4851a1d">
      <Output>
        <ErrorInfo>
          <Message>Error de Assert.AreEqual. Se esperaba &lt;(null)&gt;, pero es &lt;Super.CryPresupuesto&gt;. </Message>
          <StackTrace>   en TestProject1.CachedCryPresupuestoTest.CreateReportTest() en D:\Proyectos.Net\Electrodomesticos\TestProject1\CachedCryPresupuestoTest.vb:línea 130
</StackTrace>
        </ErrorInfo>
      </Output>
    </UnitTestResult>
    <UnitTestResult executionId="f2b21094-bca1-415b-898d-31b2935d24db" testId="5df935ca-425b-110e-7545-c5888243e40d" testName="CachedCryPresupuestoConstructorTest" computerName="NTIVAN" duration="00:00:00.0101355" startTime="2016-01-13T08:06:05.6655678-03:00" endTime="2016-01-13T08:06:05.6785771-03:00" testType="13cdc9d9-ddb5-4fa4-a97d-d965ccfc6d4b" outcome="Inconclusive" testListId="8c84fa94-04c1-424b-9868-57a2d4851a1d">
      <Output>
        <ErrorInfo>
          <Message>Error de Assert.Inconclusive. TODO: Implementar código para comprobar el destino</Message>
          <StackTrace>   en TestProject1.CachedCryPresupuestoTest.CachedCryPresupuestoConstructorTest() en D:\Proyectos.Net\Electrodomesticos\TestProject1\CachedCryPresupuestoTest.vb:línea 140
</StackTrace>
        </ErrorInfo>
      </Output>
    </UnitTestResult>
    <UnitTestResult executionId="547e20b5-3c2e-4a0c-a888-dc60ced7a0c7" testId="81171e65-13b3-dfa5-4d5c-4176bfc246b4" testName="ShareDBLogonInfoTest" computerName="NTIVAN" duration="00:00:00.0109839" startTime="2016-01-13T08:06:05.6855823-03:00" endTime="2016-01-13T08:06:05.7005911-03:00" testType="13cdc9d9-ddb5-4fa4-a97d-d965ccfc6d4b" outcome="Inconclusive" testListId="8c84fa94-04c1-424b-9868-57a2d4851a1d">
      <Output>
        <ErrorInfo>
          <Message>Error de Assert.Inconclusive. Compruebe la exactitud de este método de prueba.</Message>
          <StackTrace>   en TestProject1.CachedCryRcuenCliTest.ShareDBLogonInfoTest() en D:\Proyectos.Net\Electrodomesticos\TestProject1\CachedCryRcuenCliTest.vb:línea 76
</StackTrace>
        </ErrorInfo>
      </Output>
    </UnitTestResult>
    <UnitTestResult executionId="7dfad710-c33a-4c2e-a574-95c8b00e34ef" testId="ba4abc08-a1b7-fe98-b626-723fcacbd3a7" testName="IsCacheableTest" computerName="NTIVAN" duration="00:00:00.0098835" startTime="2016-01-13T08:06:05.7035931-03:00" endTime="2016-01-13T08:06:05.7176025-03:00" testType="13cdc9d9-ddb5-4fa4-a97d-d965ccfc6d4b" outcome="Failed" testListId="8c84fa94-04c1-424b-9868-57a2d4851a1d">
      <Output>
        <ErrorInfo>
          <Message>Error de Assert.AreEqual. Se esperaba &lt;False&gt;, pero es &lt;True&gt;. </Message>
          <StackTrace>   en TestProject1.CachedCryRcuenCliTest.IsCacheableTest() en D:\Proyectos.Net\Electrodomesticos\TestProject1\CachedCryRcuenCliTest.vb:línea 89
</StackTrace>
        </ErrorInfo>
      </Output>
    </UnitTestResult>
    <UnitTestResult executionId="9d911d2d-37c6-497b-a680-ed8a17777dfd" testId="a4bd3537-8def-4f80-1731-34924e9f5cd7" testName="CacheTimeOutTest" computerName="NTIVAN" duration="00:00:00.0096542" startTime="2016-01-13T08:06:05.7206067-03:00" endTime="2016-01-13T08:06:05.7346132-03:00" testType="13cdc9d9-ddb5-4fa4-a97d-d965ccfc6d4b" outcome="Failed" testListId="8c84fa94-04c1-424b-9868-57a2d4851a1d">
      <Output>
        <ErrorInfo>
          <Message>Error de Assert.AreEqual. Se esperaba &lt;00:00:00&gt;, pero es &lt;02:10:00&gt;. </Message>
          <StackTrace>   en TestProject1.CachedCryRcuenCliTest.CacheTimeOutTest() en D:\Proyectos.Net\Electrodomesticos\TestProject1\CachedCryRcuenCliTest.vb:línea 103
</StackTrace>
        </ErrorInfo>
      </Output>
    </UnitTestResult>
    <UnitTestResult executionId="3cbfad6a-1f66-4204-8580-f8fffb007d7e" testId="6374bdbb-44fc-ca9d-4ed3-b776eb1d0599" testName="GetCustomizedCacheKeyTest" computerName="NTIVAN" duration="00:00:00.0096987" startTime="2016-01-13T08:06:05.7386187-03:00" endTime="2016-01-13T08:06:05.7516245-03:00" testType="13cdc9d9-ddb5-4fa4-a97d-d965ccfc6d4b" outcome="Failed" testListId="8c84fa94-04c1-424b-9868-57a2d4851a1d">
      <Output>
        <ErrorInfo>
          <Message>Error de Assert.AreEqual. Se esperaba &lt;&gt;, pero es &lt;(null)&gt;. </Message>
          <StackTrace>   en TestProject1.CachedCryRcuenCliTest.GetCustomizedCacheKeyTest() en D:\Proyectos.Net\Electrodomesticos\TestProject1\CachedCryRcuenCliTest.vb:línea 117
</StackTrace>
        </ErrorInfo>
      </Output>
    </UnitTestResult>
    <UnitTestResult executionId="56f3e81e-a21e-4f8e-bf04-d7db5b8baacc" testId="4d40c7a3-99b0-4930-5cca-b071aee9869b" testName="CreateReportTest" computerName="NTIVAN" duration="00:00:00.0118084" startTime="2016-01-13T08:06:05.7556289-03:00" endTime="2016-01-13T08:06:05.7706372-03:00" testType="13cdc9d9-ddb5-4fa4-a97d-d965ccfc6d4b" outcome="Failed" testListId="8c84fa94-04c1-424b-9868-57a2d4851a1d">
      <Output>
        <ErrorInfo>
          <Message>Error de Assert.AreEqual. Se esperaba &lt;(null)&gt;, pero es &lt;Super.CryRcuenCli&gt;. </Message>
          <StackTrace>   en TestProject1.CachedCryRcuenCliTest.CreateReportTest() en D:\Proyectos.Net\Electrodomesticos\TestProject1\CachedCryRcuenCliTest.vb:línea 130
</StackTrace>
        </ErrorInfo>
      </Output>
    </UnitTestResult>
    <UnitTestResult executionId="c7a55add-cd4b-41d1-90da-c8ac6cd2eb24" testId="1b6c8988-4189-eb6b-b27e-e38d9bffe0f8" testName="CachedCryRcuenCliConstructorTest" computerName="NTIVAN" duration="00:00:00.0093446" startTime="2016-01-13T08:06:05.7746404-03:00" endTime="2016-01-13T08:06:05.7876485-03:00" testType="13cdc9d9-ddb5-4fa4-a97d-d965ccfc6d4b" outcome="Inconclusive" testListId="8c84fa94-04c1-424b-9868-57a2d4851a1d">
      <Output>
        <ErrorInfo>
          <Message>Error de Assert.Inconclusive. TODO: Implementar código para comprobar el destino</Message>
          <StackTrace>   en TestProject1.CachedCryRcuenCliTest.CachedCryRcuenCliConstructorTest() en D:\Proyectos.Net\Electrodomesticos\TestProject1\CachedCryRcuenCliTest.vb:línea 140
</StackTrace>
        </ErrorInfo>
      </Output>
    </UnitTestResult>
    <UnitTestResult executionId="83c925fb-13db-489a-808a-5f743defbb7a" testId="1dc52c5d-3e37-e198-b650-867f9ba58074" testName="ShareDBLogonInfoTest" computerName="NTIVAN" duration="00:00:00.0103042" startTime="2016-01-13T08:06:05.8097139-03:00" endTime="2016-01-13T08:06:05.8237221-03:00" testType="13cdc9d9-ddb5-4fa4-a97d-d965ccfc6d4b" outcome="Inconclusive" testListId="8c84fa94-04c1-424b-9868-57a2d4851a1d">
      <Output>
        <ErrorInfo>
          <Message>Error de Assert.Inconclusive. Compruebe la exactitud de este método de prueba.</Message>
          <StackTrace>   en TestProject1.CachedCryRcuenProTest.ShareDBLogonInfoTest() en D:\Proyectos.Net\Electrodomesticos\TestProject1\CachedCryRcuenProTest.vb:línea 76
</StackTrace>
        </ErrorInfo>
      </Output>
    </UnitTestResult>
    <UnitTestResult executionId="b224a2c1-ee44-4ff1-8050-71d1b742abc0" testId="441c275f-c39b-d2e3-ab42-db14ee4f6dc8" testName="IsCacheableTest" computerName="NTIVAN" duration="00:00:00.0099228" startTime="2016-01-13T08:06:05.8277236-03:00" endTime="2016-01-13T08:06:05.8417341-03:00" testType="13cdc9d9-ddb5-4fa4-a97d-d965ccfc6d4b" outcome="Failed" testListId="8c84fa94-04c1-424b-9868-57a2d4851a1d">
      <Output>
        <ErrorInfo>
          <Message>Error de Assert.AreEqual. Se esperaba &lt;False&gt;, pero es &lt;True&gt;. </Message>
          <StackTrace>   en TestProject1.CachedCryRcuenProTest.IsCacheableTest() en D:\Proyectos.Net\Electrodomesticos\TestProject1\CachedCryRcuenProTest.vb:línea 89
</StackTrace>
        </ErrorInfo>
      </Output>
    </UnitTestResult>
    <UnitTestResult executionId="650d5f48-262d-4f5c-982e-2580ceb7af02" testId="fef00f9b-0352-e80f-0b91-72a3cc1f81c0" testName="CacheTimeOutTest" computerName="NTIVAN" duration="00:00:00.0101292" startTime="2016-01-13T08:06:05.8447349-03:00" endTime="2016-01-13T08:06:05.8587448-03:00" testType="13cdc9d9-ddb5-4fa4-a97d-d965ccfc6d4b" outcome="Failed" testListId="8c84fa94-04c1-424b-9868-57a2d4851a1d">
      <Output>
        <ErrorInfo>
          <Message>Error de Assert.AreEqual. Se esperaba &lt;00:00:00&gt;, pero es &lt;02:10:00&gt;. </Message>
          <StackTrace>   en TestProject1.CachedCryRcuenProTest.CacheTimeOutTest() en D:\Proyectos.Net\Electrodomesticos\TestProject1\CachedCryRcuenProTest.vb:línea 103
</StackTrace>
        </ErrorInfo>
      </Output>
    </UnitTestResult>
    <UnitTestResult executionId="3e6ab2dd-ad08-4e52-a691-08db32c2ed54" testId="059b06d8-72ff-d18a-8faa-030264bb8bb1" testName="GetCustomizedCacheKeyTest" computerName="NTIVAN" duration="00:00:00.0102506" startTime="2016-01-13T08:06:05.8627469-03:00" endTime="2016-01-13T08:06:05.8767551-03:00" testType="13cdc9d9-ddb5-4fa4-a97d-d965ccfc6d4b" outcome="Failed" testListId="8c84fa94-04c1-424b-9868-57a2d4851a1d">
      <Output>
        <ErrorInfo>
          <Message>Error de Assert.AreEqual. Se esperaba &lt;&gt;, pero es &lt;(null)&gt;. </Message>
          <StackTrace>   en TestProject1.CachedCryRcuenProTest.GetCustomizedCacheKeyTest() en D:\Proyectos.Net\Electrodomesticos\TestProject1\CachedCryRcuenProTest.vb:línea 117
</StackTrace>
        </ErrorInfo>
      </Output>
    </UnitTestResult>
    <UnitTestResult executionId="7982b9e4-543f-46a3-a913-693f15ef3ba4" testId="48ca33b3-10a1-0e5e-7c11-db830395c0b4" testName="CreateReportTest" computerName="NTIVAN" duration="00:00:00.0120997" startTime="2016-01-13T08:06:05.8807612-03:00" endTime="2016-01-13T08:06:05.8967707-03:00" testType="13cdc9d9-ddb5-4fa4-a97d-d965ccfc6d4b" outcome="Failed" testListId="8c84fa94-04c1-424b-9868-57a2d4851a1d">
      <Output>
        <ErrorInfo>
          <Message>Error de Assert.AreEqual. Se esperaba &lt;(null)&gt;, pero es &lt;Super.CryRcuenPro&gt;. </Message>
          <StackTrace>   en TestProject1.CachedCryRcuenProTest.CreateReportTest() en D:\Proyectos.Net\Electrodomesticos\TestProject1\CachedCryRcuenProTest.vb:línea 130
</StackTrace>
        </ErrorInfo>
      </Output>
    </UnitTestResult>
    <UnitTestResult executionId="97ecd46b-ea0b-423f-a2c5-b73e1deeeed7" testId="a883e6cb-2eb2-7d7c-5bee-8183ad325696" testName="CachedCryRcuenProConstructorTest" computerName="NTIVAN" duration="00:00:00.0092437" startTime="2016-01-13T08:06:05.9007722-03:00" endTime="2016-01-13T08:06:05.9137820-03:00" testType="13cdc9d9-ddb5-4fa4-a97d-d965ccfc6d4b" outcome="Inconclusive" testListId="8c84fa94-04c1-424b-9868-57a2d4851a1d">
      <Output>
        <ErrorInfo>
          <Message>Error de Assert.Inconclusive. TODO: Implementar código para comprobar el destino</Message>
          <StackTrace>   en TestProject1.CachedCryRcuenProTest.CachedCryRcuenProConstructorTest() en D:\Proyectos.Net\Electrodomesticos\TestProject1\CachedCryRcuenProTest.vb:línea 140
</StackTrace>
        </ErrorInfo>
      </Output>
    </UnitTestResult>
    <UnitTestResult executionId="29d0f2bd-d739-4628-8a2a-dcdb0af92769" testId="872cf683-6b93-cca5-b2ea-1cfc270ce02c" testName="ShareDBLogonInfoTest" computerName="NTIVAN" duration="00:00:00.0104439" startTime="2016-01-13T08:06:05.9187837-03:00" endTime="2016-01-13T08:06:05.9327941-03:00" testType="13cdc9d9-ddb5-4fa4-a97d-d965ccfc6d4b" outcome="Inconclusive" testListId="8c84fa94-04c1-424b-9868-57a2d4851a1d">
      <Output>
        <ErrorInfo>
          <Message>Error de Assert.Inconclusive. Compruebe la exactitud de este método de prueba.</Message>
          <StackTrace>   en TestProject1.CachedCryReciboTest.ShareDBLogonInfoTest() en D:\Proyectos.Net\Electrodomesticos\TestProject1\CachedCryReciboTest.vb:línea 76
</StackTrace>
        </ErrorInfo>
      </Output>
    </UnitTestResult>
    <UnitTestResult executionId="09f3a8b8-80fa-4b7a-82d7-bfadb4d1733c" testId="2e7637f6-522d-7840-755d-30282e72a76f" testName="IsCacheableTest" computerName="NTIVAN" duration="00:00:00.0103322" startTime="2016-01-13T08:06:05.9367985-03:00" endTime="2016-01-13T08:06:05.9508067-03:00" testType="13cdc9d9-ddb5-4fa4-a97d-d965ccfc6d4b" outcome="Failed" testListId="8c84fa94-04c1-424b-9868-57a2d4851a1d">
      <Output>
        <ErrorInfo>
          <Message>Error de Assert.AreEqual. Se esperaba &lt;False&gt;, pero es &lt;True&gt;. </Message>
          <StackTrace>   en TestProject1.CachedCryReciboTest.IsCacheableTest() en D:\Proyectos.Net\Electrodomesticos\TestProject1\CachedCryReciboTest.vb:línea 89
</StackTrace>
        </ErrorInfo>
      </Output>
    </UnitTestResult>
    <UnitTestResult executionId="bb403d0c-5f74-488c-a9ab-5d748f59aa01" testId="f0c2a327-90b5-96fa-e792-d6b2243b094d" testName="CacheTimeOutTest" computerName="NTIVAN" duration="00:00:00.0099142" startTime="2016-01-13T08:06:05.9548082-03:00" endTime="2016-01-13T08:06:05.9688192-03:00" testType="13cdc9d9-ddb5-4fa4-a97d-d965ccfc6d4b" outcome="Failed" testListId="8c84fa94-04c1-424b-9868-57a2d4851a1d">
      <Output>
        <ErrorInfo>
          <Message>Error de Assert.AreEqual. Se esperaba &lt;00:00:00&gt;, pero es &lt;02:10:00&gt;. </Message>
          <StackTrace>   en TestProject1.CachedCryReciboTest.CacheTimeOutTest() en D:\Proyectos.Net\Electrodomesticos\TestProject1\CachedCryReciboTest.vb:línea 103
</StackTrace>
        </ErrorInfo>
      </Output>
    </UnitTestResult>
    <UnitTestResult executionId="0f45fb22-443c-4dfa-ba68-f5cb7efa09ec" testId="f9f3809d-e0ab-887c-e1be-efe95001befe" testName="GetCustomizedCacheKeyTest" computerName="NTIVAN" duration="00:00:00.0098110" startTime="2016-01-13T08:06:05.9718195-03:00" endTime="2016-01-13T08:06:05.9858294-03:00" testType="13cdc9d9-ddb5-4fa4-a97d-d965ccfc6d4b" outcome="Failed" testListId="8c84fa94-04c1-424b-9868-57a2d4851a1d">
      <Output>
        <ErrorInfo>
          <Message>Error de Assert.AreEqual. Se esperaba &lt;&gt;, pero es &lt;(null)&gt;. </Message>
          <StackTrace>   en TestProject1.CachedCryReciboTest.GetCustomizedCacheKeyTest() en D:\Proyectos.Net\Electrodomesticos\TestProject1\CachedCryReciboTest.vb:línea 117
</StackTrace>
        </ErrorInfo>
      </Output>
    </UnitTestResult>
    <UnitTestResult executionId="9a8c2b58-815d-460d-9ba7-2559c64b934d" testId="3c43767c-9985-e5c5-7666-b7f244210708" testName="CreateReportTest" computerName="NTIVAN" duration="00:00:00.0122206" startTime="2016-01-13T08:06:05.9898321-03:00" endTime="2016-01-13T08:06:06.0068434-03:00" testType="13cdc9d9-ddb5-4fa4-a97d-d965ccfc6d4b" outcome="Failed" testListId="8c84fa94-04c1-424b-9868-57a2d4851a1d">
      <Output>
        <ErrorInfo>
          <Message>Error de Assert.AreEqual. Se esperaba &lt;(null)&gt;, pero es &lt;Super.CryRecibo&gt;. </Message>
          <StackTrace>   en TestProject1.CachedCryReciboTest.CreateReportTest() en D:\Proyectos.Net\Electrodomesticos\TestProject1\CachedCryReciboTest.vb:línea 130
</StackTrace>
        </ErrorInfo>
      </Output>
    </UnitTestResult>
    <UnitTestResult executionId="eb6d993f-c8ab-4867-8b8f-1a1f0c908f92" testId="0055ee27-db03-15f0-b36a-b90c6f40ca44" testName="CachedCryReciboConstructorTest" computerName="NTIVAN" duration="00:00:00.0093230" startTime="2016-01-13T08:06:06.0108478-03:00" endTime="2016-01-13T08:06:06.0228535-03:00" testType="13cdc9d9-ddb5-4fa4-a97d-d965ccfc6d4b" outcome="Inconclusive" testListId="8c84fa94-04c1-424b-9868-57a2d4851a1d">
      <Output>
        <ErrorInfo>
          <Message>Error de Assert.Inconclusive. TODO: Implementar código para comprobar el destino</Message>
          <StackTrace>   en TestProject1.CachedCryReciboTest.CachedCryReciboConstructorTest() en D:\Proyectos.Net\Electrodomesticos\TestProject1\CachedCryReciboTest.vb:línea 140
</StackTrace>
        </ErrorInfo>
      </Output>
    </UnitTestResult>
    <UnitTestResult executionId="e7febfc9-1e51-4cac-9d0f-49a1c2100ac2" testId="0308a57f-dab5-0109-ff7c-779e3e578ffc" testName="ShareDBLogonInfoTest" computerName="NTIVAN" duration="00:00:00.0108915" startTime="2016-01-13T08:06:06.0278568-03:00" endTime="2016-01-13T08:06:06.0428674-03:00" testType="13cdc9d9-ddb5-4fa4-a97d-d965ccfc6d4b" outcome="Inconclusive" testListId="8c84fa94-04c1-424b-9868-57a2d4851a1d">
      <Output>
        <ErrorInfo>
          <Message>Error de Assert.Inconclusive. Compruebe la exactitud de este método de prueba.</Message>
          <StackTrace>   en TestProject1.CachedCryRemitoTest.ShareDBLogonInfoTest() en D:\Proyectos.Net\Electrodomesticos\TestProject1\CachedCryRemitoTest.vb:línea 76
</StackTrace>
        </ErrorInfo>
      </Output>
    </UnitTestResult>
    <UnitTestResult executionId="69b105b3-7fc2-442b-9e19-e9f7c2cf2c0a" testId="f151f9c6-33e6-1ba4-c913-985f6e42a4ce" testName="IsCacheableTest" computerName="NTIVAN" duration="00:00:00.0099775" startTime="2016-01-13T08:06:06.0458688-03:00" endTime="2016-01-13T08:06:06.0598793-03:00" testType="13cdc9d9-ddb5-4fa4-a97d-d965ccfc6d4b" outcome="Failed" testListId="8c84fa94-04c1-424b-9868-57a2d4851a1d">
      <Output>
        <ErrorInfo>
          <Message>Error de Assert.AreEqual. Se esperaba &lt;False&gt;, pero es &lt;True&gt;. </Message>
          <StackTrace>   en TestProject1.CachedCryRemitoTest.IsCacheableTest() en D:\Proyectos.Net\Electrodomesticos\TestProject1\CachedCryRemitoTest.vb:línea 89
</StackTrace>
        </ErrorInfo>
      </Output>
    </UnitTestResult>
    <UnitTestResult executionId="d5be0daa-613f-4486-ac33-dfa7e94cb327" testId="ae1df9b5-0bc2-98c9-8dce-3811aeb16f39" testName="CacheTimeOutTest" computerName="NTIVAN" duration="00:00:00.0097814" startTime="2016-01-13T08:06:06.0628801-03:00" endTime="2016-01-13T08:06:06.0788919-03:00" testType="13cdc9d9-ddb5-4fa4-a97d-d965ccfc6d4b" outcome="Failed" testListId="8c84fa94-04c1-424b-9868-57a2d4851a1d">
      <Output>
        <ErrorInfo>
          <Message>Error de Assert.AreEqual. Se esperaba &lt;00:00:00&gt;, pero es &lt;02:10:00&gt;. </Message>
          <StackTrace>   en TestProject1.CachedCryRemitoTest.CacheTimeOutTest() en D:\Proyectos.Net\Electrodomesticos\TestProject1\CachedCryRemitoTest.vb:línea 103
</StackTrace>
        </ErrorInfo>
      </Output>
    </UnitTestResult>
    <UnitTestResult executionId="7563b09a-731e-4e2e-98b0-3b0549da11d3" testId="ee6191bd-2685-9940-ab51-815288298a19" testName="GetCustomizedCacheKeyTest" computerName="NTIVAN" duration="00:00:00.0098686" startTime="2016-01-13T08:06:06.0828952-03:00" endTime="2016-01-13T08:06:06.1169765-03:00" testType="13cdc9d9-ddb5-4fa4-a97d-d965ccfc6d4b" outcome="Failed" testListId="8c84fa94-04c1-424b-9868-57a2d4851a1d">
      <Output>
        <ErrorInfo>
          <Message>Error de Assert.AreEqual. Se esperaba &lt;&gt;, pero es &lt;(null)&gt;. </Message>
          <StackTrace>   en TestProject1.CachedCryRemitoTest.GetCustomizedCacheKeyTest() en D:\Proyectos.Net\Electrodomesticos\TestProject1\CachedCryRemitoTest.vb:línea 117
</StackTrace>
        </ErrorInfo>
      </Output>
    </UnitTestResult>
    <UnitTestResult executionId="c2c1c7e3-4079-4579-8f38-1009d710a292" testId="1847a43c-1537-d8c4-724e-1b749234b0c3" testName="CreateReportTest" computerName="NTIVAN" duration="00:00:00.0121493" startTime="2016-01-13T08:06:06.1199791-03:00" endTime="2016-01-13T08:06:06.1359897-03:00" testType="13cdc9d9-ddb5-4fa4-a97d-d965ccfc6d4b" outcome="Failed" testListId="8c84fa94-04c1-424b-9868-57a2d4851a1d">
      <Output>
        <ErrorInfo>
          <Message>Error de Assert.AreEqual. Se esperaba &lt;(null)&gt;, pero es &lt;Super.CryRemito&gt;. </Message>
          <StackTrace>   en TestProject1.CachedCryRemitoTest.CreateReportTest() en D:\Proyectos.Net\Electrodomesticos\TestProject1\CachedCryRemitoTest.vb:línea 130
</StackTrace>
        </ErrorInfo>
      </Output>
    </UnitTestResult>
    <UnitTestResult executionId="e0c8fe3b-8bff-4f27-beb8-6483352c48df" testId="9f32a4c5-7476-733b-93d9-a2bdd97616c4" testName="CachedCryRemitoConstructorTest" computerName="NTIVAN" duration="00:00:00.0095784" startTime="2016-01-13T08:06:06.1389912-03:00" endTime="2016-01-13T08:06:06.1519998-03:00" testType="13cdc9d9-ddb5-4fa4-a97d-d965ccfc6d4b" outcome="Inconclusive" testListId="8c84fa94-04c1-424b-9868-57a2d4851a1d">
      <Output>
        <ErrorInfo>
          <Message>Error de Assert.Inconclusive. TODO: Implementar código para comprobar el destino</Message>
          <StackTrace>   en TestProject1.CachedCryRemitoTest.CachedCryRemitoConstructorTest() en D:\Proyectos.Net\Electrodomesticos\TestProject1\CachedCryRemitoTest.vb:línea 140
</StackTrace>
        </ErrorInfo>
      </Output>
    </UnitTestResult>
    <UnitTestResult executionId="9e638b30-4685-4c59-aec3-5d84a76bf47c" testId="045954f0-58a1-44d3-7628-f98a7662279f" testName="ShareDBLogonInfoTest" computerName="NTIVAN" duration="00:00:00.0119104" startTime="2016-01-13T08:06:06.1570043-03:00" endTime="2016-01-13T08:06:06.1730138-03:00" testType="13cdc9d9-ddb5-4fa4-a97d-d965ccfc6d4b" outcome="Inconclusive" testListId="8c84fa94-04c1-424b-9868-57a2d4851a1d">
      <Output>
        <ErrorInfo>
          <Message>Error de Assert.Inconclusive. Compruebe la exactitud de este método de prueba.</Message>
          <StackTrace>   en TestProject1.CachedCrySaldosTest.ShareDBLogonInfoTest() en D:\Proyectos.Net\Electrodomesticos\TestProject1\CachedCrySaldosTest.vb:línea 76
</StackTrace>
        </ErrorInfo>
      </Output>
    </UnitTestResult>
    <UnitTestResult executionId="26532c77-223f-4e2d-9940-1a464ccc8ef5" testId="d222b6da-dd5f-6429-69cb-14ed4233f081" testName="IsCacheableTest" computerName="NTIVAN" duration="00:00:00.0105688" startTime="2016-01-13T08:06:06.1780171-03:00" endTime="2016-01-13T08:06:06.1910269-03:00" testType="13cdc9d9-ddb5-4fa4-a97d-d965ccfc6d4b" outcome="Failed" testListId="8c84fa94-04c1-424b-9868-57a2d4851a1d">
      <Output>
        <ErrorInfo>
          <Message>Error de Assert.AreEqual. Se esperaba &lt;False&gt;, pero es &lt;True&gt;. </Message>
          <StackTrace>   en TestProject1.CachedCrySaldosTest.IsCacheableTest() en D:\Proyectos.Net\Electrodomesticos\TestProject1\CachedCrySaldosTest.vb:línea 89
</StackTrace>
        </ErrorInfo>
      </Output>
    </UnitTestResult>
    <UnitTestResult executionId="3a43517d-cdd9-4aa2-97d2-db5a8c3924c0" testId="525954ae-6196-8150-bd45-f4500d77c2d7" testName="CacheTimeOutTest" computerName="NTIVAN" duration="00:00:00.0092169" startTime="2016-01-13T08:06:06.1960303-03:00" endTime="2016-01-13T08:06:06.2090378-03:00" testType="13cdc9d9-ddb5-4fa4-a97d-d965ccfc6d4b" outcome="Failed" testListId="8c84fa94-04c1-424b-9868-57a2d4851a1d">
      <Output>
        <ErrorInfo>
          <Message>Error de Assert.AreEqual. Se esperaba &lt;00:00:00&gt;, pero es &lt;02:10:00&gt;. </Message>
          <StackTrace>   en TestProject1.CachedCrySaldosTest.CacheTimeOutTest() en D:\Proyectos.Net\Electrodomesticos\TestProject1\CachedCrySaldosTest.vb:línea 103
</StackTrace>
        </ErrorInfo>
      </Output>
    </UnitTestResult>
    <UnitTestResult executionId="84d0de6e-c721-478b-a6f3-6846a1da329b" testId="aed3dc00-ed5a-cfea-bcf3-4aca543a63ee" testName="GetCustomizedCacheKeyTest" computerName="NTIVAN" duration="00:00:00.0089928" startTime="2016-01-13T08:06:06.2110391-03:00" endTime="2016-01-13T08:06:06.2230471-03:00" testType="13cdc9d9-ddb5-4fa4-a97d-d965ccfc6d4b" outcome="Failed" testListId="8c84fa94-04c1-424b-9868-57a2d4851a1d">
      <Output>
        <ErrorInfo>
          <Message>Error de Assert.AreEqual. Se esperaba &lt;&gt;, pero es &lt;(null)&gt;. </Message>
          <StackTrace>   en TestProject1.CachedCrySaldosTest.GetCustomizedCacheKeyTest() en D:\Proyectos.Net\Electrodomesticos\TestProject1\CachedCrySaldosTest.vb:línea 117
</StackTrace>
        </ErrorInfo>
      </Output>
    </UnitTestResult>
    <UnitTestResult executionId="48589167-946b-4325-8e9b-1dd07bff5442" testId="76810870-2418-1636-bbe8-930c32d5ff8f" testName="CreateReportTest" computerName="NTIVAN" duration="00:00:00.0114560" startTime="2016-01-13T08:06:06.2260497-03:00" endTime="2016-01-13T08:06:06.2400584-03:00" testType="13cdc9d9-ddb5-4fa4-a97d-d965ccfc6d4b" outcome="Failed" testListId="8c84fa94-04c1-424b-9868-57a2d4851a1d">
      <Output>
        <ErrorInfo>
          <Message>Error de Assert.AreEqual. Se esperaba &lt;(null)&gt;, pero es &lt;Super.CrySaldos&gt;. </Message>
          <StackTrace>   en TestProject1.CachedCrySaldosTest.CreateReportTest() en D:\Proyectos.Net\Electrodomesticos\TestProject1\CachedCrySaldosTest.vb:línea 130
</StackTrace>
        </ErrorInfo>
      </Output>
    </UnitTestResult>
    <UnitTestResult executionId="a6e3bbf7-1884-4ddf-bccb-600acd233ef8" testId="a436d66d-8ea9-e3be-7bdd-223c4e68e53a" testName="CachedCrySaldosConstructorTest" computerName="NTIVAN" duration="00:00:00.0120097" startTime="2016-01-13T08:06:06.2430616-03:00" endTime="2016-01-13T08:06:06.2580704-03:00" testType="13cdc9d9-ddb5-4fa4-a97d-d965ccfc6d4b" outcome="Inconclusive" testListId="8c84fa94-04c1-424b-9868-57a2d4851a1d">
      <Output>
        <ErrorInfo>
          <Message>Error de Assert.Inconclusive. TODO: Implementar código para comprobar el destino</Message>
          <StackTrace>   en TestProject1.CachedCrySaldosTest.CachedCrySaldosConstructorTest() en D:\Proyectos.Net\Electrodomesticos\TestProject1\CachedCrySaldosTest.vb:línea 140
</StackTrace>
        </ErrorInfo>
      </Output>
    </UnitTestResult>
    <UnitTestResult executionId="e6b2f9d2-7a32-48aa-80e6-8b5cea328793" testId="43c8ba4e-d1db-64fe-fd99-094edca978cf" testName="DtcRecibo_ComprobanteDataTableConstructorTest" computerName="NTIVAN" duration="00:00:00.1204556" startTime="2016-01-13T08:06:06.2861107-03:00" endTime="2016-01-13T08:06:06.4182232-03:00" testType="13cdc9d9-ddb5-4fa4-a97d-d965ccfc6d4b" outcome="Failed" testListId="8c84fa94-04c1-424b-9868-57a2d4851a1d">
      <Output>
        <ErrorInfo>
          <Message>El método de prueba TestProject1.DtcRecibo_ComprobanteDataTableTest.DtcRecibo_ComprobanteDataTableConstructorTest produjo la excepción:  System.NullReferenceException: Referencia a objeto no establecida como instancia de un objeto..</Message>
          <StackTrace>    en System.Data.DataTable..ctor(SerializationInfo info, StreamingContext context)
   en System.Data.TypedTableBase`1..ctor(SerializationInfo info, StreamingContext context)
   en Super.DtcRecibo.ComprobanteDataTable..ctor(SerializationInfo info, StreamingContext context) en D:\Proyectos.Net\Electrodomesticos\Dataset\DtcRecibo.Designer.vb:línea 732
   en Super.DtcRecibo_Accessor.ComprobanteDataTable..ctor(SerializationInfo info, StreamingContext context)
   en TestProject1.DtcRecibo_ComprobanteDataTableTest.DtcRecibo_ComprobanteDataTableConstructorTest() en D:\Proyectos.Net\Electrodomesticos\TestProject1\DtcRecibo_ComprobanteDataTableTest.vb:línea 67
</StackTrace>
        </ErrorInfo>
      </Output>
    </UnitTestResult>
  </Results>
</TestRun>