<?xml version="1.0" encoding="UTF-8"?>
<TestRun id="a443c0dd-bf05-4d27-8929-db9cd386e1ae" name="Usuario@NTIVAN 2016-01-13 19:09:27" runUser="NTIVAN\Usuario" xmlns="http://microsoft.com/schemas/VisualStudio/TeamTest/2006">
  <TestRunConfiguration name="Ejecución de pruebas local" id="66229d8a-0786-4fe6-9883-e14c2d82a233">
    <Description>Configuración de ejecución de pruebas predeterminada para una ejecución de pruebas local.</Description>
    <Deployment runDeploymentRoot="D:\Proyectos.Net\Electrodomesticos\TestResults\Usuario_NTIVAN 2016-01-13 19_09_27">
      <DeploymentItem filename="D:\Proyectos.Net\Electrodomesticos\obj\Debug\AxInterop.AcroPDFLib.dll" />
      <DeploymentItem filename="D:\Proyectos.Net\Electrodomesticos\obj\Debug\Interop.OCXFISLib.dll" />
      <DeploymentItem filename="D:\Proyectos.Net\Electrodomesticos\bin\Debug\Super.exe" />
      <DeploymentItem filename="D:\Proyectos.Net\Electrodomesticos\FiscalNET.dll" />
      <DeploymentItem filename="D:\Proyectos.Net\Electrodomesticos\obj\Debug\Interop.AcroPDFLib.dll" />
    </Deployment>
    <TestTypeSpecific />
  </TestRunConfiguration>
  <ResultSummary outcome="Failed">
    <Counters total="55" executed="55" error="0" failed="37" timeout="0" aborted="0" inconclusive="18" passedButRunAborted="0" notRunnable="0" notExecuted="0" disconnected="0" warning="0" passed="0" completed="0" inProgress="0" pending="0" />
  </ResultSummary>
  <Times creation="2016-01-13T19:09:27.2081866-03:00" queuing="2016-01-13T19:09:30.8069628-03:00" start="2016-01-13T19:09:31.3226069-03:00" finish="2016-01-13T19:09:33.9164870-03:00" />
  <TestDefinitions>
    <UnitTest name="CachedCryReciboConstructorTest" storage="d:\proyectos.net\electrodomesticos\testproject1\bin\debug\testproject1.dll" id="0055ee27-db03-15f0-b36a-b90c6f40ca44">
      <Css projectStructure="" iteration="" />
      <Owners>
        <Owner name="" />
      </Owners>
      <Execution id="ccfdf5d8-1fdd-4dca-bfb3-b294e50a33be" />
      <TestMethod codeBase="D:\Proyectos.Net\Electrodomesticos\TestProject1\bin\Debug\TestProject1.dll" adapterTypeName="Microsoft.VisualStudio.TestTools.TestTypes.Unit.UnitTestAdapter, Microsoft.VisualStudio.QualityTools.Tips.UnitTest.Adapter, Version=9.0.0.0, Culture=neutral, PublicKeyToken=b03f5f7f11d50a3a" className="TestProject1.CachedCryReciboTest, TestProject1" name="CachedCryReciboConstructorTest" />
    </UnitTest>
    <UnitTest name="CreateReportTest" storage="d:\proyectos.net\electrodomesticos\testproject1\bin\debug\testproject1.dll" id="3c43767c-9985-e5c5-7666-b7f244210708">
      <Css projectStructure="" iteration="" />
      <Owners>
        <Owner name="" />
      </Owners>
      <Execution id="b689299e-7c24-44d9-b213-605e7e94e169" />
      <TestMethod codeBase="D:\Proyectos.Net\Electrodomesticos\TestProject1\bin\Debug\TestProject1.dll" adapterTypeName="Microsoft.VisualStudio.TestTools.TestTypes.Unit.UnitTestAdapter, Microsoft.VisualStudio.QualityTools.Tips.UnitTest.Adapter, Version=9.0.0.0, Culture=neutral, PublicKeyToken=b03f5f7f11d50a3a" className="TestProject1.CachedCryReciboTest, TestProject1" name="CreateReportTest" />
    </UnitTest>
    <UnitTest name="ShareDBLogonInfoTest" storage="d:\proyectos.net\electrodomesticos\testproject1\bin\debug\testproject1.dll" id="1dc52c5d-3e37-e198-b650-867f9ba58074">
      <Css projectStructure="" iteration="" />
      <Owners>
        <Owner name="" />
      </Owners>
      <Execution id="50fd654f-c776-446a-8346-5d275c6f3cfa" />
      <TestMethod codeBase="D:\Proyectos.Net\Electrodomesticos\TestProject1\bin\Debug\TestProject1.dll" adapterTypeName="Microsoft.VisualStudio.TestTools.TestTypes.Unit.UnitTestAdapter, Microsoft.VisualStudio.QualityTools.Tips.UnitTest.Adapter, Version=9.0.0.0, Culture=neutral, PublicKeyToken=b03f5f7f11d50a3a" className="TestProject1.CachedCryRcuenProTest, TestProject1" name="ShareDBLogonInfoTest" />
    </UnitTest>
    <UnitTest name="IsCacheableTest" storage="d:\proyectos.net\electrodomesticos\testproject1\bin\debug\testproject1.dll" id="2bc9b6b4-89c6-0eab-e860-e2886e7ed26b">
      <Css projectStructure="" iteration="" />
      <Owners>
        <Owner name="" />
      </Owners>
      <Execution id="42f1b9cc-b612-4923-990d-aced31d21389" />
      <TestMethod codeBase="D:\Proyectos.Net\Electrodomesticos\TestProject1\bin\Debug\TestProject1.dll" adapterTypeName="Microsoft.VisualStudio.TestTools.TestTypes.Unit.UnitTestAdapter, Microsoft.VisualStudio.QualityTools.Tips.UnitTest.Adapter, Version=9.0.0.0, Culture=neutral, PublicKeyToken=b03f5f7f11d50a3a" className="TestProject1.CachedCryDetVenTest, TestProject1" name="IsCacheableTest" />
    </UnitTest>
    <UnitTest name="IsCacheableTest" storage="d:\proyectos.net\electrodomesticos\testproject1\bin\debug\testproject1.dll" id="edad2d04-4402-ff67-372a-e485f4f73632">
      <Css projectStructure="" iteration="" />
      <Owners>
        <Owner name="" />
      </Owners>
      <Execution id="6c59e682-cee6-484e-9e4f-fd4a7c41c3db" />
      <TestMethod codeBase="D:\Proyectos.Net\Electrodomesticos\TestProject1\bin\Debug\TestProject1.dll" adapterTypeName="Microsoft.VisualStudio.TestTools.TestTypes.Unit.UnitTestAdapter, Microsoft.VisualStudio.QualityTools.Tips.UnitTest.Adapter, Version=9.0.0.0, Culture=neutral, PublicKeyToken=b03f5f7f11d50a3a" className="TestProject1.CachedCryPresupuestoTest, TestProject1" name="IsCacheableTest" />
    </UnitTest>
    <UnitTest name="CachedCryDetVenConstructorTest" storage="d:\proyectos.net\electrodomesticos\testproject1\bin\debug\testproject1.dll" id="da5a6e7d-b958-3b9d-d7c1-5bb2ae2909d7">
      <Css projectStructure="" iteration="" />
      <Owners>
        <Owner name="" />
      </Owners>
      <Execution id="89f6e0fa-a7e0-43ed-9ac2-74f0fcd87457" />
      <TestMethod codeBase="D:\Proyectos.Net\Electrodomesticos\TestProject1\bin\Debug\TestProject1.dll" adapterTypeName="Microsoft.VisualStudio.TestTools.TestTypes.Unit.UnitTestAdapter, Microsoft.VisualStudio.QualityTools.Tips.UnitTest.Adapter, Version=9.0.0.0, Culture=neutral, PublicKeyToken=b03f5f7f11d50a3a" className="TestProject1.CachedCryDetVenTest, TestProject1" name="CachedCryDetVenConstructorTest" />
    </UnitTest>
    <UnitTest name="CachedCryRcuenProConstructorTest" storage="d:\proyectos.net\electrodomesticos\testproject1\bin\debug\testproject1.dll" id="a883e6cb-2eb2-7d7c-5bee-8183ad325696">
      <Css projectStructure="" iteration="" />
      <Owners>
        <Owner name="" />
      </Owners>
      <Execution id="9f7782bd-9e41-47d5-af90-1e73915b5f20" />
      <TestMethod codeBase="D:\Proyectos.Net\Electrodomesticos\TestProject1\bin\Debug\TestProject1.dll" adapterTypeName="Microsoft.VisualStudio.TestTools.TestTypes.Unit.UnitTestAdapter, Microsoft.VisualStudio.QualityTools.Tips.UnitTest.Adapter, Version=9.0.0.0, Culture=neutral, PublicKeyToken=b03f5f7f11d50a3a" className="TestProject1.CachedCryRcuenProTest, TestProject1" name="CachedCryRcuenProConstructorTest" />
    </UnitTest>
    <UnitTest name="GetCustomizedCacheKeyTest" storage="d:\proyectos.net\electrodomesticos\testproject1\bin\debug\testproject1.dll" id="059b06d8-72ff-d18a-8faa-030264bb8bb1">
      <Css projectStructure="" iteration="" />
      <Owners>
        <Owner name="" />
      </Owners>
      <Execution id="d0267a12-962d-42ee-8ef9-823446e1deed" />
      <TestMethod codeBase="D:\Proyectos.Net\Electrodomesticos\TestProject1\bin\Debug\TestProject1.dll" adapterTypeName="Microsoft.VisualStudio.TestTools.TestTypes.Unit.UnitTestAdapter, Microsoft.VisualStudio.QualityTools.Tips.UnitTest.Adapter, Version=9.0.0.0, Culture=neutral, PublicKeyToken=b03f5f7f11d50a3a" className="TestProject1.CachedCryRcuenProTest, TestProject1" name="GetCustomizedCacheKeyTest" />
    </UnitTest>
    <UnitTest name="ShareDBLogonInfoTest" storage="d:\proyectos.net\electrodomesticos\testproject1\bin\debug\testproject1.dll" id="045954f0-58a1-44d3-7628-f98a7662279f">
      <Css projectStructure="" iteration="" />
      <Owners>
        <Owner name="" />
      </Owners>
      <Execution id="36188887-6761-4437-acaa-ef405f1f9c9c" />
      <TestMethod codeBase="D:\Proyectos.Net\Electrodomesticos\TestProject1\bin\Debug\TestProject1.dll" adapterTypeName="Microsoft.VisualStudio.TestTools.TestTypes.Unit.UnitTestAdapter, Microsoft.VisualStudio.QualityTools.Tips.UnitTest.Adapter, Version=9.0.0.0, Culture=neutral, PublicKeyToken=b03f5f7f11d50a3a" className="TestProject1.CachedCrySaldosTest, TestProject1" name="ShareDBLogonInfoTest" />
    </UnitTest>
    <UnitTest name="CreateReportTest" storage="d:\proyectos.net\electrodomesticos\testproject1\bin\debug\testproject1.dll" id="8c0cc0c0-6e89-1c7f-c419-ba8f2f463213">
      <Css projectStructure="" iteration="" />
      <Owners>
        <Owner name="" />
      </Owners>
      <Execution id="c72386e4-e88e-4188-968b-1dfcf5edbe6c" />
      <TestMethod codeBase="D:\Proyectos.Net\Electrodomesticos\TestProject1\bin\Debug\TestProject1.dll" adapterTypeName="Microsoft.VisualStudio.TestTools.TestTypes.Unit.UnitTestAdapter, Microsoft.VisualStudio.QualityTools.Tips.UnitTest.Adapter, Version=9.0.0.0, Culture=neutral, PublicKeyToken=b03f5f7f11d50a3a" className="TestProject1.CachedCryIvaComprasTest, TestProject1" name="CreateReportTest" />
    </UnitTest>
    <UnitTest name="CreateReportTest" storage="d:\proyectos.net\electrodomesticos\testproject1\bin\debug\testproject1.dll" id="a000ac3a-b3cf-7dc9-9ee2-0e04691f4271">
      <Css projectStructure="" iteration="" />
      <Owners>
        <Owner name="" />
      </Owners>
      <Execution id="7a10361b-3041-4f26-a186-7ee207e22528" />
      <TestMethod codeBase="D:\Proyectos.Net\Electrodomesticos\TestProject1\bin\Debug\TestProject1.dll" adapterTypeName="Microsoft.VisualStudio.TestTools.TestTypes.Unit.UnitTestAdapter, Microsoft.VisualStudio.QualityTools.Tips.UnitTest.Adapter, Version=9.0.0.0, Culture=neutral, PublicKeyToken=b03f5f7f11d50a3a" className="TestProject1.CachedCryDetVenTest, TestProject1" name="CreateReportTest" />
    </UnitTest>
    <UnitTest name="CachedCryPresupuestoConstructorTest" storage="d:\proyectos.net\electrodomesticos\testproject1\bin\debug\testproject1.dll" id="5df935ca-425b-110e-7545-c5888243e40d">
      <Css projectStructure="" iteration="" />
      <Owners>
        <Owner name="" />
      </Owners>
      <Execution id="89839469-4982-4844-a02c-af676bb93d95" />
      <TestMethod codeBase="D:\Proyectos.Net\Electrodomesticos\TestProject1\bin\Debug\TestProject1.dll" adapterTypeName="Microsoft.VisualStudio.TestTools.TestTypes.Unit.UnitTestAdapter, Microsoft.VisualStudio.QualityTools.Tips.UnitTest.Adapter, Version=9.0.0.0, Culture=neutral, PublicKeyToken=b03f5f7f11d50a3a" className="TestProject1.CachedCryPresupuestoTest, TestProject1" name="CachedCryPresupuestoConstructorTest" />
    </UnitTest>
    <UnitTest name="ShareDBLogonInfoTest" storage="d:\proyectos.net\electrodomesticos\testproject1\bin\debug\testproject1.dll" id="872cf683-6b93-cca5-b2ea-1cfc270ce02c">
      <Css projectStructure="" iteration="" />
      <Owners>
        <Owner name="" />
      </Owners>
      <Execution id="9521e964-3643-44df-a1c5-7eee17189cf3" />
      <TestMethod codeBase="D:\Proyectos.Net\Electrodomesticos\TestProject1\bin\Debug\TestProject1.dll" adapterTypeName="Microsoft.VisualStudio.TestTools.TestTypes.Unit.UnitTestAdapter, Microsoft.VisualStudio.QualityTools.Tips.UnitTest.Adapter, Version=9.0.0.0, Culture=neutral, PublicKeyToken=b03f5f7f11d50a3a" className="TestProject1.CachedCryReciboTest, TestProject1" name="ShareDBLogonInfoTest" />
    </UnitTest>
    <UnitTest name="GetCustomizedCacheKeyTest" storage="d:\proyectos.net\electrodomesticos\testproject1\bin\debug\testproject1.dll" id="f9f3809d-e0ab-887c-e1be-efe95001befe">
      <Css projectStructure="" iteration="" />
      <Owners>
        <Owner name="" />
      </Owners>
      <Execution id="1665b80e-ace3-41b9-8d30-2e30c3134922" />
      <TestMethod codeBase="D:\Proyectos.Net\Electrodomesticos\TestProject1\bin\Debug\TestProject1.dll" adapterTypeName="Microsoft.VisualStudio.TestTools.TestTypes.Unit.UnitTestAdapter, Microsoft.VisualStudio.QualityTools.Tips.UnitTest.Adapter, Version=9.0.0.0, Culture=neutral, PublicKeyToken=b03f5f7f11d50a3a" className="TestProject1.CachedCryReciboTest, TestProject1" name="GetCustomizedCacheKeyTest" />
    </UnitTest>
    <UnitTest name="IsCacheableTest" storage="d:\proyectos.net\electrodomesticos\testproject1\bin\debug\testproject1.dll" id="48356080-96ea-a088-861a-9579a93ce5eb">
      <Css projectStructure="" iteration="" />
      <Owners>
        <Owner name="" />
      </Owners>
      <Execution id="98f488b8-f3b5-4573-84eb-cc5239b74402" />
      <TestMethod codeBase="D:\Proyectos.Net\Electrodomesticos\TestProject1\bin\Debug\TestProject1.dll" adapterTypeName="Microsoft.VisualStudio.TestTools.TestTypes.Unit.UnitTestAdapter, Microsoft.VisualStudio.QualityTools.Tips.UnitTest.Adapter, Version=9.0.0.0, Culture=neutral, PublicKeyToken=b03f5f7f11d50a3a" className="TestProject1.CachedCryIvaVentasTest, TestProject1" name="IsCacheableTest" />
    </UnitTest>
    <UnitTest name="IsCacheableTest" storage="d:\proyectos.net\electrodomesticos\testproject1\bin\debug\testproject1.dll" id="441c275f-c39b-d2e3-ab42-db14ee4f6dc8">
      <Css projectStructure="" iteration="" />
      <Owners>
        <Owner name="" />
      </Owners>
      <Execution id="db3dbf4f-967b-4c8e-9510-2d108393c0ef" />
      <TestMethod codeBase="D:\Proyectos.Net\Electrodomesticos\TestProject1\bin\Debug\TestProject1.dll" adapterTypeName="Microsoft.VisualStudio.TestTools.TestTypes.Unit.UnitTestAdapter, Microsoft.VisualStudio.QualityTools.Tips.UnitTest.Adapter, Version=9.0.0.0, Culture=neutral, PublicKeyToken=b03f5f7f11d50a3a" className="TestProject1.CachedCryRcuenProTest, TestProject1" name="IsCacheableTest" />
    </UnitTest>
    <UnitTest name="ShareDBLogonInfoTest" storage="d:\proyectos.net\electrodomesticos\testproject1\bin\debug\testproject1.dll" id="81171e65-13b3-dfa5-4d5c-4176bfc246b4">
      <Css projectStructure="" iteration="" />
      <Owners>
        <Owner name="" />
      </Owners>
      <Execution id="db9a5ee4-954a-452e-8f03-7073acfc525c" />
      <TestMethod codeBase="D:\Proyectos.Net\Electrodomesticos\TestProject1\bin\Debug\TestProject1.dll" adapterTypeName="Microsoft.VisualStudio.TestTools.TestTypes.Unit.UnitTestAdapter, Microsoft.VisualStudio.QualityTools.Tips.UnitTest.Adapter, Version=9.0.0.0, Culture=neutral, PublicKeyToken=b03f5f7f11d50a3a" className="TestProject1.CachedCryRcuenCliTest, TestProject1" name="ShareDBLogonInfoTest" />
    </UnitTest>
    <UnitTest name="DtcRecibo_ComprobanteDataTableConstructorTest" storage="d:\proyectos.net\electrodomesticos\testproject1\bin\debug\testproject1.dll" id="43c8ba4e-d1db-64fe-fd99-094edca978cf">
      <Css projectStructure="" iteration="" />
      <Owners>
        <Owner name="" />
      </Owners>
      <DeploymentItems>
        <DeploymentItem filename="Super.exe" />
      </DeploymentItems>
      <Execution id="53027e7f-a172-4fb1-a03c-05b28e975f20" />
      <TestMethod codeBase="D:\Proyectos.Net\Electrodomesticos\TestProject1\bin\Debug\TestProject1.dll" adapterTypeName="Microsoft.VisualStudio.TestTools.TestTypes.Unit.UnitTestAdapter, Microsoft.VisualStudio.QualityTools.Tips.UnitTest.Adapter, Version=9.0.0.0, Culture=neutral, PublicKeyToken=b03f5f7f11d50a3a" className="TestProject1.DtcRecibo_ComprobanteDataTableTest, TestProject1" name="DtcRecibo_ComprobanteDataTableConstructorTest" />
    </UnitTest>
    <UnitTest name="ShareDBLogonInfoTest" storage="d:\proyectos.net\electrodomesticos\testproject1\bin\debug\testproject1.dll" id="f2fe63f0-4478-7b7b-bd25-44ea4473519d">
      <Css projectStructure="" iteration="" />
      <Owners>
        <Owner name="" />
      </Owners>
      <Execution id="3e30dec4-0985-46d1-aadf-c0380772c67a" />
      <TestMethod codeBase="D:\Proyectos.Net\Electrodomesticos\TestProject1\bin\Debug\TestProject1.dll" adapterTypeName="Microsoft.VisualStudio.TestTools.TestTypes.Unit.UnitTestAdapter, Microsoft.VisualStudio.QualityTools.Tips.UnitTest.Adapter, Version=9.0.0.0, Culture=neutral, PublicKeyToken=b03f5f7f11d50a3a" className="TestProject1.CachedCryIvaVentasTest, TestProject1" name="ShareDBLogonInfoTest" />
    </UnitTest>
    <UnitTest name="CacheTimeOutTest" storage="d:\proyectos.net\electrodomesticos\testproject1\bin\debug\testproject1.dll" id="f8990b1d-c48a-3414-d201-d7435c02494f">
      <Css projectStructure="" iteration="" />
      <Owners>
        <Owner name="" />
      </Owners>
      <Execution id="37cbdbc0-c270-43cf-bc8e-089f1b288b71" />
      <TestMethod codeBase="D:\Proyectos.Net\Electrodomesticos\TestProject1\bin\Debug\TestProject1.dll" adapterTypeName="Microsoft.VisualStudio.TestTools.TestTypes.Unit.UnitTestAdapter, Microsoft.VisualStudio.QualityTools.Tips.UnitTest.Adapter, Version=9.0.0.0, Culture=neutral, PublicKeyToken=b03f5f7f11d50a3a" className="TestProject1.CachedCryIvaVentasTest, TestProject1" name="CacheTimeOutTest" />
    </UnitTest>
    <UnitTest name="GetCustomizedCacheKeyTest" storage="d:\proyectos.net\electrodomesticos\testproject1\bin\debug\testproject1.dll" id="ee6191bd-2685-9940-ab51-815288298a19">
      <Css projectStructure="" iteration="" />
      <Owners>
        <Owner name="" />
      </Owners>
      <Execution id="31085163-a7f2-4237-a0e4-0a036aa30883" />
      <TestMethod codeBase="D:\Proyectos.Net\Electrodomesticos\TestProject1\bin\Debug\TestProject1.dll" adapterTypeName="Microsoft.VisualStudio.TestTools.TestTypes.Unit.UnitTestAdapter, Microsoft.VisualStudio.QualityTools.Tips.UnitTest.Adapter, Version=9.0.0.0, Culture=neutral, PublicKeyToken=b03f5f7f11d50a3a" className="TestProject1.CachedCryRemitoTest, TestProject1" name="GetCustomizedCacheKeyTest" />
    </UnitTest>
    <UnitTest name="CachedCryIvaVentasConstructorTest" storage="d:\proyectos.net\electrodomesticos\testproject1\bin\debug\testproject1.dll" id="09e0f863-09d6-b76d-b04a-0e37d04800a7">
      <Css projectStructure="" iteration="" />
      <Owners>
        <Owner name="" />
      </Owners>
      <Execution id="d0dd231b-b57d-43ee-9177-bde76cb97292" />
      <TestMethod codeBase="D:\Proyectos.Net\Electrodomesticos\TestProject1\bin\Debug\TestProject1.dll" adapterTypeName="Microsoft.VisualStudio.TestTools.TestTypes.Unit.UnitTestAdapter, Microsoft.VisualStudio.QualityTools.Tips.UnitTest.Adapter, Version=9.0.0.0, Culture=neutral, PublicKeyToken=b03f5f7f11d50a3a" className="TestProject1.CachedCryIvaVentasTest, TestProject1" name="CachedCryIvaVentasConstructorTest" />
    </UnitTest>
    <UnitTest name="GetCustomizedCacheKeyTest" storage="d:\proyectos.net\electrodomesticos\testproject1\bin\debug\testproject1.dll" id="b957b282-66cf-9d5d-b1c9-00e219d95f5f">
      <Css projectStructure="" iteration="" />
      <Owners>
        <Owner name="" />
      </Owners>
      <Execution id="96305e6b-ff8a-44a2-9a81-632d0259ae05" />
      <TestMethod codeBase="D:\Proyectos.Net\Electrodomesticos\TestProject1\bin\Debug\TestProject1.dll" adapterTypeName="Microsoft.VisualStudio.TestTools.TestTypes.Unit.UnitTestAdapter, Microsoft.VisualStudio.QualityTools.Tips.UnitTest.Adapter, Version=9.0.0.0, Culture=neutral, PublicKeyToken=b03f5f7f11d50a3a" className="TestProject1.CachedCryDetVenTest, TestProject1" name="GetCustomizedCacheKeyTest" />
    </UnitTest>
    <UnitTest name="CreateReportTest" storage="d:\proyectos.net\electrodomesticos\testproject1\bin\debug\testproject1.dll" id="4d40c7a3-99b0-4930-5cca-b071aee9869b">
      <Css projectStructure="" iteration="" />
      <Owners>
        <Owner name="" />
      </Owners>
      <Execution id="5e1d98d2-b6c9-41c2-9862-847505f98bfc" />
      <TestMethod codeBase="D:\Proyectos.Net\Electrodomesticos\TestProject1\bin\Debug\TestProject1.dll" adapterTypeName="Microsoft.VisualStudio.TestTools.TestTypes.Unit.UnitTestAdapter, Microsoft.VisualStudio.QualityTools.Tips.UnitTest.Adapter, Version=9.0.0.0, Culture=neutral, PublicKeyToken=b03f5f7f11d50a3a" className="TestProject1.CachedCryRcuenCliTest, TestProject1" name="CreateReportTest" />
    </UnitTest>
    <UnitTest name="CacheTimeOutTest" storage="d:\proyectos.net\electrodomesticos\testproject1\bin\debug\testproject1.dll" id="a4bd3537-8def-4f80-1731-34924e9f5cd7">
      <Css projectStructure="" iteration="" />
      <Owners>
        <Owner name="" />
      </Owners>
      <Execution id="3a0effe6-a281-435d-86a6-d95cea717c79" />
      <TestMethod codeBase="D:\Proyectos.Net\Electrodomesticos\TestProject1\bin\Debug\TestProject1.dll" adapterTypeName="Microsoft.VisualStudio.TestTools.TestTypes.Unit.UnitTestAdapter, Microsoft.VisualStudio.QualityTools.Tips.UnitTest.Adapter, Version=9.0.0.0, Culture=neutral, PublicKeyToken=b03f5f7f11d50a3a" className="TestProject1.CachedCryRcuenCliTest, TestProject1" name="CacheTimeOutTest" />
    </UnitTest>
    <UnitTest name="IsCacheableTest" storage="d:\proyectos.net\electrodomesticos\testproject1\bin\debug\testproject1.dll" id="ba4abc08-a1b7-fe98-b626-723fcacbd3a7">
      <Css projectStructure="" iteration="" />
      <Owners>
        <Owner name="" />
      </Owners>
      <Execution id="bccdd0b0-0468-4143-85c8-ba9ae134b890" />
      <TestMethod codeBase="D:\Proyectos.Net\Electrodomesticos\TestProject1\bin\Debug\TestProject1.dll" adapterTypeName="Microsoft.VisualStudio.TestTools.TestTypes.Unit.UnitTestAdapter, Microsoft.VisualStudio.QualityTools.Tips.UnitTest.Adapter, Version=9.0.0.0, Culture=neutral, PublicKeyToken=b03f5f7f11d50a3a" className="TestProject1.CachedCryRcuenCliTest, TestProject1" name="IsCacheableTest" />
    </UnitTest>
    <UnitTest name="CachedCrySaldosConstructorTest" storage="d:\proyectos.net\electrodomesticos\testproject1\bin\debug\testproject1.dll" id="a436d66d-8ea9-e3be-7bdd-223c4e68e53a">
      <Css projectStructure="" iteration="" />
      <Owners>
        <Owner name="" />
      </Owners>
      <Execution id="7bb32cb0-11cc-4441-b27b-fd5bdf485439" />
      <TestMethod codeBase="D:\Proyectos.Net\Electrodomesticos\TestProject1\bin\Debug\TestProject1.dll" adapterTypeName="Microsoft.VisualStudio.TestTools.TestTypes.Unit.UnitTestAdapter, Microsoft.VisualStudio.QualityTools.Tips.UnitTest.Adapter, Version=9.0.0.0, Culture=neutral, PublicKeyToken=b03f5f7f11d50a3a" className="TestProject1.CachedCrySaldosTest, TestProject1" name="CachedCrySaldosConstructorTest" />
    </UnitTest>
    <UnitTest name="IsCacheableTest" storage="d:\proyectos.net\electrodomesticos\testproject1\bin\debug\testproject1.dll" id="2e7637f6-522d-7840-755d-30282e72a76f">
      <Css projectStructure="" iteration="" />
      <Owners>
        <Owner name="" />
      </Owners>
      <Execution id="87676487-ad5f-41d4-a538-74719524ccf7" />
      <TestMethod codeBase="D:\Proyectos.Net\Electrodomesticos\TestProject1\bin\Debug\TestProject1.dll" adapterTypeName="Microsoft.VisualStudio.TestTools.TestTypes.Unit.UnitTestAdapter, Microsoft.VisualStudio.QualityTools.Tips.UnitTest.Adapter, Version=9.0.0.0, Culture=neutral, PublicKeyToken=b03f5f7f11d50a3a" className="TestProject1.CachedCryReciboTest, TestProject1" name="IsCacheableTest" />
    </UnitTest>
    <UnitTest name="CreateReportTest" storage="d:\proyectos.net\electrodomesticos\testproject1\bin\debug\testproject1.dll" id="76810870-2418-1636-bbe8-930c32d5ff8f">
      <Css projectStructure="" iteration="" />
      <Owners>
        <Owner name="" />
      </Owners>
      <Execution id="68899e15-4dae-491b-8ddd-9dd5b3b4287b" />
      <TestMethod codeBase="D:\Proyectos.Net\Electrodomesticos\TestProject1\bin\Debug\TestProject1.dll" adapterTypeName="Microsoft.VisualStudio.TestTools.TestTypes.Unit.UnitTestAdapter, Microsoft.VisualStudio.QualityTools.Tips.UnitTest.Adapter, Version=9.0.0.0, Culture=neutral, PublicKeyToken=b03f5f7f11d50a3a" className="TestProject1.CachedCrySaldosTest, TestProject1" name="CreateReportTest" />
    </UnitTest>
    <UnitTest name="CreateReportTest" storage="d:\proyectos.net\electrodomesticos\testproject1\bin\debug\testproject1.dll" id="1847a43c-1537-d8c4-724e-1b749234b0c3">
      <Css projectStructure="" iteration="" />
      <Owners>
        <Owner name="" />
      </Owners>
      <Execution id="9b979570-3e05-4fe0-a516-e7c27e57f7bf" />
      <TestMethod codeBase="D:\Proyectos.Net\Electrodomesticos\TestProject1\bin\Debug\TestProject1.dll" adapterTypeName="Microsoft.VisualStudio.TestTools.TestTypes.Unit.UnitTestAdapter, Microsoft.VisualStudio.QualityTools.Tips.UnitTest.Adapter, Version=9.0.0.0, Culture=neutral, PublicKeyToken=b03f5f7f11d50a3a" className="TestProject1.CachedCryRemitoTest, TestProject1" name="CreateReportTest" />
    </UnitTest>
    <UnitTest name="CacheTimeOutTest" storage="d:\proyectos.net\electrodomesticos\testproject1\bin\debug\testproject1.dll" id="fef00f9b-0352-e80f-0b91-72a3cc1f81c0">
      <Css projectStructure="" iteration="" />
      <Owners>
        <Owner name="" />
      </Owners>
      <Execution id="2af516c2-30d3-48e1-acfe-de05e490c3a6" />
      <TestMethod codeBase="D:\Proyectos.Net\Electrodomesticos\TestProject1\bin\Debug\TestProject1.dll" adapterTypeName="Microsoft.VisualStudio.TestTools.TestTypes.Unit.UnitTestAdapter, Microsoft.VisualStudio.QualityTools.Tips.UnitTest.Adapter, Version=9.0.0.0, Culture=neutral, PublicKeyToken=b03f5f7f11d50a3a" className="TestProject1.CachedCryRcuenProTest, TestProject1" name="CacheTimeOutTest" />
    </UnitTest>
    <UnitTest name="CachedCryRcuenCliConstructorTest" storage="d:\proyectos.net\electrodomesticos\testproject1\bin\debug\testproject1.dll" id="1b6c8988-4189-eb6b-b27e-e38d9bffe0f8">
      <Css projectStructure="" iteration="" />
      <Owners>
        <Owner name="" />
      </Owners>
      <Execution id="bba930cd-7977-43f5-962a-db78b77fe0b2" />
      <TestMethod codeBase="D:\Proyectos.Net\Electrodomesticos\TestProject1\bin\Debug\TestProject1.dll" adapterTypeName="Microsoft.VisualStudio.TestTools.TestTypes.Unit.UnitTestAdapter, Microsoft.VisualStudio.QualityTools.Tips.UnitTest.Adapter, Version=9.0.0.0, Culture=neutral, PublicKeyToken=b03f5f7f11d50a3a" className="TestProject1.CachedCryRcuenCliTest, TestProject1" name="CachedCryRcuenCliConstructorTest" />
    </UnitTest>
    <UnitTest name="ShareDBLogonInfoTest" storage="d:\proyectos.net\electrodomesticos\testproject1\bin\debug\testproject1.dll" id="0308a57f-dab5-0109-ff7c-779e3e578ffc">
      <Css projectStructure="" iteration="" />
      <Owners>
        <Owner name="" />
      </Owners>
      <Execution id="7a28ea7b-c80e-4ca7-8cac-e2df04557c78" />
      <TestMethod codeBase="D:\Proyectos.Net\Electrodomesticos\TestProject1\bin\Debug\TestProject1.dll" adapterTypeName="Microsoft.VisualStudio.TestTools.TestTypes.Unit.UnitTestAdapter, Microsoft.VisualStudio.QualityTools.Tips.UnitTest.Adapter, Version=9.0.0.0, Culture=neutral, PublicKeyToken=b03f5f7f11d50a3a" className="TestProject1.CachedCryRemitoTest, TestProject1" name="ShareDBLogonInfoTest" />
    </UnitTest>
    <UnitTest name="GetCustomizedCacheKeyTest" storage="d:\proyectos.net\electrodomesticos\testproject1\bin\debug\testproject1.dll" id="aed3dc00-ed5a-cfea-bcf3-4aca543a63ee">
      <Css projectStructure="" iteration="" />
      <Owners>
        <Owner name="" />
      </Owners>
      <Execution id="a415ae61-c780-41b5-b988-a188fea7dd92" />
      <TestMethod codeBase="D:\Proyectos.Net\Electrodomesticos\TestProject1\bin\Debug\TestProject1.dll" adapterTypeName="Microsoft.VisualStudio.TestTools.TestTypes.Unit.UnitTestAdapter, Microsoft.VisualStudio.QualityTools.Tips.UnitTest.Adapter, Version=9.0.0.0, Culture=neutral, PublicKeyToken=b03f5f7f11d50a3a" className="TestProject1.CachedCrySaldosTest, TestProject1" name="GetCustomizedCacheKeyTest" />
    </UnitTest>
    <UnitTest name="IsCacheableTest" storage="d:\proyectos.net\electrodomesticos\testproject1\bin\debug\testproject1.dll" id="d222b6da-dd5f-6429-69cb-14ed4233f081">
      <Css projectStructure="" iteration="" />
      <Owners>
        <Owner name="" />
      </Owners>
      <Execution id="2364ab5d-8668-4cd7-b774-26604c1fb26d" />
      <TestMethod codeBase="D:\Proyectos.Net\Electrodomesticos\TestProject1\bin\Debug\TestProject1.dll" adapterTypeName="Microsoft.VisualStudio.TestTools.TestTypes.Unit.UnitTestAdapter, Microsoft.VisualStudio.QualityTools.Tips.UnitTest.Adapter, Version=9.0.0.0, Culture=neutral, PublicKeyToken=b03f5f7f11d50a3a" className="TestProject1.CachedCrySaldosTest, TestProject1" name="IsCacheableTest" />
    </UnitTest>
    <UnitTest name="ShareDBLogonInfoTest" storage="d:\proyectos.net\electrodomesticos\testproject1\bin\debug\testproject1.dll" id="1e573e7d-d702-0bf9-a045-f531105d421b">
      <Css projectStructure="" iteration="" />
      <Owners>
        <Owner name="" />
      </Owners>
      <Execution id="2d545d44-5975-4fdf-a86a-435edf017f02" />
      <TestMethod codeBase="D:\Proyectos.Net\Electrodomesticos\TestProject1\bin\Debug\TestProject1.dll" adapterTypeName="Microsoft.VisualStudio.TestTools.TestTypes.Unit.UnitTestAdapter, Microsoft.VisualStudio.QualityTools.Tips.UnitTest.Adapter, Version=9.0.0.0, Culture=neutral, PublicKeyToken=b03f5f7f11d50a3a" className="TestProject1.CachedCryDetVenTest, TestProject1" name="ShareDBLogonInfoTest" />
    </UnitTest>
    <UnitTest name="CachedCryIvaComprasConstructorTest" storage="d:\proyectos.net\electrodomesticos\testproject1\bin\debug\testproject1.dll" id="e44bc15c-34de-fcd7-bcef-ca3cfa4f02a9">
      <Css projectStructure="" iteration="" />
      <Owners>
        <Owner name="" />
      </Owners>
      <Execution id="f4ddc08a-d05b-46f5-be39-72ff265ee7dc" />
      <TestMethod codeBase="D:\Proyectos.Net\Electrodomesticos\TestProject1\bin\Debug\TestProject1.dll" adapterTypeName="Microsoft.VisualStudio.TestTools.TestTypes.Unit.UnitTestAdapter, Microsoft.VisualStudio.QualityTools.Tips.UnitTest.Adapter, Version=9.0.0.0, Culture=neutral, PublicKeyToken=b03f5f7f11d50a3a" className="TestProject1.CachedCryIvaComprasTest, TestProject1" name="CachedCryIvaComprasConstructorTest" />
    </UnitTest>
    <UnitTest name="GetCustomizedCacheKeyTest" storage="d:\proyectos.net\electrodomesticos\testproject1\bin\debug\testproject1.dll" id="e3b602d7-0a5b-89bd-b20e-89bc0df2b765">
      <Css projectStructure="" iteration="" />
      <Owners>
        <Owner name="" />
      </Owners>
      <Execution id="b6f6c952-ac72-47ac-8b60-0e415aa512a9" />
      <TestMethod codeBase="D:\Proyectos.Net\Electrodomesticos\TestProject1\bin\Debug\TestProject1.dll" adapterTypeName="Microsoft.VisualStudio.TestTools.TestTypes.Unit.UnitTestAdapter, Microsoft.VisualStudio.QualityTools.Tips.UnitTest.Adapter, Version=9.0.0.0, Culture=neutral, PublicKeyToken=b03f5f7f11d50a3a" className="TestProject1.CachedCryIvaComprasTest, TestProject1" name="GetCustomizedCacheKeyTest" />
    </UnitTest>
    <UnitTest name="ShareDBLogonInfoTest" storage="d:\proyectos.net\electrodomesticos\testproject1\bin\debug\testproject1.dll" id="6548b7ea-38e7-1e46-b186-cf6936768b0b">
      <Css projectStructure="" iteration="" />
      <Owners>
        <Owner name="" />
      </Owners>
      <Execution id="5c28d18a-f506-4244-bbbc-60d2111f6b24" />
      <TestMethod codeBase="D:\Proyectos.Net\Electrodomesticos\TestProject1\bin\Debug\TestProject1.dll" adapterTypeName="Microsoft.VisualStudio.TestTools.TestTypes.Unit.UnitTestAdapter, Microsoft.VisualStudio.QualityTools.Tips.UnitTest.Adapter, Version=9.0.0.0, Culture=neutral, PublicKeyToken=b03f5f7f11d50a3a" className="TestProject1.CachedCryIvaComprasTest, TestProject1" name="ShareDBLogonInfoTest" />
    </UnitTest>
    <UnitTest name="ShareDBLogonInfoTest" storage="d:\proyectos.net\electrodomesticos\testproject1\bin\debug\testproject1.dll" id="a7639f66-6db0-2c01-eff9-73967bbc6887">
      <Css projectStructure="" iteration="" />
      <Owners>
        <Owner name="" />
      </Owners>
      <Execution id="b8b10d74-76c3-45cb-adbc-0c2818a88c58" />
      <TestMethod codeBase="D:\Proyectos.Net\Electrodomesticos\TestProject1\bin\Debug\TestProject1.dll" adapterTypeName="Microsoft.VisualStudio.TestTools.TestTypes.Unit.UnitTestAdapter, Microsoft.VisualStudio.QualityTools.Tips.UnitTest.Adapter, Version=9.0.0.0, Culture=neutral, PublicKeyToken=b03f5f7f11d50a3a" className="TestProject1.CachedCryPresupuestoTest, TestProject1" name="ShareDBLogonInfoTest" />
    </UnitTest>
    <UnitTest name="CreateReportTest" storage="d:\proyectos.net\electrodomesticos\testproject1\bin\debug\testproject1.dll" id="a40cc0a0-5808-914d-8ca2-11dce0350950">
      <Css projectStructure="" iteration="" />
      <Owners>
        <Owner name="" />
      </Owners>
      <Execution id="7fea737b-0411-4300-84eb-919289df023f" />
      <TestMethod codeBase="D:\Proyectos.Net\Electrodomesticos\TestProject1\bin\Debug\TestProject1.dll" adapterTypeName="Microsoft.VisualStudio.TestTools.TestTypes.Unit.UnitTestAdapter, Microsoft.VisualStudio.QualityTools.Tips.UnitTest.Adapter, Version=9.0.0.0, Culture=neutral, PublicKeyToken=b03f5f7f11d50a3a" className="TestProject1.CachedCryIvaVentasTest, TestProject1" name="CreateReportTest" />
    </UnitTest>
    <UnitTest name="CacheTimeOutTest" storage="d:\proyectos.net\electrodomesticos\testproject1\bin\debug\testproject1.dll" id="525954ae-6196-8150-bd45-f4500d77c2d7">
      <Css projectStructure="" iteration="" />
      <Owners>
        <Owner name="" />
      </Owners>
      <Execution id="e7fd2f26-5ba7-4d85-9701-991e04ae4f86" />
      <TestMethod codeBase="D:\Proyectos.Net\Electrodomesticos\TestProject1\bin\Debug\TestProject1.dll" adapterTypeName="Microsoft.VisualStudio.TestTools.TestTypes.Unit.UnitTestAdapter, Microsoft.VisualStudio.QualityTools.Tips.UnitTest.Adapter, Version=9.0.0.0, Culture=neutral, PublicKeyToken=b03f5f7f11d50a3a" className="TestProject1.CachedCrySaldosTest, TestProject1" name="CacheTimeOutTest" />
    </UnitTest>
    <UnitTest name="GetCustomizedCacheKeyTest" storage="d:\proyectos.net\electrodomesticos\testproject1\bin\debug\testproject1.dll" id="f3c2043f-6c72-7d43-c619-320679b70611">
      <Css projectStructure="" iteration="" />
      <Owners>
        <Owner name="" />
      </Owners>
      <Execution id="ce7fd0a8-2187-408e-b1d1-61834ff320ea" />
      <TestMethod codeBase="D:\Proyectos.Net\Electrodomesticos\TestProject1\bin\Debug\TestProject1.dll" adapterTypeName="Microsoft.VisualStudio.TestTools.TestTypes.Unit.UnitTestAdapter, Microsoft.VisualStudio.QualityTools.Tips.UnitTest.Adapter, Version=9.0.0.0, Culture=neutral, PublicKeyToken=b03f5f7f11d50a3a" className="TestProject1.CachedCryPresupuestoTest, TestProject1" name="GetCustomizedCacheKeyTest" />
    </UnitTest>
    <UnitTest name="IsCacheableTest" storage="d:\proyectos.net\electrodomesticos\testproject1\bin\debug\testproject1.dll" id="f151f9c6-33e6-1ba4-c913-985f6e42a4ce">
      <Css projectStructure="" iteration="" />
      <Owners>
        <Owner name="" />
      </Owners>
      <Execution id="716b7df9-5e65-4094-b907-63e1f0a0dccd" />
      <TestMethod codeBase="D:\Proyectos.Net\Electrodomesticos\TestProject1\bin\Debug\TestProject1.dll" adapterTypeName="Microsoft.VisualStudio.TestTools.TestTypes.Unit.UnitTestAdapter, Microsoft.VisualStudio.QualityTools.Tips.UnitTest.Adapter, Version=9.0.0.0, Culture=neutral, PublicKeyToken=b03f5f7f11d50a3a" className="TestProject1.CachedCryRemitoTest, TestProject1" name="IsCacheableTest" />
    </UnitTest>
    <UnitTest name="CacheTimeOutTest" storage="d:\proyectos.net\electrodomesticos\testproject1\bin\debug\testproject1.dll" id="c5b6637b-56d1-30f5-25e3-394a1f2c3701">
      <Css projectStructure="" iteration="" />
      <Owners>
        <Owner name="" />
      </Owners>
      <Execution id="74a0f579-e525-48d1-8334-a2613f64aa4a" />
      <TestMethod codeBase="D:\Proyectos.Net\Electrodomesticos\TestProject1\bin\Debug\TestProject1.dll" adapterTypeName="Microsoft.VisualStudio.TestTools.TestTypes.Unit.UnitTestAdapter, Microsoft.VisualStudio.QualityTools.Tips.UnitTest.Adapter, Version=9.0.0.0, Culture=neutral, PublicKeyToken=b03f5f7f11d50a3a" className="TestProject1.CachedCryPresupuestoTest, TestProject1" name="CacheTimeOutTest" />
    </UnitTest>
    <UnitTest name="CreateReportTest" storage="d:\proyectos.net\electrodomesticos\testproject1\bin\debug\testproject1.dll" id="9acbbf7d-c0e8-0755-ab01-98cc5d8a05c2">
      <Css projectStructure="" iteration="" />
      <Owners>
        <Owner name="" />
      </Owners>
      <Execution id="6697eb4c-ab5e-411a-858f-2533afa61ca7" />
      <TestMethod codeBase="D:\Proyectos.Net\Electrodomesticos\TestProject1\bin\Debug\TestProject1.dll" adapterTypeName="Microsoft.VisualStudio.TestTools.TestTypes.Unit.UnitTestAdapter, Microsoft.VisualStudio.QualityTools.Tips.UnitTest.Adapter, Version=9.0.0.0, Culture=neutral, PublicKeyToken=b03f5f7f11d50a3a" className="TestProject1.CachedCryPresupuestoTest, TestProject1" name="CreateReportTest" />
    </UnitTest>
    <UnitTest name="CacheTimeOutTest" storage="d:\proyectos.net\electrodomesticos\testproject1\bin\debug\testproject1.dll" id="f0c2a327-90b5-96fa-e792-d6b2243b094d">
      <Css projectStructure="" iteration="" />
      <Owners>
        <Owner name="" />
      </Owners>
      <Execution id="61f49552-e05e-4226-be1a-1dddde8b7dba" />
      <TestMethod codeBase="D:\Proyectos.Net\Electrodomesticos\TestProject1\bin\Debug\TestProject1.dll" adapterTypeName="Microsoft.VisualStudio.TestTools.TestTypes.Unit.UnitTestAdapter, Microsoft.VisualStudio.QualityTools.Tips.UnitTest.Adapter, Version=9.0.0.0, Culture=neutral, PublicKeyToken=b03f5f7f11d50a3a" className="TestProject1.CachedCryReciboTest, TestProject1" name="CacheTimeOutTest" />
    </UnitTest>
    <UnitTest name="CacheTimeOutTest" storage="d:\proyectos.net\electrodomesticos\testproject1\bin\debug\testproject1.dll" id="ea4f98cc-3822-c85a-b245-b2e6ef508118">
      <Css projectStructure="" iteration="" />
      <Owners>
        <Owner name="" />
      </Owners>
      <Execution id="4a347fd3-8099-4b9c-a80f-e66e07d6d216" />
      <TestMethod codeBase="D:\Proyectos.Net\Electrodomesticos\TestProject1\bin\Debug\TestProject1.dll" adapterTypeName="Microsoft.VisualStudio.TestTools.TestTypes.Unit.UnitTestAdapter, Microsoft.VisualStudio.QualityTools.Tips.UnitTest.Adapter, Version=9.0.0.0, Culture=neutral, PublicKeyToken=b03f5f7f11d50a3a" className="TestProject1.CachedCryIvaComprasTest, TestProject1" name="CacheTimeOutTest" />
    </UnitTest>
    <UnitTest name="GetCustomizedCacheKeyTest" storage="d:\proyectos.net\electrodomesticos\testproject1\bin\debug\testproject1.dll" id="6374bdbb-44fc-ca9d-4ed3-b776eb1d0599">
      <Css projectStructure="" iteration="" />
      <Owners>
        <Owner name="" />
      </Owners>
      <Execution id="bbfa4754-1567-42df-ab33-da528d2b01d8" />
      <TestMethod codeBase="D:\Proyectos.Net\Electrodomesticos\TestProject1\bin\Debug\TestProject1.dll" adapterTypeName="Microsoft.VisualStudio.TestTools.TestTypes.Unit.UnitTestAdapter, Microsoft.VisualStudio.QualityTools.Tips.UnitTest.Adapter, Version=9.0.0.0, Culture=neutral, PublicKeyToken=b03f5f7f11d50a3a" className="TestProject1.CachedCryRcuenCliTest, TestProject1" name="GetCustomizedCacheKeyTest" />
    </UnitTest>
    <UnitTest name="GetCustomizedCacheKeyTest" storage="d:\proyectos.net\electrodomesticos\testproject1\bin\debug\testproject1.dll" id="37c7cf52-178a-8445-5b0b-fe81b3e9ba53">
      <Css projectStructure="" iteration="" />
      <Owners>
        <Owner name="" />
      </Owners>
      <Execution id="5295e9ba-f775-40e7-8119-543f43ca9e2b" />
      <TestMethod codeBase="D:\Proyectos.Net\Electrodomesticos\TestProject1\bin\Debug\TestProject1.dll" adapterTypeName="Microsoft.VisualStudio.TestTools.TestTypes.Unit.UnitTestAdapter, Microsoft.VisualStudio.QualityTools.Tips.UnitTest.Adapter, Version=9.0.0.0, Culture=neutral, PublicKeyToken=b03f5f7f11d50a3a" className="TestProject1.CachedCryIvaVentasTest, TestProject1" name="GetCustomizedCacheKeyTest" />
    </UnitTest>
    <UnitTest name="CacheTimeOutTest" storage="d:\proyectos.net\electrodomesticos\testproject1\bin\debug\testproject1.dll" id="51db091b-5191-8ac9-7372-05ee0ce54499">
      <Css projectStructure="" iteration="" />
      <Owners>
        <Owner name="" />
      </Owners>
      <Execution id="f17c6d54-e25b-4d99-870e-41d18ef21ac0" />
      <TestMethod codeBase="D:\Proyectos.Net\Electrodomesticos\TestProject1\bin\Debug\TestProject1.dll" adapterTypeName="Microsoft.VisualStudio.TestTools.TestTypes.Unit.UnitTestAdapter, Microsoft.VisualStudio.QualityTools.Tips.UnitTest.Adapter, Version=9.0.0.0, Culture=neutral, PublicKeyToken=b03f5f7f11d50a3a" className="TestProject1.CachedCryDetVenTest, TestProject1" name="CacheTimeOutTest" />
    </UnitTest>
    <UnitTest name="IsCacheableTest" storage="d:\proyectos.net\electrodomesticos\testproject1\bin\debug\testproject1.dll" id="08caad3f-b459-d803-d4cb-3ab18a853220">
      <Css projectStructure="" iteration="" />
      <Owners>
        <Owner name="" />
      </Owners>
      <Execution id="ee89eb1d-e339-49c8-9aa2-8e4709f50d3e" />
      <TestMethod codeBase="D:\Proyectos.Net\Electrodomesticos\TestProject1\bin\Debug\TestProject1.dll" adapterTypeName="Microsoft.VisualStudio.TestTools.TestTypes.Unit.UnitTestAdapter, Microsoft.VisualStudio.QualityTools.Tips.UnitTest.Adapter, Version=9.0.0.0, Culture=neutral, PublicKeyToken=b03f5f7f11d50a3a" className="TestProject1.CachedCryIvaComprasTest, TestProject1" name="IsCacheableTest" />
    </UnitTest>
    <UnitTest name="CacheTimeOutTest" storage="d:\proyectos.net\electrodomesticos\testproject1\bin\debug\testproject1.dll" id="ae1df9b5-0bc2-98c9-8dce-3811aeb16f39">
      <Css projectStructure="" iteration="" />
      <Owners>
        <Owner name="" />
      </Owners>
      <Execution id="380e6b79-c275-48d9-99cd-40edaadcb50d" />
      <TestMethod codeBase="D:\Proyectos.Net\Electrodomesticos\TestProject1\bin\Debug\TestProject1.dll" adapterTypeName="Microsoft.VisualStudio.TestTools.TestTypes.Unit.UnitTestAdapter, Microsoft.VisualStudio.QualityTools.Tips.UnitTest.Adapter, Version=9.0.0.0, Culture=neutral, PublicKeyToken=b03f5f7f11d50a3a" className="TestProject1.CachedCryRemitoTest, TestProject1" name="CacheTimeOutTest" />
    </UnitTest>
    <UnitTest name="CreateReportTest" storage="d:\proyectos.net\electrodomesticos\testproject1\bin\debug\testproject1.dll" id="48ca33b3-10a1-0e5e-7c11-db830395c0b4">
      <Css projectStructure="" iteration="" />
      <Owners>
        <Owner name="" />
      </Owners>
      <Execution id="dee8f535-f141-4173-9c88-6f011e65ea33" />
      <TestMethod codeBase="D:\Proyectos.Net\Electrodomesticos\TestProject1\bin\Debug\TestProject1.dll" adapterTypeName="Microsoft.VisualStudio.TestTools.TestTypes.Unit.UnitTestAdapter, Microsoft.VisualStudio.QualityTools.Tips.UnitTest.Adapter, Version=9.0.0.0, Culture=neutral, PublicKeyToken=b03f5f7f11d50a3a" className="TestProject1.CachedCryRcuenProTest, TestProject1" name="CreateReportTest" />
    </UnitTest>
    <UnitTest name="CachedCryRemitoConstructorTest" storage="d:\proyectos.net\electrodomesticos\testproject1\bin\debug\testproject1.dll" id="9f32a4c5-7476-733b-93d9-a2bdd97616c4">
      <Css projectStructure="" iteration="" />
      <Owners>
        <Owner name="" />
      </Owners>
      <Execution id="4846b5b1-59ad-4b76-bef7-9cec603920ad" />
      <TestMethod codeBase="D:\Proyectos.Net\Electrodomesticos\TestProject1\bin\Debug\TestProject1.dll" adapterTypeName="Microsoft.VisualStudio.TestTools.TestTypes.Unit.UnitTestAdapter, Microsoft.VisualStudio.QualityTools.Tips.UnitTest.Adapter, Version=9.0.0.0, Culture=neutral, PublicKeyToken=b03f5f7f11d50a3a" className="TestProject1.CachedCryRemitoTest, TestProject1" name="CachedCryRemitoConstructorTest" />
    </UnitTest>
  </TestDefinitions>
  <TestLists>
    <TestList name="Resultados que no están en la lista" id="8c84fa94-04c1-424b-9868-57a2d4851a1d" />
    <TestList name="Todos los resultados cargados" id="19431567-8539-422a-85d7-44ee4e166bda" />
  </TestLists>
  <TestEntries>
    <TestEntry testId="1e573e7d-d702-0bf9-a045-f531105d421b" executionId="2d545d44-5975-4fdf-a86a-435edf017f02" testListId="8c84fa94-04c1-424b-9868-57a2d4851a1d" />
    <TestEntry testId="2bc9b6b4-89c6-0eab-e860-e2886e7ed26b" executionId="42f1b9cc-b612-4923-990d-aced31d21389" testListId="8c84fa94-04c1-424b-9868-57a2d4851a1d" />
    <TestEntry testId="51db091b-5191-8ac9-7372-05ee0ce54499" executionId="f17c6d54-e25b-4d99-870e-41d18ef21ac0" testListId="8c84fa94-04c1-424b-9868-57a2d4851a1d" />
    <TestEntry testId="b957b282-66cf-9d5d-b1c9-00e219d95f5f" executionId="96305e6b-ff8a-44a2-9a81-632d0259ae05" testListId="8c84fa94-04c1-424b-9868-57a2d4851a1d" />
    <TestEntry testId="a000ac3a-b3cf-7dc9-9ee2-0e04691f4271" executionId="7a10361b-3041-4f26-a186-7ee207e22528" testListId="8c84fa94-04c1-424b-9868-57a2d4851a1d" />
    <TestEntry testId="da5a6e7d-b958-3b9d-d7c1-5bb2ae2909d7" executionId="89f6e0fa-a7e0-43ed-9ac2-74f0fcd87457" testListId="8c84fa94-04c1-424b-9868-57a2d4851a1d" />
    <TestEntry testId="6548b7ea-38e7-1e46-b186-cf6936768b0b" executionId="5c28d18a-f506-4244-bbbc-60d2111f6b24" testListId="8c84fa94-04c1-424b-9868-57a2d4851a1d" />
    <TestEntry testId="08caad3f-b459-d803-d4cb-3ab18a853220" executionId="ee89eb1d-e339-49c8-9aa2-8e4709f50d3e" testListId="8c84fa94-04c1-424b-9868-57a2d4851a1d" />
    <TestEntry testId="ea4f98cc-3822-c85a-b245-b2e6ef508118" executionId="4a347fd3-8099-4b9c-a80f-e66e07d6d216" testListId="8c84fa94-04c1-424b-9868-57a2d4851a1d" />
    <TestEntry testId="e3b602d7-0a5b-89bd-b20e-89bc0df2b765" executionId="b6f6c952-ac72-47ac-8b60-0e415aa512a9" testListId="8c84fa94-04c1-424b-9868-57a2d4851a1d" />
    <TestEntry testId="8c0cc0c0-6e89-1c7f-c419-ba8f2f463213" executionId="c72386e4-e88e-4188-968b-1dfcf5edbe6c" testListId="8c84fa94-04c1-424b-9868-57a2d4851a1d" />
    <TestEntry testId="e44bc15c-34de-fcd7-bcef-ca3cfa4f02a9" executionId="f4ddc08a-d05b-46f5-be39-72ff265ee7dc" testListId="8c84fa94-04c1-424b-9868-57a2d4851a1d" />
    <TestEntry testId="f2fe63f0-4478-7b7b-bd25-44ea4473519d" executionId="3e30dec4-0985-46d1-aadf-c0380772c67a" testListId="8c84fa94-04c1-424b-9868-57a2d4851a1d" />
    <TestEntry testId="48356080-96ea-a088-861a-9579a93ce5eb" executionId="98f488b8-f3b5-4573-84eb-cc5239b74402" testListId="8c84fa94-04c1-424b-9868-57a2d4851a1d" />
    <TestEntry testId="f8990b1d-c48a-3414-d201-d7435c02494f" executionId="37cbdbc0-c270-43cf-bc8e-089f1b288b71" testListId="8c84fa94-04c1-424b-9868-57a2d4851a1d" />
    <TestEntry testId="37c7cf52-178a-8445-5b0b-fe81b3e9ba53" executionId="5295e9ba-f775-40e7-8119-543f43ca9e2b" testListId="8c84fa94-04c1-424b-9868-57a2d4851a1d" />
    <TestEntry testId="a40cc0a0-5808-914d-8ca2-11dce0350950" executionId="7fea737b-0411-4300-84eb-919289df023f" testListId="8c84fa94-04c1-424b-9868-57a2d4851a1d" />
    <TestEntry testId="09e0f863-09d6-b76d-b04a-0e37d04800a7" executionId="d0dd231b-b57d-43ee-9177-bde76cb97292" testListId="8c84fa94-04c1-424b-9868-57a2d4851a1d" />
    <TestEntry testId="a7639f66-6db0-2c01-eff9-73967bbc6887" executionId="b8b10d74-76c3-45cb-adbc-0c2818a88c58" testListId="8c84fa94-04c1-424b-9868-57a2d4851a1d" />
    <TestEntry testId="edad2d04-4402-ff67-372a-e485f4f73632" executionId="6c59e682-cee6-484e-9e4f-fd4a7c41c3db" testListId="8c84fa94-04c1-424b-9868-57a2d4851a1d" />
    <TestEntry testId="c5b6637b-56d1-30f5-25e3-394a1f2c3701" executionId="74a0f579-e525-48d1-8334-a2613f64aa4a" testListId="8c84fa94-04c1-424b-9868-57a2d4851a1d" />
    <TestEntry testId="f3c2043f-6c72-7d43-c619-320679b70611" executionId="ce7fd0a8-2187-408e-b1d1-61834ff320ea" testListId="8c84fa94-04c1-424b-9868-57a2d4851a1d" />
    <TestEntry testId="9acbbf7d-c0e8-0755-ab01-98cc5d8a05c2" executionId="6697eb4c-ab5e-411a-858f-2533afa61ca7" testListId="8c84fa94-04c1-424b-9868-57a2d4851a1d" />
    <TestEntry testId="5df935ca-425b-110e-7545-c5888243e40d" executionId="89839469-4982-4844-a02c-af676bb93d95" testListId="8c84fa94-04c1-424b-9868-57a2d4851a1d" />
    <TestEntry testId="81171e65-13b3-dfa5-4d5c-4176bfc246b4" executionId="db9a5ee4-954a-452e-8f03-7073acfc525c" testListId="8c84fa94-04c1-424b-9868-57a2d4851a1d" />
    <TestEntry testId="ba4abc08-a1b7-fe98-b626-723fcacbd3a7" executionId="bccdd0b0-0468-4143-85c8-ba9ae134b890" testListId="8c84fa94-04c1-424b-9868-57a2d4851a1d" />
    <TestEntry testId="a4bd3537-8def-4f80-1731-34924e9f5cd7" executionId="3a0effe6-a281-435d-86a6-d95cea717c79" testListId="8c84fa94-04c1-424b-9868-57a2d4851a1d" />
    <TestEntry testId="6374bdbb-44fc-ca9d-4ed3-b776eb1d0599" executionId="bbfa4754-1567-42df-ab33-da528d2b01d8" testListId="8c84fa94-04c1-424b-9868-57a2d4851a1d" />
    <TestEntry testId="4d40c7a3-99b0-4930-5cca-b071aee9869b" executionId="5e1d98d2-b6c9-41c2-9862-847505f98bfc" testListId="8c84fa94-04c1-424b-9868-57a2d4851a1d" />
    <TestEntry testId="1b6c8988-4189-eb6b-b27e-e38d9bffe0f8" executionId="bba930cd-7977-43f5-962a-db78b77fe0b2" testListId="8c84fa94-04c1-424b-9868-57a2d4851a1d" />
    <TestEntry testId="1dc52c5d-3e37-e198-b650-867f9ba58074" executionId="50fd654f-c776-446a-8346-5d275c6f3cfa" testListId="8c84fa94-04c1-424b-9868-57a2d4851a1d" />
    <TestEntry testId="441c275f-c39b-d2e3-ab42-db14ee4f6dc8" executionId="db3dbf4f-967b-4c8e-9510-2d108393c0ef" testListId="8c84fa94-04c1-424b-9868-57a2d4851a1d" />
    <TestEntry testId="fef00f9b-0352-e80f-0b91-72a3cc1f81c0" executionId="2af516c2-30d3-48e1-acfe-de05e490c3a6" testListId="8c84fa94-04c1-424b-9868-57a2d4851a1d" />
    <TestEntry testId="059b06d8-72ff-d18a-8faa-030264bb8bb1" executionId="d0267a12-962d-42ee-8ef9-823446e1deed" testListId="8c84fa94-04c1-424b-9868-57a2d4851a1d" />
    <TestEntry testId="48ca33b3-10a1-0e5e-7c11-db830395c0b4" executionId="dee8f535-f141-4173-9c88-6f011e65ea33" testListId="8c84fa94-04c1-424b-9868-57a2d4851a1d" />
    <TestEntry testId="a883e6cb-2eb2-7d7c-5bee-8183ad325696" executionId="9f7782bd-9e41-47d5-af90-1e73915b5f20" testListId="8c84fa94-04c1-424b-9868-57a2d4851a1d" />
    <TestEntry testId="872cf683-6b93-cca5-b2ea-1cfc270ce02c" executionId="9521e964-3643-44df-a1c5-7eee17189cf3" testListId="8c84fa94-04c1-424b-9868-57a2d4851a1d" />
    <TestEntry testId="2e7637f6-522d-7840-755d-30282e72a76f" executionId="87676487-ad5f-41d4-a538-74719524ccf7" testListId="8c84fa94-04c1-424b-9868-57a2d4851a1d" />
    <TestEntry testId="f0c2a327-90b5-96fa-e792-d6b2243b094d" executionId="61f49552-e05e-4226-be1a-1dddde8b7dba" testListId="8c84fa94-04c1-424b-9868-57a2d4851a1d" />
    <TestEntry testId="f9f3809d-e0ab-887c-e1be-efe95001befe" executionId="1665b80e-ace3-41b9-8d30-2e30c3134922" testListId="8c84fa94-04c1-424b-9868-57a2d4851a1d" />
    <TestEntry testId="3c43767c-9985-e5c5-7666-b7f244210708" executionId="b689299e-7c24-44d9-b213-605e7e94e169" testListId="8c84fa94-04c1-424b-9868-57a2d4851a1d" />
    <TestEntry testId="0055ee27-db03-15f0-b36a-b90c6f40ca44" executionId="ccfdf5d8-1fdd-4dca-bfb3-b294e50a33be" testListId="8c84fa94-04c1-424b-9868-57a2d4851a1d" />
    <TestEntry testId="0308a57f-dab5-0109-ff7c-779e3e578ffc" executionId="7a28ea7b-c80e-4ca7-8cac-e2df04557c78" testListId="8c84fa94-04c1-424b-9868-57a2d4851a1d" />
    <TestEntry testId="f151f9c6-33e6-1ba4-c913-985f6e42a4ce" executionId="716b7df9-5e65-4094-b907-63e1f0a0dccd" testListId="8c84fa94-04c1-424b-9868-57a2d4851a1d" />
    <TestEntry testId="ae1df9b5-0bc2-98c9-8dce-3811aeb16f39" executionId="380e6b79-c275-48d9-99cd-40edaadcb50d" testListId="8c84fa94-04c1-424b-9868-57a2d4851a1d" />
    <TestEntry testId="ee6191bd-2685-9940-ab51-815288298a19" executionId="31085163-a7f2-4237-a0e4-0a036aa30883" testListId="8c84fa94-04c1-424b-9868-57a2d4851a1d" />
    <TestEntry testId="1847a43c-1537-d8c4-724e-1b749234b0c3" executionId="9b979570-3e05-4fe0-a516-e7c27e57f7bf" testListId="8c84fa94-04c1-424b-9868-57a2d4851a1d" />
    <TestEntry testId="9f32a4c5-7476-733b-93d9-a2bdd97616c4" executionId="4846b5b1-59ad-4b76-bef7-9cec603920ad" testListId="8c84fa94-04c1-424b-9868-57a2d4851a1d" />
    <TestEntry testId="045954f0-58a1-44d3-7628-f98a7662279f" executionId="36188887-6761-4437-acaa-ef405f1f9c9c" testListId="8c84fa94-04c1-424b-9868-57a2d4851a1d" />
    <TestEntry testId="d222b6da-dd5f-6429-69cb-14ed4233f081" executionId="2364ab5d-8668-4cd7-b774-26604c1fb26d" testListId="8c84fa94-04c1-424b-9868-57a2d4851a1d" />
    <TestEntry testId="525954ae-6196-8150-bd45-f4500d77c2d7" executionId="e7fd2f26-5ba7-4d85-9701-991e04ae4f86" testListId="8c84fa94-04c1-424b-9868-57a2d4851a1d" />
    <TestEntry testId="aed3dc00-ed5a-cfea-bcf3-4aca543a63ee" executionId="a415ae61-c780-41b5-b988-a188fea7dd92" testListId="8c84fa94-04c1-424b-9868-57a2d4851a1d" />
    <TestEntry testId="76810870-2418-1636-bbe8-930c32d5ff8f" executionId="68899e15-4dae-491b-8ddd-9dd5b3b4287b" testListId="8c84fa94-04c1-424b-9868-57a2d4851a1d" />
    <TestEntry testId="a436d66d-8ea9-e3be-7bdd-223c4e68e53a" executionId="7bb32cb0-11cc-4441-b27b-fd5bdf485439" testListId="8c84fa94-04c1-424b-9868-57a2d4851a1d" />
    <TestEntry testId="43c8ba4e-d1db-64fe-fd99-094edca978cf" executionId="53027e7f-a172-4fb1-a03c-05b28e975f20" testListId="8c84fa94-04c1-424b-9868-57a2d4851a1d" />
  </TestEntries>
  <Results>
    <UnitTestResult executionId="2d545d44-5975-4fdf-a86a-435edf017f02" testId="1e573e7d-d702-0bf9-a045-f531105d421b" testName="ShareDBLogonInfoTest" computerName="NTIVAN" duration="00:00:00.1733039" startTime="2016-01-13T19:09:31.5101243-03:00" endTime="2016-01-13T19:09:31.9945173-03:00" testType="13cdc9d9-ddb5-4fa4-a97d-d965ccfc6d4b" outcome="Inconclusive" testListId="8c84fa94-04c1-424b-9868-57a2d4851a1d">
      <Output>
        <ErrorInfo>
          <Message>Error de Assert.Inconclusive. Compruebe la exactitud de este método de prueba.</Message>
          <StackTrace>   en TestProject1.CachedCryDetVenTest.ShareDBLogonInfoTest() en D:\Proyectos.Net\Electrodomesticos\TestProject1\CachedCryDetVenTest.vb:línea 76
</StackTrace>
        </ErrorInfo>
      </Output>
    </UnitTestResult>
    <UnitTestResult executionId="42f1b9cc-b612-4923-990d-aced31d21389" testId="2bc9b6b4-89c6-0eab-e860-e2886e7ed26b" testName="IsCacheableTest" computerName="NTIVAN" duration="00:00:00.0124527" startTime="2016-01-13T19:09:31.9945173-03:00" endTime="2016-01-13T19:09:32.0101453-03:00" testType="13cdc9d9-ddb5-4fa4-a97d-d965ccfc6d4b" outcome="Failed" testListId="8c84fa94-04c1-424b-9868-57a2d4851a1d">
      <Output>
        <ErrorInfo>
          <Message>Error de Assert.AreEqual. Se esperaba &lt;False&gt;, pero es &lt;True&gt;. </Message>
          <StackTrace>   en TestProject1.CachedCryDetVenTest.IsCacheableTest() en D:\Proyectos.Net\Electrodomesticos\TestProject1\CachedCryDetVenTest.vb:línea 89
</StackTrace>
        </ErrorInfo>
      </Output>
    </UnitTestResult>
    <UnitTestResult executionId="f17c6d54-e25b-4d99-870e-41d18ef21ac0" testId="51db091b-5191-8ac9-7372-05ee0ce54499" testName="CacheTimeOutTest" computerName="NTIVAN" duration="00:00:00.0131038" startTime="2016-01-13T19:09:32.0257671-03:00" endTime="2016-01-13T19:09:32.0413935-03:00" testType="13cdc9d9-ddb5-4fa4-a97d-d965ccfc6d4b" outcome="Failed" testListId="8c84fa94-04c1-424b-9868-57a2d4851a1d">
      <Output>
        <ErrorInfo>
          <Message>Error de Assert.AreEqual. Se esperaba &lt;00:00:00&gt;, pero es &lt;02:10:00&gt;. </Message>
          <StackTrace>   en TestProject1.CachedCryDetVenTest.CacheTimeOutTest() en D:\Proyectos.Net\Electrodomesticos\TestProject1\CachedCryDetVenTest.vb:línea 103
</StackTrace>
        </ErrorInfo>
      </Output>
    </UnitTestResult>
    <UnitTestResult executionId="96305e6b-ff8a-44a2-9a81-632d0259ae05" testId="b957b282-66cf-9d5d-b1c9-00e219d95f5f" testName="GetCustomizedCacheKeyTest" computerName="NTIVAN" duration="00:00:00.0111527" startTime="2016-01-13T19:09:32.0413935-03:00" endTime="2016-01-13T19:09:32.0570187-03:00" testType="13cdc9d9-ddb5-4fa4-a97d-d965ccfc6d4b" outcome="Failed" testListId="8c84fa94-04c1-424b-9868-57a2d4851a1d">
      <Output>
        <ErrorInfo>
          <Message>Error de Assert.AreEqual. Se esperaba &lt;&gt;, pero es &lt;(null)&gt;. </Message>
          <StackTrace>   en TestProject1.CachedCryDetVenTest.GetCustomizedCacheKeyTest() en D:\Proyectos.Net\Electrodomesticos\TestProject1\CachedCryDetVenTest.vb:línea 117
</StackTrace>
        </ErrorInfo>
      </Output>
    </UnitTestResult>
    <UnitTestResult executionId="7a10361b-3041-4f26-a186-7ee207e22528" testId="a000ac3a-b3cf-7dc9-9ee2-0e04691f4271" testName="CreateReportTest" computerName="NTIVAN" duration="00:00:00.2327092" startTime="2016-01-13T19:09:32.0570187-03:00" endTime="2016-01-13T19:09:32.2914049-03:00" testType="13cdc9d9-ddb5-4fa4-a97d-d965ccfc6d4b" outcome="Failed" testListId="8c84fa94-04c1-424b-9868-57a2d4851a1d">
      <Output>
        <ErrorInfo>
          <Message>Error de Assert.AreEqual. Se esperaba &lt;(null)&gt;, pero es &lt;Super.CryDetVen&gt;. </Message>
          <StackTrace>   en TestProject1.CachedCryDetVenTest.CreateReportTest() en D:\Proyectos.Net\Electrodomesticos\TestProject1\CachedCryDetVenTest.vb:línea 130
</StackTrace>
        </ErrorInfo>
      </Output>
    </UnitTestResult>
    <UnitTestResult executionId="89f6e0fa-a7e0-43ed-9ac2-74f0fcd87457" testId="da5a6e7d-b958-3b9d-d7c1-5bb2ae2909d7" testName="CachedCryDetVenConstructorTest" computerName="NTIVAN" duration="00:00:00.0102187" startTime="2016-01-13T19:09:32.3070318-03:00" endTime="2016-01-13T19:09:32.3226570-03:00" testType="13cdc9d9-ddb5-4fa4-a97d-d965ccfc6d4b" outcome="Inconclusive" testListId="8c84fa94-04c1-424b-9868-57a2d4851a1d">
      <Output>
        <ErrorInfo>
          <Message>Error de Assert.Inconclusive. TODO: Implementar código para comprobar el destino</Message>
          <StackTrace>   en TestProject1.CachedCryDetVenTest.CachedCryDetVenConstructorTest() en D:\Proyectos.Net\Electrodomesticos\TestProject1\CachedCryDetVenTest.vb:línea 140
</StackTrace>
        </ErrorInfo>
      </Output>
    </UnitTestResult>
    <UnitTestResult executionId="5c28d18a-f506-4244-bbbc-60d2111f6b24" testId="6548b7ea-38e7-1e46-b186-cf6936768b0b" testName="ShareDBLogonInfoTest" computerName="NTIVAN" duration="00:00:00.0127127" startTime="2016-01-13T19:09:32.3226570-03:00" endTime="2016-01-13T19:09:32.3382845-03:00" testType="13cdc9d9-ddb5-4fa4-a97d-d965ccfc6d4b" outcome="Inconclusive" testListId="8c84fa94-04c1-424b-9868-57a2d4851a1d">
      <Output>
        <ErrorInfo>
          <Message>Error de Assert.Inconclusive. Compruebe la exactitud de este método de prueba.</Message>
          <StackTrace>   en TestProject1.CachedCryIvaComprasTest.ShareDBLogonInfoTest() en D:\Proyectos.Net\Electrodomesticos\TestProject1\CachedCryIvaComprasTest.vb:línea 76
</StackTrace>
        </ErrorInfo>
      </Output>
    </UnitTestResult>
    <UnitTestResult executionId="ee89eb1d-e339-49c8-9aa2-8e4709f50d3e" testId="08caad3f-b459-d803-d4cb-3ab18a853220" testName="IsCacheableTest" computerName="NTIVAN" duration="00:00:00.0109645" startTime="2016-01-13T19:09:32.3382845-03:00" endTime="2016-01-13T19:09:32.3539103-03:00" testType="13cdc9d9-ddb5-4fa4-a97d-d965ccfc6d4b" outcome="Failed" testListId="8c84fa94-04c1-424b-9868-57a2d4851a1d">
      <Output>
        <ErrorInfo>
          <Message>Error de Assert.AreEqual. Se esperaba &lt;False&gt;, pero es &lt;True&gt;. </Message>
          <StackTrace>   en TestProject1.CachedCryIvaComprasTest.IsCacheableTest() en D:\Proyectos.Net\Electrodomesticos\TestProject1\CachedCryIvaComprasTest.vb:línea 89
</StackTrace>
        </ErrorInfo>
      </Output>
    </UnitTestResult>
    <UnitTestResult executionId="4a347fd3-8099-4b9c-a80f-e66e07d6d216" testId="ea4f98cc-3822-c85a-b245-b2e6ef508118" testName="CacheTimeOutTest" computerName="NTIVAN" duration="00:00:00.0100123" startTime="2016-01-13T19:09:32.3539103-03:00" endTime="2016-01-13T19:09:32.3695344-03:00" testType="13cdc9d9-ddb5-4fa4-a97d-d965ccfc6d4b" outcome="Failed" testListId="8c84fa94-04c1-424b-9868-57a2d4851a1d">
      <Output>
        <ErrorInfo>
          <Message>Error de Assert.AreEqual. Se esperaba &lt;00:00:00&gt;, pero es &lt;02:10:00&gt;. </Message>
          <StackTrace>   en TestProject1.CachedCryIvaComprasTest.CacheTimeOutTest() en D:\Proyectos.Net\Electrodomesticos\TestProject1\CachedCryIvaComprasTest.vb:línea 103
</StackTrace>
        </ErrorInfo>
      </Output>
    </UnitTestResult>
    <UnitTestResult executionId="b6f6c952-ac72-47ac-8b60-0e415aa512a9" testId="e3b602d7-0a5b-89bd-b20e-89bc0df2b765" testName="GetCustomizedCacheKeyTest" computerName="NTIVAN" duration="00:00:00.0098384" startTime="2016-01-13T19:09:32.3695344-03:00" endTime="2016-01-13T19:09:32.3851602-03:00" testType="13cdc9d9-ddb5-4fa4-a97d-d965ccfc6d4b" outcome="Failed" testListId="8c84fa94-04c1-424b-9868-57a2d4851a1d">
      <Output>
        <ErrorInfo>
          <Message>Error de Assert.AreEqual. Se esperaba &lt;&gt;, pero es &lt;(null)&gt;. </Message>
          <StackTrace>   en TestProject1.CachedCryIvaComprasTest.GetCustomizedCacheKeyTest() en D:\Proyectos.Net\Electrodomesticos\TestProject1\CachedCryIvaComprasTest.vb:línea 117
</StackTrace>
        </ErrorInfo>
      </Output>
    </UnitTestResult>
    <UnitTestResult executionId="c72386e4-e88e-4188-968b-1dfcf5edbe6c" testId="8c0cc0c0-6e89-1c7f-c419-ba8f2f463213" testName="CreateReportTest" computerName="NTIVAN" duration="00:00:00.0127503" startTime="2016-01-13T19:09:32.4007854-03:00" endTime="2016-01-13T19:09:32.4164117-03:00" testType="13cdc9d9-ddb5-4fa4-a97d-d965ccfc6d4b" outcome="Failed" testListId="8c84fa94-04c1-424b-9868-57a2d4851a1d">
      <Output>
        <ErrorInfo>
          <Message>Error de Assert.AreEqual. Se esperaba &lt;(null)&gt;, pero es &lt;Super.CryIvaCompras&gt;. </Message>
          <StackTrace>   en TestProject1.CachedCryIvaComprasTest.CreateReportTest() en D:\Proyectos.Net\Electrodomesticos\TestProject1\CachedCryIvaComprasTest.vb:línea 130
</StackTrace>
        </ErrorInfo>
      </Output>
    </UnitTestResult>
    <UnitTestResult executionId="f4ddc08a-d05b-46f5-be39-72ff265ee7dc" testId="e44bc15c-34de-fcd7-bcef-ca3cfa4f02a9" testName="CachedCryIvaComprasConstructorTest" computerName="NTIVAN" duration="00:00:00.0106372" startTime="2016-01-13T19:09:32.4164117-03:00" endTime="2016-01-13T19:09:32.4320387-03:00" testType="13cdc9d9-ddb5-4fa4-a97d-d965ccfc6d4b" outcome="Inconclusive" testListId="8c84fa94-04c1-424b-9868-57a2d4851a1d">
      <Output>
        <ErrorInfo>
          <Message>Error de Assert.Inconclusive. TODO: Implementar código para comprobar el destino</Message>
          <StackTrace>   en TestProject1.CachedCryIvaComprasTest.CachedCryIvaComprasConstructorTest() en D:\Proyectos.Net\Electrodomesticos\TestProject1\CachedCryIvaComprasTest.vb:línea 140
</StackTrace>
        </ErrorInfo>
      </Output>
    </UnitTestResult>
    <UnitTestResult executionId="3e30dec4-0985-46d1-aadf-c0380772c67a" testId="f2fe63f0-4478-7b7b-bd25-44ea4473519d" testName="ShareDBLogonInfoTest" computerName="NTIVAN" duration="00:00:00.0113140" startTime="2016-01-13T19:09:32.4320387-03:00" endTime="2016-01-13T19:09:32.4476656-03:00" testType="13cdc9d9-ddb5-4fa4-a97d-d965ccfc6d4b" outcome="Inconclusive" testListId="8c84fa94-04c1-424b-9868-57a2d4851a1d">
      <Output>
        <ErrorInfo>
          <Message>Error de Assert.Inconclusive. Compruebe la exactitud de este método de prueba.</Message>
          <StackTrace>   en TestProject1.CachedCryIvaVentasTest.ShareDBLogonInfoTest() en D:\Proyectos.Net\Electrodomesticos\TestProject1\CachedCryIvaVentasTest.vb:línea 76
</StackTrace>
        </ErrorInfo>
      </Output>
    </UnitTestResult>
    <UnitTestResult executionId="98f488b8-f3b5-4573-84eb-cc5239b74402" testId="48356080-96ea-a088-861a-9579a93ce5eb" testName="IsCacheableTest" computerName="NTIVAN" duration="00:00:00.0101617" startTime="2016-01-13T19:09:32.4632891-03:00" endTime="2016-01-13T19:09:32.4632891-03:00" testType="13cdc9d9-ddb5-4fa4-a97d-d965ccfc6d4b" outcome="Failed" testListId="8c84fa94-04c1-424b-9868-57a2d4851a1d">
      <Output>
        <ErrorInfo>
          <Message>Error de Assert.AreEqual. Se esperaba &lt;False&gt;, pero es &lt;True&gt;. </Message>
          <StackTrace>   en TestProject1.CachedCryIvaVentasTest.IsCacheableTest() en D:\Proyectos.Net\Electrodomesticos\TestProject1\CachedCryIvaVentasTest.vb:línea 89
</StackTrace>
        </ErrorInfo>
      </Output>
    </UnitTestResult>
    <UnitTestResult executionId="37cbdbc0-c270-43cf-bc8e-089f1b288b71" testId="f8990b1d-c48a-3414-d201-d7435c02494f" testName="CacheTimeOutTest" computerName="NTIVAN" duration="00:00:00.0101862" startTime="2016-01-13T19:09:32.4789154-03:00" endTime="2016-01-13T19:09:32.4945401-03:00" testType="13cdc9d9-ddb5-4fa4-a97d-d965ccfc6d4b" outcome="Failed" testListId="8c84fa94-04c1-424b-9868-57a2d4851a1d">
      <Output>
        <ErrorInfo>
          <Message>Error de Assert.AreEqual. Se esperaba &lt;00:00:00&gt;, pero es &lt;02:10:00&gt;. </Message>
          <StackTrace>   en TestProject1.CachedCryIvaVentasTest.CacheTimeOutTest() en D:\Proyectos.Net\Electrodomesticos\TestProject1\CachedCryIvaVentasTest.vb:línea 103
</StackTrace>
        </ErrorInfo>
      </Output>
    </UnitTestResult>
    <UnitTestResult executionId="5295e9ba-f775-40e7-8119-543f43ca9e2b" testId="37c7cf52-178a-8445-5b0b-fe81b3e9ba53" testName="GetCustomizedCacheKeyTest" computerName="NTIVAN" duration="00:00:00.0111316" startTime="2016-01-13T19:09:32.4945401-03:00" endTime="2016-01-13T19:09:32.5101664-03:00" testType="13cdc9d9-ddb5-4fa4-a97d-d965ccfc6d4b" outcome="Failed" testListId="8c84fa94-04c1-424b-9868-57a2d4851a1d">
      <Output>
        <ErrorInfo>
          <Message>Error de Assert.AreEqual. Se esperaba &lt;&gt;, pero es &lt;(null)&gt;. </Message>
          <StackTrace>   en TestProject1.CachedCryIvaVentasTest.GetCustomizedCacheKeyTest() en D:\Proyectos.Net\Electrodomesticos\TestProject1\CachedCryIvaVentasTest.vb:línea 117
</StackTrace>
        </ErrorInfo>
      </Output>
    </UnitTestResult>
    <UnitTestResult executionId="7fea737b-0411-4300-84eb-919289df023f" testId="a40cc0a0-5808-914d-8ca2-11dce0350950" testName="CreateReportTest" computerName="NTIVAN" duration="00:00:00.0130810" startTime="2016-01-13T19:09:32.5101664-03:00" endTime="2016-01-13T19:09:32.5257939-03:00" testType="13cdc9d9-ddb5-4fa4-a97d-d965ccfc6d4b" outcome="Failed" testListId="8c84fa94-04c1-424b-9868-57a2d4851a1d">
      <Output>
        <ErrorInfo>
          <Message>Error de Assert.AreEqual. Se esperaba &lt;(null)&gt;, pero es &lt;Super.CryIvaVentas&gt;. </Message>
          <StackTrace>   en TestProject1.CachedCryIvaVentasTest.CreateReportTest() en D:\Proyectos.Net\Electrodomesticos\TestProject1\CachedCryIvaVentasTest.vb:línea 130
</StackTrace>
        </ErrorInfo>
      </Output>
    </UnitTestResult>
    <UnitTestResult executionId="d0dd231b-b57d-43ee-9177-bde76cb97292" testId="09e0f863-09d6-b76d-b04a-0e37d04800a7" testName="CachedCryIvaVentasConstructorTest" computerName="NTIVAN" duration="00:00:00.0097249" startTime="2016-01-13T19:09:32.5257939-03:00" endTime="2016-01-13T19:09:32.5414180-03:00" testType="13cdc9d9-ddb5-4fa4-a97d-d965ccfc6d4b" outcome="Inconclusive" testListId="8c84fa94-04c1-424b-9868-57a2d4851a1d">
      <Output>
        <ErrorInfo>
          <Message>Error de Assert.Inconclusive. TODO: Implementar código para comprobar el destino</Message>
          <StackTrace>   en TestProject1.CachedCryIvaVentasTest.CachedCryIvaVentasConstructorTest() en D:\Proyectos.Net\Electrodomesticos\TestProject1\CachedCryIvaVentasTest.vb:línea 140
</StackTrace>
        </ErrorInfo>
      </Output>
    </UnitTestResult>
    <UnitTestResult executionId="b8b10d74-76c3-45cb-adbc-0c2818a88c58" testId="a7639f66-6db0-2c01-eff9-73967bbc6887" testName="ShareDBLogonInfoTest" computerName="NTIVAN" duration="00:00:00.0291436" startTime="2016-01-13T19:09:32.5570444-03:00" endTime="2016-01-13T19:09:32.5882965-03:00" testType="13cdc9d9-ddb5-4fa4-a97d-d965ccfc6d4b" outcome="Inconclusive" testListId="8c84fa94-04c1-424b-9868-57a2d4851a1d">
      <Output>
        <ErrorInfo>
          <Message>Error de Assert.Inconclusive. Compruebe la exactitud de este método de prueba.</Message>
          <StackTrace>   en TestProject1.CachedCryPresupuestoTest.ShareDBLogonInfoTest() en D:\Proyectos.Net\Electrodomesticos\TestProject1\CachedCryPresupuestoTest.vb:línea 76
</StackTrace>
        </ErrorInfo>
      </Output>
    </UnitTestResult>
    <UnitTestResult executionId="6c59e682-cee6-484e-9e4f-fd4a7c41c3db" testId="edad2d04-4402-ff67-372a-e485f4f73632" testName="IsCacheableTest" computerName="NTIVAN" duration="00:00:00.0222558" startTime="2016-01-13T19:09:32.5882965-03:00" endTime="2016-01-13T19:09:32.6195464-03:00" testType="13cdc9d9-ddb5-4fa4-a97d-d965ccfc6d4b" outcome="Failed" testListId="8c84fa94-04c1-424b-9868-57a2d4851a1d">
      <Output>
        <ErrorInfo>
          <Message>Error de Assert.AreEqual. Se esperaba &lt;False&gt;, pero es &lt;True&gt;. </Message>
          <StackTrace>   en TestProject1.CachedCryPresupuestoTest.IsCacheableTest() en D:\Proyectos.Net\Electrodomesticos\TestProject1\CachedCryPresupuestoTest.vb:línea 89
</StackTrace>
        </ErrorInfo>
      </Output>
    </UnitTestResult>
    <UnitTestResult executionId="74a0f579-e525-48d1-8334-a2613f64aa4a" testId="c5b6637b-56d1-30f5-25e3-394a1f2c3701" testName="CacheTimeOutTest" computerName="NTIVAN" duration="00:00:00.0271012" startTime="2016-01-13T19:09:32.6195464-03:00" endTime="2016-01-13T19:09:32.6507985-03:00" testType="13cdc9d9-ddb5-4fa4-a97d-d965ccfc6d4b" outcome="Failed" testListId="8c84fa94-04c1-424b-9868-57a2d4851a1d">
      <Output>
        <ErrorInfo>
          <Message>Error de Assert.AreEqual. Se esperaba &lt;00:00:00&gt;, pero es &lt;02:10:00&gt;. </Message>
          <StackTrace>   en TestProject1.CachedCryPresupuestoTest.CacheTimeOutTest() en D:\Proyectos.Net\Electrodomesticos\TestProject1\CachedCryPresupuestoTest.vb:línea 103
</StackTrace>
        </ErrorInfo>
      </Output>
    </UnitTestResult>
    <UnitTestResult executionId="ce7fd0a8-2187-408e-b1d1-61834ff320ea" testId="f3c2043f-6c72-7d43-c619-320679b70611" testName="GetCustomizedCacheKeyTest" computerName="NTIVAN" duration="00:00:00.0245530" startTime="2016-01-13T19:09:32.6507985-03:00" endTime="2016-01-13T19:09:32.6820506-03:00" testType="13cdc9d9-ddb5-4fa4-a97d-d965ccfc6d4b" outcome="Failed" testListId="8c84fa94-04c1-424b-9868-57a2d4851a1d">
      <Output>
        <ErrorInfo>
          <Message>Error de Assert.AreEqual. Se esperaba &lt;&gt;, pero es &lt;(null)&gt;. </Message>
          <StackTrace>   en TestProject1.CachedCryPresupuestoTest.GetCustomizedCacheKeyTest() en D:\Proyectos.Net\Electrodomesticos\TestProject1\CachedCryPresupuestoTest.vb:línea 117
</StackTrace>
        </ErrorInfo>
      </Output>
    </UnitTestResult>
    <UnitTestResult executionId="6697eb4c-ab5e-411a-858f-2533afa61ca7" testId="9acbbf7d-c0e8-0755-ab01-98cc5d8a05c2" testName="CreateReportTest" computerName="NTIVAN" duration="00:00:00.0132914" startTime="2016-01-13T19:09:32.6820506-03:00" endTime="2016-01-13T19:09:32.6976787-03:00" testType="13cdc9d9-ddb5-4fa4-a97d-d965ccfc6d4b" outcome="Failed" testListId="8c84fa94-04c1-424b-9868-57a2d4851a1d">
      <Output>
        <ErrorInfo>
          <Message>Error de Assert.AreEqual. Se esperaba &lt;(null)&gt;, pero es &lt;Super.CryPresupuesto&gt;. </Message>
          <StackTrace>   en TestProject1.CachedCryPresupuestoTest.CreateReportTest() en D:\Proyectos.Net\Electrodomesticos\TestProject1\CachedCryPresupuestoTest.vb:línea 130
</StackTrace>
        </ErrorInfo>
      </Output>
    </UnitTestResult>
    <UnitTestResult executionId="89839469-4982-4844-a02c-af676bb93d95" testId="5df935ca-425b-110e-7545-c5888243e40d" testName="CachedCryPresupuestoConstructorTest" computerName="NTIVAN" duration="00:00:00.0377601" startTime="2016-01-13T19:09:32.6976787-03:00" endTime="2016-01-13T19:09:32.7445532-03:00" testType="13cdc9d9-ddb5-4fa4-a97d-d965ccfc6d4b" outcome="Inconclusive" testListId="8c84fa94-04c1-424b-9868-57a2d4851a1d">
      <Output>
        <ErrorInfo>
          <Message>Error de Assert.Inconclusive. TODO: Implementar código para comprobar el destino</Message>
          <StackTrace>   en TestProject1.CachedCryPresupuestoTest.CachedCryPresupuestoConstructorTest() en D:\Proyectos.Net\Electrodomesticos\TestProject1\CachedCryPresupuestoTest.vb:línea 140
</StackTrace>
        </ErrorInfo>
      </Output>
    </UnitTestResult>
    <UnitTestResult executionId="db9a5ee4-954a-452e-8f03-7073acfc525c" testId="81171e65-13b3-dfa5-4d5c-4176bfc246b4" testName="ShareDBLogonInfoTest" computerName="NTIVAN" duration="00:00:00.0523470" startTime="2016-01-13T19:09:32.7445532-03:00" endTime="2016-01-13T19:09:32.8226816-03:00" testType="13cdc9d9-ddb5-4fa4-a97d-d965ccfc6d4b" outcome="Inconclusive" testListId="8c84fa94-04c1-424b-9868-57a2d4851a1d">
      <Output>
        <ErrorInfo>
          <Message>Error de Assert.Inconclusive. Compruebe la exactitud de este método de prueba.</Message>
          <StackTrace>   en TestProject1.CachedCryRcuenCliTest.ShareDBLogonInfoTest() en D:\Proyectos.Net\Electrodomesticos\TestProject1\CachedCryRcuenCliTest.vb:línea 76
</StackTrace>
        </ErrorInfo>
      </Output>
    </UnitTestResult>
    <UnitTestResult executionId="bccdd0b0-0468-4143-85c8-ba9ae134b890" testId="ba4abc08-a1b7-fe98-b626-723fcacbd3a7" testName="IsCacheableTest" computerName="NTIVAN" duration="00:00:00.0280847" startTime="2016-01-13T19:09:32.8226816-03:00" endTime="2016-01-13T19:09:32.8539360-03:00" testType="13cdc9d9-ddb5-4fa4-a97d-d965ccfc6d4b" outcome="Failed" testListId="8c84fa94-04c1-424b-9868-57a2d4851a1d">
      <Output>
        <ErrorInfo>
          <Message>Error de Assert.AreEqual. Se esperaba &lt;False&gt;, pero es &lt;True&gt;. </Message>
          <StackTrace>   en TestProject1.CachedCryRcuenCliTest.IsCacheableTest() en D:\Proyectos.Net\Electrodomesticos\TestProject1\CachedCryRcuenCliTest.vb:línea 89
</StackTrace>
        </ErrorInfo>
      </Output>
    </UnitTestResult>
    <UnitTestResult executionId="3a0effe6-a281-435d-86a6-d95cea717c79" testId="a4bd3537-8def-4f80-1731-34924e9f5cd7" testName="CacheTimeOutTest" computerName="NTIVAN" duration="00:00:00.0260999" startTime="2016-01-13T19:09:32.8539360-03:00" endTime="2016-01-13T19:09:32.8851870-03:00" testType="13cdc9d9-ddb5-4fa4-a97d-d965ccfc6d4b" outcome="Failed" testListId="8c84fa94-04c1-424b-9868-57a2d4851a1d">
      <Output>
        <ErrorInfo>
          <Message>Error de Assert.AreEqual. Se esperaba &lt;00:00:00&gt;, pero es &lt;02:10:00&gt;. </Message>
          <StackTrace>   en TestProject1.CachedCryRcuenCliTest.CacheTimeOutTest() en D:\Proyectos.Net\Electrodomesticos\TestProject1\CachedCryRcuenCliTest.vb:línea 103
</StackTrace>
        </ErrorInfo>
      </Output>
    </UnitTestResult>
    <UnitTestResult executionId="bbfa4754-1567-42df-ab33-da528d2b01d8" testId="6374bdbb-44fc-ca9d-4ed3-b776eb1d0599" testName="GetCustomizedCacheKeyTest" computerName="NTIVAN" duration="00:00:00.0110614" startTime="2016-01-13T19:09:32.8851870-03:00" endTime="2016-01-13T19:09:32.9008116-03:00" testType="13cdc9d9-ddb5-4fa4-a97d-d965ccfc6d4b" outcome="Failed" testListId="8c84fa94-04c1-424b-9868-57a2d4851a1d">
      <Output>
        <ErrorInfo>
          <Message>Error de Assert.AreEqual. Se esperaba &lt;&gt;, pero es &lt;(null)&gt;. </Message>
          <StackTrace>   en TestProject1.CachedCryRcuenCliTest.GetCustomizedCacheKeyTest() en D:\Proyectos.Net\Electrodomesticos\TestProject1\CachedCryRcuenCliTest.vb:línea 117
</StackTrace>
        </ErrorInfo>
      </Output>
    </UnitTestResult>
    <UnitTestResult executionId="5e1d98d2-b6c9-41c2-9862-847505f98bfc" testId="4d40c7a3-99b0-4930-5cca-b071aee9869b" testName="CreateReportTest" computerName="NTIVAN" duration="00:00:00.0304185" startTime="2016-01-13T19:09:32.9164363-03:00" endTime="2016-01-13T19:09:32.9476895-03:00" testType="13cdc9d9-ddb5-4fa4-a97d-d965ccfc6d4b" outcome="Failed" testListId="8c84fa94-04c1-424b-9868-57a2d4851a1d">
      <Output>
        <ErrorInfo>
          <Message>Error de Assert.AreEqual. Se esperaba &lt;(null)&gt;, pero es &lt;Super.CryRcuenCli&gt;. </Message>
          <StackTrace>   en TestProject1.CachedCryRcuenCliTest.CreateReportTest() en D:\Proyectos.Net\Electrodomesticos\TestProject1\CachedCryRcuenCliTest.vb:línea 130
</StackTrace>
        </ErrorInfo>
      </Output>
    </UnitTestResult>
    <UnitTestResult executionId="bba930cd-7977-43f5-962a-db78b77fe0b2" testId="1b6c8988-4189-eb6b-b27e-e38d9bffe0f8" testName="CachedCryRcuenCliConstructorTest" computerName="NTIVAN" duration="00:00:00.0220562" startTime="2016-01-13T19:09:32.9476895-03:00" endTime="2016-01-13T19:09:32.9789411-03:00" testType="13cdc9d9-ddb5-4fa4-a97d-d965ccfc6d4b" outcome="Inconclusive" testListId="8c84fa94-04c1-424b-9868-57a2d4851a1d">
      <Output>
        <ErrorInfo>
          <Message>Error de Assert.Inconclusive. TODO: Implementar código para comprobar el destino</Message>
          <StackTrace>   en TestProject1.CachedCryRcuenCliTest.CachedCryRcuenCliConstructorTest() en D:\Proyectos.Net\Electrodomesticos\TestProject1\CachedCryRcuenCliTest.vb:línea 140
</StackTrace>
        </ErrorInfo>
      </Output>
    </UnitTestResult>
    <UnitTestResult executionId="50fd654f-c776-446a-8346-5d275c6f3cfa" testId="1dc52c5d-3e37-e198-b650-867f9ba58074" testName="ShareDBLogonInfoTest" computerName="NTIVAN" duration="00:00:00.0124173" startTime="2016-01-13T19:09:32.9789411-03:00" endTime="2016-01-13T19:09:32.9945680-03:00" testType="13cdc9d9-ddb5-4fa4-a97d-d965ccfc6d4b" outcome="Inconclusive" testListId="8c84fa94-04c1-424b-9868-57a2d4851a1d">
      <Output>
        <ErrorInfo>
          <Message>Error de Assert.Inconclusive. Compruebe la exactitud de este método de prueba.</Message>
          <StackTrace>   en TestProject1.CachedCryRcuenProTest.ShareDBLogonInfoTest() en D:\Proyectos.Net\Electrodomesticos\TestProject1\CachedCryRcuenProTest.vb:línea 76
</StackTrace>
        </ErrorInfo>
      </Output>
    </UnitTestResult>
    <UnitTestResult executionId="db3dbf4f-967b-4c8e-9510-2d108393c0ef" testId="441c275f-c39b-d2e3-ab42-db14ee4f6dc8" testName="IsCacheableTest" computerName="NTIVAN" duration="00:00:00.0100169" startTime="2016-01-13T19:09:33.0101915-03:00" endTime="2016-01-13T19:09:33.0258167-03:00" testType="13cdc9d9-ddb5-4fa4-a97d-d965ccfc6d4b" outcome="Failed" testListId="8c84fa94-04c1-424b-9868-57a2d4851a1d">
      <Output>
        <ErrorInfo>
          <Message>Error de Assert.AreEqual. Se esperaba &lt;False&gt;, pero es &lt;True&gt;. </Message>
          <StackTrace>   en TestProject1.CachedCryRcuenProTest.IsCacheableTest() en D:\Proyectos.Net\Electrodomesticos\TestProject1\CachedCryRcuenProTest.vb:línea 89
</StackTrace>
        </ErrorInfo>
      </Output>
    </UnitTestResult>
    <UnitTestResult executionId="2af516c2-30d3-48e1-acfe-de05e490c3a6" testId="fef00f9b-0352-e80f-0b91-72a3cc1f81c0" testName="CacheTimeOutTest" computerName="NTIVAN" duration="00:00:00.0099256" startTime="2016-01-13T19:09:33.0258167-03:00" endTime="2016-01-13T19:09:33.0414431-03:00" testType="13cdc9d9-ddb5-4fa4-a97d-d965ccfc6d4b" outcome="Failed" testListId="8c84fa94-04c1-424b-9868-57a2d4851a1d">
      <Output>
        <ErrorInfo>
          <Message>Error de Assert.AreEqual. Se esperaba &lt;00:00:00&gt;, pero es &lt;02:10:00&gt;. </Message>
          <StackTrace>   en TestProject1.CachedCryRcuenProTest.CacheTimeOutTest() en D:\Proyectos.Net\Electrodomesticos\TestProject1\CachedCryRcuenProTest.vb:línea 103
</StackTrace>
        </ErrorInfo>
      </Output>
    </UnitTestResult>
    <UnitTestResult executionId="d0267a12-962d-42ee-8ef9-823446e1deed" testId="059b06d8-72ff-d18a-8faa-030264bb8bb1" testName="GetCustomizedCacheKeyTest" computerName="NTIVAN" duration="00:00:00.0100340" startTime="2016-01-13T19:09:33.0726998-03:00" endTime="2016-01-13T19:09:33.0726998-03:00" testType="13cdc9d9-ddb5-4fa4-a97d-d965ccfc6d4b" outcome="Failed" testListId="8c84fa94-04c1-424b-9868-57a2d4851a1d">
      <Output>
        <ErrorInfo>
          <Message>Error de Assert.AreEqual. Se esperaba &lt;&gt;, pero es &lt;(null)&gt;. </Message>
          <StackTrace>   en TestProject1.CachedCryRcuenProTest.GetCustomizedCacheKeyTest() en D:\Proyectos.Net\Electrodomesticos\TestProject1\CachedCryRcuenProTest.vb:línea 117
</StackTrace>
        </ErrorInfo>
      </Output>
    </UnitTestResult>
    <UnitTestResult executionId="dee8f535-f141-4173-9c88-6f011e65ea33" testId="48ca33b3-10a1-0e5e-7c11-db830395c0b4" testName="CreateReportTest" computerName="NTIVAN" duration="00:00:00.0129328" startTime="2016-01-13T19:09:33.1195772-03:00" endTime="2016-01-13T19:09:33.1351978-03:00" testType="13cdc9d9-ddb5-4fa4-a97d-d965ccfc6d4b" outcome="Failed" testListId="8c84fa94-04c1-424b-9868-57a2d4851a1d">
      <Output>
        <ErrorInfo>
          <Message>Error de Assert.AreEqual. Se esperaba &lt;(null)&gt;, pero es &lt;Super.CryRcuenPro&gt;. </Message>
          <StackTrace>   en TestProject1.CachedCryRcuenProTest.CreateReportTest() en D:\Proyectos.Net\Electrodomesticos\TestProject1\CachedCryRcuenProTest.vb:línea 130
</StackTrace>
        </ErrorInfo>
      </Output>
    </UnitTestResult>
    <UnitTestResult executionId="9f7782bd-9e41-47d5-af90-1e73915b5f20" testId="a883e6cb-2eb2-7d7c-5bee-8183ad325696" testName="CachedCryRcuenProConstructorTest" computerName="NTIVAN" duration="00:00:00.0104337" startTime="2016-01-13T19:09:33.1351978-03:00" endTime="2016-01-13T19:09:33.1508253-03:00" testType="13cdc9d9-ddb5-4fa4-a97d-d965ccfc6d4b" outcome="Inconclusive" testListId="8c84fa94-04c1-424b-9868-57a2d4851a1d">
      <Output>
        <ErrorInfo>
          <Message>Error de Assert.Inconclusive. TODO: Implementar código para comprobar el destino</Message>
          <StackTrace>   en TestProject1.CachedCryRcuenProTest.CachedCryRcuenProConstructorTest() en D:\Proyectos.Net\Electrodomesticos\TestProject1\CachedCryRcuenProTest.vb:línea 140
</StackTrace>
        </ErrorInfo>
      </Output>
    </UnitTestResult>
    <UnitTestResult executionId="9521e964-3643-44df-a1c5-7eee17189cf3" testId="872cf683-6b93-cca5-b2ea-1cfc270ce02c" testName="ShareDBLogonInfoTest" computerName="NTIVAN" duration="00:00:00.0117901" startTime="2016-01-13T19:09:33.1508253-03:00" endTime="2016-01-13T19:09:33.1664505-03:00" testType="13cdc9d9-ddb5-4fa4-a97d-d965ccfc6d4b" outcome="Inconclusive" testListId="8c84fa94-04c1-424b-9868-57a2d4851a1d">
      <Output>
        <ErrorInfo>
          <Message>Error de Assert.Inconclusive. Compruebe la exactitud de este método de prueba.</Message>
          <StackTrace>   en TestProject1.CachedCryReciboTest.ShareDBLogonInfoTest() en D:\Proyectos.Net\Electrodomesticos\TestProject1\CachedCryReciboTest.vb:línea 76
</StackTrace>
        </ErrorInfo>
      </Output>
    </UnitTestResult>
    <UnitTestResult executionId="87676487-ad5f-41d4-a538-74719524ccf7" testId="2e7637f6-522d-7840-755d-30282e72a76f" testName="IsCacheableTest" computerName="NTIVAN" duration="00:00:00.0114429" startTime="2016-01-13T19:09:33.1664505-03:00" endTime="2016-01-13T19:09:33.1820752-03:00" testType="13cdc9d9-ddb5-4fa4-a97d-d965ccfc6d4b" outcome="Failed" testListId="8c84fa94-04c1-424b-9868-57a2d4851a1d">
      <Output>
        <ErrorInfo>
          <Message>Error de Assert.AreEqual. Se esperaba &lt;False&gt;, pero es &lt;True&gt;. </Message>
          <StackTrace>   en TestProject1.CachedCryReciboTest.IsCacheableTest() en D:\Proyectos.Net\Electrodomesticos\TestProject1\CachedCryReciboTest.vb:línea 89
</StackTrace>
        </ErrorInfo>
      </Output>
    </UnitTestResult>
    <UnitTestResult executionId="61f49552-e05e-4226-be1a-1dddde8b7dba" testId="f0c2a327-90b5-96fa-e792-d6b2243b094d" testName="CacheTimeOutTest" computerName="NTIVAN" duration="00:00:00.0111185" startTime="2016-01-13T19:09:33.1820752-03:00" endTime="2016-01-13T19:09:33.1977021-03:00" testType="13cdc9d9-ddb5-4fa4-a97d-d965ccfc6d4b" outcome="Failed" testListId="8c84fa94-04c1-424b-9868-57a2d4851a1d">
      <Output>
        <ErrorInfo>
          <Message>Error de Assert.AreEqual. Se esperaba &lt;00:00:00&gt;, pero es &lt;02:10:00&gt;. </Message>
          <StackTrace>   en TestProject1.CachedCryReciboTest.CacheTimeOutTest() en D:\Proyectos.Net\Electrodomesticos\TestProject1\CachedCryReciboTest.vb:línea 103
</StackTrace>
        </ErrorInfo>
      </Output>
    </UnitTestResult>
    <UnitTestResult executionId="1665b80e-ace3-41b9-8d30-2e30c3134922" testId="f9f3809d-e0ab-887c-e1be-efe95001befe" testName="GetCustomizedCacheKeyTest" computerName="NTIVAN" duration="00:00:00.0104388" startTime="2016-01-13T19:09:33.2133273-03:00" endTime="2016-01-13T19:09:33.2289531-03:00" testType="13cdc9d9-ddb5-4fa4-a97d-d965ccfc6d4b" outcome="Failed" testListId="8c84fa94-04c1-424b-9868-57a2d4851a1d">
      <Output>
        <ErrorInfo>
          <Message>Error de Assert.AreEqual. Se esperaba &lt;&gt;, pero es &lt;(null)&gt;. </Message>
          <StackTrace>   en TestProject1.CachedCryReciboTest.GetCustomizedCacheKeyTest() en D:\Proyectos.Net\Electrodomesticos\TestProject1\CachedCryReciboTest.vb:línea 117
</StackTrace>
        </ErrorInfo>
      </Output>
    </UnitTestResult>
    <UnitTestResult executionId="b689299e-7c24-44d9-b213-605e7e94e169" testId="3c43767c-9985-e5c5-7666-b7f244210708" testName="CreateReportTest" computerName="NTIVAN" duration="00:00:00.0266638" startTime="2016-01-13T19:09:33.2289531-03:00" endTime="2016-01-13T19:09:33.2602046-03:00" testType="13cdc9d9-ddb5-4fa4-a97d-d965ccfc6d4b" outcome="Failed" testListId="8c84fa94-04c1-424b-9868-57a2d4851a1d">
      <Output>
        <ErrorInfo>
          <Message>Error de Assert.AreEqual. Se esperaba &lt;(null)&gt;, pero es &lt;Super.CryRecibo&gt;. </Message>
          <StackTrace>   en TestProject1.CachedCryReciboTest.CreateReportTest() en D:\Proyectos.Net\Electrodomesticos\TestProject1\CachedCryReciboTest.vb:línea 130
</StackTrace>
        </ErrorInfo>
      </Output>
    </UnitTestResult>
    <UnitTestResult executionId="ccfdf5d8-1fdd-4dca-bfb3-b294e50a33be" testId="0055ee27-db03-15f0-b36a-b90c6f40ca44" testName="CachedCryReciboConstructorTest" computerName="NTIVAN" duration="00:00:00.0100106" startTime="2016-01-13T19:09:33.2602046-03:00" endTime="2016-01-13T19:09:33.2758299-03:00" testType="13cdc9d9-ddb5-4fa4-a97d-d965ccfc6d4b" outcome="Inconclusive" testListId="8c84fa94-04c1-424b-9868-57a2d4851a1d">
      <Output>
        <ErrorInfo>
          <Message>Error de Assert.Inconclusive. TODO: Implementar código para comprobar el destino</Message>
          <StackTrace>   en TestProject1.CachedCryReciboTest.CachedCryReciboConstructorTest() en D:\Proyectos.Net\Electrodomesticos\TestProject1\CachedCryReciboTest.vb:línea 140
</StackTrace>
        </ErrorInfo>
      </Output>
    </UnitTestResult>
    <UnitTestResult executionId="7a28ea7b-c80e-4ca7-8cac-e2df04557c78" testId="0308a57f-dab5-0109-ff7c-779e3e578ffc" testName="ShareDBLogonInfoTest" computerName="NTIVAN" duration="00:00:00.0122218" startTime="2016-01-13T19:09:33.2758299-03:00" endTime="2016-01-13T19:09:33.2914568-03:00" testType="13cdc9d9-ddb5-4fa4-a97d-d965ccfc6d4b" outcome="Inconclusive" testListId="8c84fa94-04c1-424b-9868-57a2d4851a1d">
      <Output>
        <ErrorInfo>
          <Message>Error de Assert.Inconclusive. Compruebe la exactitud de este método de prueba.</Message>
          <StackTrace>   en TestProject1.CachedCryRemitoTest.ShareDBLogonInfoTest() en D:\Proyectos.Net\Electrodomesticos\TestProject1\CachedCryRemitoTest.vb:línea 76
</StackTrace>
        </ErrorInfo>
      </Output>
    </UnitTestResult>
    <UnitTestResult executionId="716b7df9-5e65-4094-b907-63e1f0a0dccd" testId="f151f9c6-33e6-1ba4-c913-985f6e42a4ce" testName="IsCacheableTest" computerName="NTIVAN" duration="00:00:00.0101343" startTime="2016-01-13T19:09:33.2914568-03:00" endTime="2016-01-13T19:09:33.3070814-03:00" testType="13cdc9d9-ddb5-4fa4-a97d-d965ccfc6d4b" outcome="Failed" testListId="8c84fa94-04c1-424b-9868-57a2d4851a1d">
      <Output>
        <ErrorInfo>
          <Message>Error de Assert.AreEqual. Se esperaba &lt;False&gt;, pero es &lt;True&gt;. </Message>
          <StackTrace>   en TestProject1.CachedCryRemitoTest.IsCacheableTest() en D:\Proyectos.Net\Electrodomesticos\TestProject1\CachedCryRemitoTest.vb:línea 89
</StackTrace>
        </ErrorInfo>
      </Output>
    </UnitTestResult>
    <UnitTestResult executionId="380e6b79-c275-48d9-99cd-40edaadcb50d" testId="ae1df9b5-0bc2-98c9-8dce-3811aeb16f39" testName="CacheTimeOutTest" computerName="NTIVAN" duration="00:00:00.0099245" startTime="2016-01-13T19:09:33.3227123-03:00" endTime="2016-01-13T19:09:33.3383336-03:00" testType="13cdc9d9-ddb5-4fa4-a97d-d965ccfc6d4b" outcome="Failed" testListId="8c84fa94-04c1-424b-9868-57a2d4851a1d">
      <Output>
        <ErrorInfo>
          <Message>Error de Assert.AreEqual. Se esperaba &lt;00:00:00&gt;, pero es &lt;02:10:00&gt;. </Message>
          <StackTrace>   en TestProject1.CachedCryRemitoTest.CacheTimeOutTest() en D:\Proyectos.Net\Electrodomesticos\TestProject1\CachedCryRemitoTest.vb:línea 103
</StackTrace>
        </ErrorInfo>
      </Output>
    </UnitTestResult>
    <UnitTestResult executionId="31085163-a7f2-4237-a0e4-0a036aa30883" testId="ee6191bd-2685-9940-ab51-815288298a19" testName="GetCustomizedCacheKeyTest" computerName="NTIVAN" duration="00:00:00.0104890" startTime="2016-01-13T19:09:33.3383336-03:00" endTime="2016-01-13T19:09:33.3539582-03:00" testType="13cdc9d9-ddb5-4fa4-a97d-d965ccfc6d4b" outcome="Failed" testListId="8c84fa94-04c1-424b-9868-57a2d4851a1d">
      <Output>
        <ErrorInfo>
          <Message>Error de Assert.AreEqual. Se esperaba &lt;&gt;, pero es &lt;(null)&gt;. </Message>
          <StackTrace>   en TestProject1.CachedCryRemitoTest.GetCustomizedCacheKeyTest() en D:\Proyectos.Net\Electrodomesticos\TestProject1\CachedCryRemitoTest.vb:línea 117
</StackTrace>
        </ErrorInfo>
      </Output>
    </UnitTestResult>
    <UnitTestResult executionId="9b979570-3e05-4fe0-a516-e7c27e57f7bf" testId="1847a43c-1537-d8c4-724e-1b749234b0c3" testName="CreateReportTest" computerName="NTIVAN" duration="00:00:00.0126483" startTime="2016-01-13T19:09:33.3539582-03:00" endTime="2016-01-13T19:09:33.3695846-03:00" testType="13cdc9d9-ddb5-4fa4-a97d-d965ccfc6d4b" outcome="Failed" testListId="8c84fa94-04c1-424b-9868-57a2d4851a1d">
      <Output>
        <ErrorInfo>
          <Message>Error de Assert.AreEqual. Se esperaba &lt;(null)&gt;, pero es &lt;Super.CryRemito&gt;. </Message>
          <StackTrace>   en TestProject1.CachedCryRemitoTest.CreateReportTest() en D:\Proyectos.Net\Electrodomesticos\TestProject1\CachedCryRemitoTest.vb:línea 130
</StackTrace>
        </ErrorInfo>
      </Output>
    </UnitTestResult>
    <UnitTestResult executionId="4846b5b1-59ad-4b76-bef7-9cec603920ad" testId="9f32a4c5-7476-733b-93d9-a2bdd97616c4" testName="CachedCryRemitoConstructorTest" computerName="NTIVAN" duration="00:00:00.0097860" startTime="2016-01-13T19:09:33.3695846-03:00" endTime="2016-01-13T19:09:33.3852126-03:00" testType="13cdc9d9-ddb5-4fa4-a97d-d965ccfc6d4b" outcome="Inconclusive" testListId="8c84fa94-04c1-424b-9868-57a2d4851a1d">
      <Output>
        <ErrorInfo>
          <Message>Error de Assert.Inconclusive. TODO: Implementar código para comprobar el destino</Message>
          <StackTrace>   en TestProject1.CachedCryRemitoTest.CachedCryRemitoConstructorTest() en D:\Proyectos.Net\Electrodomesticos\TestProject1\CachedCryRemitoTest.vb:línea 140
</StackTrace>
        </ErrorInfo>
      </Output>
    </UnitTestResult>
    <UnitTestResult executionId="36188887-6761-4437-acaa-ef405f1f9c9c" testId="045954f0-58a1-44d3-7628-f98a7662279f" testName="ShareDBLogonInfoTest" computerName="NTIVAN" duration="00:00:00.0108721" startTime="2016-01-13T19:09:33.3852126-03:00" endTime="2016-01-13T19:09:33.4008378-03:00" testType="13cdc9d9-ddb5-4fa4-a97d-d965ccfc6d4b" outcome="Inconclusive" testListId="8c84fa94-04c1-424b-9868-57a2d4851a1d">
      <Output>
        <ErrorInfo>
          <Message>Error de Assert.Inconclusive. Compruebe la exactitud de este método de prueba.</Message>
          <StackTrace>   en TestProject1.CachedCrySaldosTest.ShareDBLogonInfoTest() en D:\Proyectos.Net\Electrodomesticos\TestProject1\CachedCrySaldosTest.vb:línea 76
</StackTrace>
        </ErrorInfo>
      </Output>
    </UnitTestResult>
    <UnitTestResult executionId="2364ab5d-8668-4cd7-b774-26604c1fb26d" testId="d222b6da-dd5f-6429-69cb-14ed4233f081" testName="IsCacheableTest" computerName="NTIVAN" duration="00:00:00.0095009" startTime="2016-01-13T19:09:33.4477152-03:00" endTime="2016-01-13T19:09:33.4477152-03:00" testType="13cdc9d9-ddb5-4fa4-a97d-d965ccfc6d4b" outcome="Failed" testListId="8c84fa94-04c1-424b-9868-57a2d4851a1d">
      <Output>
        <ErrorInfo>
          <Message>Error de Assert.AreEqual. Se esperaba &lt;False&gt;, pero es &lt;True&gt;. </Message>
          <StackTrace>   en TestProject1.CachedCrySaldosTest.IsCacheableTest() en D:\Proyectos.Net\Electrodomesticos\TestProject1\CachedCrySaldosTest.vb:línea 89
</StackTrace>
        </ErrorInfo>
      </Output>
    </UnitTestResult>
    <UnitTestResult executionId="e7fd2f26-5ba7-4d85-9701-991e04ae4f86" testId="525954ae-6196-8150-bd45-f4500d77c2d7" testName="CacheTimeOutTest" computerName="NTIVAN" duration="00:00:00.0102917" startTime="2016-01-13T19:09:33.4945954-03:00" endTime="2016-01-13T19:09:33.4945954-03:00" testType="13cdc9d9-ddb5-4fa4-a97d-d965ccfc6d4b" outcome="Failed" testListId="8c84fa94-04c1-424b-9868-57a2d4851a1d">
      <Output>
        <ErrorInfo>
          <Message>Error de Assert.AreEqual. Se esperaba &lt;00:00:00&gt;, pero es &lt;02:10:00&gt;. </Message>
          <StackTrace>   en TestProject1.CachedCrySaldosTest.CacheTimeOutTest() en D:\Proyectos.Net\Electrodomesticos\TestProject1\CachedCrySaldosTest.vb:línea 103
</StackTrace>
        </ErrorInfo>
      </Output>
    </UnitTestResult>
    <UnitTestResult executionId="a415ae61-c780-41b5-b988-a188fea7dd92" testId="aed3dc00-ed5a-cfea-bcf3-4aca543a63ee" testName="GetCustomizedCacheKeyTest" computerName="NTIVAN" duration="00:00:00.0226829" startTime="2016-01-13T19:09:33.5414727-03:00" endTime="2016-01-13T19:09:33.5727260-03:00" testType="13cdc9d9-ddb5-4fa4-a97d-d965ccfc6d4b" outcome="Failed" testListId="8c84fa94-04c1-424b-9868-57a2d4851a1d">
      <Output>
        <ErrorInfo>
          <Message>Error de Assert.AreEqual. Se esperaba &lt;&gt;, pero es &lt;(null)&gt;. </Message>
          <StackTrace>   en TestProject1.CachedCrySaldosTest.GetCustomizedCacheKeyTest() en D:\Proyectos.Net\Electrodomesticos\TestProject1\CachedCrySaldosTest.vb:línea 117
</StackTrace>
        </ErrorInfo>
      </Output>
    </UnitTestResult>
    <UnitTestResult executionId="68899e15-4dae-491b-8ddd-9dd5b3b4287b" testId="76810870-2418-1636-bbe8-930c32d5ff8f" testName="CreateReportTest" computerName="NTIVAN" duration="00:00:00.0261535" startTime="2016-01-13T19:09:33.6039765-03:00" endTime="2016-01-13T19:09:33.6352286-03:00" testType="13cdc9d9-ddb5-4fa4-a97d-d965ccfc6d4b" outcome="Failed" testListId="8c84fa94-04c1-424b-9868-57a2d4851a1d">
      <Output>
        <ErrorInfo>
          <Message>Error de Assert.AreEqual. Se esperaba &lt;(null)&gt;, pero es &lt;Super.CrySaldos&gt;. </Message>
          <StackTrace>   en TestProject1.CachedCrySaldosTest.CreateReportTest() en D:\Proyectos.Net\Electrodomesticos\TestProject1\CachedCrySaldosTest.vb:línea 130
</StackTrace>
        </ErrorInfo>
      </Output>
    </UnitTestResult>
    <UnitTestResult executionId="7bb32cb0-11cc-4441-b27b-fd5bdf485439" testId="a436d66d-8ea9-e3be-7bdd-223c4e68e53a" testName="CachedCrySaldosConstructorTest" computerName="NTIVAN" duration="00:00:00.0153908" startTime="2016-01-13T19:09:33.6352286-03:00" endTime="2016-01-13T19:09:33.6664756-03:00" testType="13cdc9d9-ddb5-4fa4-a97d-d965ccfc6d4b" outcome="Inconclusive" testListId="8c84fa94-04c1-424b-9868-57a2d4851a1d">
      <Output>
        <ErrorInfo>
          <Message>Error de Assert.Inconclusive. TODO: Implementar código para comprobar el destino</Message>
          <StackTrace>   en TestProject1.CachedCrySaldosTest.CachedCrySaldosConstructorTest() en D:\Proyectos.Net\Electrodomesticos\TestProject1\CachedCrySaldosTest.vb:línea 140
</StackTrace>
        </ErrorInfo>
      </Output>
    </UnitTestResult>
    <UnitTestResult executionId="53027e7f-a172-4fb1-a03c-05b28e975f20" testId="43c8ba4e-d1db-64fe-fd99-094edca978cf" testName="DtcRecibo_ComprobanteDataTableConstructorTest" computerName="NTIVAN" duration="00:00:00.1311117" startTime="2016-01-13T19:09:33.6664756-03:00" endTime="2016-01-13T19:09:33.8071077-03:00" testType="13cdc9d9-ddb5-4fa4-a97d-d965ccfc6d4b" outcome="Failed" testListId="8c84fa94-04c1-424b-9868-57a2d4851a1d">
      <Output>
        <ErrorInfo>
          <Message>El método de prueba TestProject1.DtcRecibo_ComprobanteDataTableTest.DtcRecibo_ComprobanteDataTableConstructorTest produjo la excepción:  System.NullReferenceException: Referencia a objeto no establecida como instancia de un objeto..</Message>
          <StackTrace>    en System.Data.DataTable..ctor(SerializationInfo info, StreamingContext context)
   en System.Data.TypedTableBase`1..ctor(SerializationInfo info, StreamingContext context)
   en Super.DtcRecibo.ComprobanteDataTable..ctor(SerializationInfo info, StreamingContext context) en D:\Proyectos.Net\Electrodomesticos\Dataset\DtcRecibo.Designer.vb:línea 732
   en Super.DtcRecibo_Accessor.ComprobanteDataTable..ctor(SerializationInfo info, StreamingContext context)
   en TestProject1.DtcRecibo_ComprobanteDataTableTest.DtcRecibo_ComprobanteDataTableConstructorTest() en D:\Proyectos.Net\Electrodomesticos\TestProject1\DtcRecibo_ComprobanteDataTableTest.vb:línea 67
</StackTrace>
        </ErrorInfo>
      </Output>
    </UnitTestResult>
  </Results>
</TestRun>